#
# There is insufficient memory for the Java Runtime Environment to continue.
# Native memory allocation (mmap) failed to map 37748736 bytes for G1 virtual space
# Possible reasons:
#   The system is out of physical RAM or swap space
#   The process is running with CompressedOops enabled, and the Java Heap may be blocking the growth of the native heap
# Possible solutions:
#   Reduce memory load on the system
#   Increase physical memory or swap space
#   Check if swap backing store is full
#   Decrease Java heap size (-Xmx/-Xms)
#   Decrease number of Java threads
#   Decrease Java thread stack sizes (-Xss)
#   Set larger code cache with -XX:ReservedCodeCacheSize=
#   JVM is running with Unscaled Compressed Oops mode in which the Java heap is
#     placed in the first 4GB address space. The Java Heap base address is the
#     maximum limit for the native heap growth. Please use -XX:HeapBaseMinAddress
#     to set the Java Heap base and to place the Java Heap above 4GB virtual address.
# This output file may be truncated or incomplete.
#
#  Out of Memory Error (os_windows.cpp:3532), pid=1216, tid=12192
#
# JRE version: Java(TM) SE Runtime Environment (17.0.2+8) (build 17.0.2+8-LTS-86)
# Java VM: Java HotSpot(TM) 64-Bit Server VM (17.0.2+8-LTS-86, mixed mode, sharing, tiered, compressed oops, compressed class ptrs, g1 gc, windows-amd64)
# No core dump will be written. Minidumps are not enabled by default on client versions of Windows
#

---------------  S U M M A R Y ------------

Command Line: -Dfile.encoding=UTF-8 com.thoughtworks.gauge.GaugeRuntime --start

Host: 11th Gen Intel(R) Core(TM) i5-1135G7 @ 2.40GHz, 8 cores, 7G,  Windows 10 , 64 bit Build 19041 (10.0.19041.1566)
Time: Mon Apr  4 15:01:06 2022 Turkey Standard Time elapsed time: 3.509839 seconds (0d 0h 0m 3s)

---------------  T H R E A D  ---------------

Current thread (0x00000220eeba7090):  VMThread "VM Thread" [stack: 0x0000008462e00000,0x0000008462f00000] [id=12192]

Stack: [0x0000008462e00000,0x0000008462f00000]
Native frames: (J=compiled Java code, j=interpreted, Vv=VM code, C=native code)
V  [jvm.dll+0x670baa]
V  [jvm.dll+0x7cfcb4]
V  [jvm.dll+0x7d145e]
V  [jvm.dll+0x7d1ac3]
V  [jvm.dll+0x242bc5]
V  [jvm.dll+0x66dac9]
V  [jvm.dll+0x662412]
V  [jvm.dll+0x300c0b]
V  [jvm.dll+0x3081a6]
V  [jvm.dll+0x357d0e]
V  [jvm.dll+0x357f3f]
V  [jvm.dll+0x2d7ec8]
V  [jvm.dll+0x2d6194]
V  [jvm.dll+0x2d579c]
V  [jvm.dll+0x3190eb]
V  [jvm.dll+0x7d5f9b]
V  [jvm.dll+0x7d6cd4]
V  [jvm.dll+0x7d71ec]
V  [jvm.dll+0x7d75c4]
V  [jvm.dll+0x7d7690]
V  [jvm.dll+0x77ff7a]
V  [jvm.dll+0x66fa35]
C  [ucrtbase.dll+0x21bb2]
C  [KERNEL32.DLL+0x17034]
C  [ntdll.dll+0x52651]

VM_Operation (0x0000008463bfe7b0): G1CollectForAllocation, mode: safepoint, requested by thread 0x00000220efbf3250


---------------  P R O C E S S  ---------------

Threads class SMR info:
_java_thread_list=0x00000220f0ce9d70, length=16, elements={
0x00000220d0c976e0, 0x00000220eebacb40, 0x00000220eebaf500, 0x00000220eebc35d0,
0x00000220eebc3f80, 0x00000220eebc6940, 0x00000220eebc7700, 0x00000220eebd91f0,
0x00000220eebda0a0, 0x00000220eebfbae0, 0x00000220ef9137f0, 0x00000220ef919f00,
0x00000220efbf3250, 0x00000220f0986430, 0x00000220f098ed10, 0x00000220f0b7ad90
}

Java Threads: ( => current thread )
  0x00000220d0c976e0 JavaThread "main" [_thread_blocked, id=3264, stack(0x0000008462800000,0x0000008462900000)]
  0x00000220eebacb40 JavaThread "Reference Handler" daemon [_thread_blocked, id=7180, stack(0x0000008462f00000,0x0000008463000000)]
  0x00000220eebaf500 JavaThread "Finalizer" daemon [_thread_blocked, id=15656, stack(0x0000008463000000,0x0000008463100000)]
  0x00000220eebc35d0 JavaThread "Signal Dispatcher" daemon [_thread_blocked, id=18780, stack(0x0000008463100000,0x0000008463200000)]
  0x00000220eebc3f80 JavaThread "Attach Listener" daemon [_thread_blocked, id=10208, stack(0x0000008463200000,0x0000008463300000)]
  0x00000220eebc6940 JavaThread "Service Thread" daemon [_thread_blocked, id=11212, stack(0x0000008463300000,0x0000008463400000)]
  0x00000220eebc7700 JavaThread "Monitor Deflation Thread" daemon [_thread_blocked, id=2816, stack(0x0000008463400000,0x0000008463500000)]
  0x00000220eebd91f0 JavaThread "C2 CompilerThread0" daemon [_thread_blocked, id=4148, stack(0x0000008463500000,0x0000008463600000)]
  0x00000220eebda0a0 JavaThread "C1 CompilerThread0" daemon [_thread_blocked, id=12836, stack(0x0000008463600000,0x0000008463700000)]
  0x00000220eebfbae0 JavaThread "Sweeper thread" daemon [_thread_blocked, id=12856, stack(0x0000008463700000,0x0000008463800000)]
  0x00000220ef9137f0 JavaThread "Notification Thread" daemon [_thread_blocked, id=12688, stack(0x0000008463800000,0x0000008463900000)]
  0x00000220ef919f00 JavaThread "Common-Cleaner" daemon [_thread_blocked, id=10652, stack(0x0000008463a00000,0x0000008463b00000)]
  0x00000220efbf3250 JavaThread "pool-1-thread-1" [_thread_blocked, id=2464, stack(0x0000008463b00000,0x0000008463c00000)]
  0x00000220f0986430 JavaThread "grpc-nio-boss-ELG-1-1" daemon [_thread_in_native, id=17060, stack(0x0000008464300000,0x0000008464400000)]
  0x00000220f098ed10 JavaThread "grpc-nio-worker-ELG-3-1" daemon [_thread_in_native, id=5144, stack(0x0000008464400000,0x0000008464500000)]
  0x00000220f0b7ad90 JavaThread "pool-2-thread-1" [_thread_blocked, id=11844, stack(0x0000008464500000,0x0000008464600000)]

Other Threads:
=>0x00000220eeba7090 VMThread "VM Thread" [stack: 0x0000008462e00000,0x0000008462f00000] [id=12192]
  0x00000220ef917ab0 WatcherThread [stack: 0x0000008463900000,0x0000008463a00000] [id=1668]
  0x00000220d0cd79b0 GCTaskThread "GC Thread#0" [stack: 0x0000008462900000,0x0000008462a00000] [id=18928]
  0x00000220f00ebe50 GCTaskThread "GC Thread#1" [stack: 0x0000008463c00000,0x0000008463d00000] [id=4408]
  0x00000220f06cf560 GCTaskThread "GC Thread#2" [stack: 0x0000008463d00000,0x0000008463e00000] [id=6324]
  0x00000220f021b8f0 GCTaskThread "GC Thread#3" [stack: 0x0000008463e00000,0x0000008463f00000] [id=13456]
  0x00000220f07fb170 GCTaskThread "GC Thread#4" [stack: 0x0000008463f00000,0x0000008464000000] [id=12348]
  0x00000220f084b5a0 GCTaskThread "GC Thread#5" [stack: 0x0000008464000000,0x0000008464100000] [id=2556]
  0x00000220f083cd00 GCTaskThread "GC Thread#6" [stack: 0x0000008464100000,0x0000008464200000] [id=12380]
  0x00000220f083cfb0 GCTaskThread "GC Thread#7" [stack: 0x0000008464200000,0x0000008464300000] [id=8544]
  0x00000220d0ce9fd0 ConcurrentGCThread "G1 Main Marker" [stack: 0x0000008462a00000,0x0000008462b00000] [id=12316]
  0x00000220d0cea9e0 ConcurrentGCThread "G1 Conc#0" [stack: 0x0000008462b00000,0x0000008462c00000] [id=12548]
  0x00000220eea53900 ConcurrentGCThread "G1 Refine#0" [stack: 0x0000008462c00000,0x0000008462d00000] [id=8740]
  0x00000220d0d5c910 ConcurrentGCThread "G1 Service" [stack: 0x0000008462d00000,0x0000008462e00000] [id=15112]

Threads with active compile tasks:
C2 CompilerThread0     3532 1873   !   4       org.reflections.Reflections::scan (239 bytes)

VM state: at safepoint (normal execution)

VM Mutex/Monitor currently owned by a thread:  ([mutex/lock_event])
[0x00000220d0c934b0] Threads_lock - owner thread: 0x00000220eeba7090
[0x00000220d0c93660] Heap_lock - owner thread: 0x00000220efbf3250

Heap address: 0x0000000084a00000, size: 1974 MB, Compressed Oops mode: 32-bit

CDS archive(s) mapped at: [0x0000000800000000-0x0000000800bc0000-0x0000000800bc0000), size 12320768, SharedBaseAddress: 0x0000000800000000, ArchiveRelocationMode: 0.
Compressed class space mapped at: 0x0000000800c00000-0x0000000840c00000, reserved size: 1073741824
Narrow klass base: 0x0000000800000000, Narrow klass shift: 0, Narrow klass range: 0x100000000

GC Precious Log:
 CPUs: 8 total, 8 available
 Memory: 7890M
 Large Page Support: Disabled
 NUMA Support: Disabled
 Compressed Oops: Enabled (32-bit)
 Heap Region Size: 1M
 Heap Min Capacity: 8M
 Heap Initial Capacity: 124M
 Heap Max Capacity: 1974M
 Pre-touch: Disabled
 Parallel Workers: 8
 Concurrent Workers: 2
 Concurrent Refinement Workers: 8
 Periodic GC: Disabled

Heap:
 garbage-first heap   total 183296K, used 21423K [0x0000000084a00000, 0x0000000100000000)
  region size 1024K, 8 young (8192K), 8 survivors (8192K)
 Metaspace       used 16068K, committed 16256K, reserved 1064960K
  class space    used 2045K, committed 2112K, reserved 1048576K

Heap Regions: E=young(eden), S=young(survivor), O=old, HS=humongous(starts), HC=humongous(continues), CS=collection set, F=free, OA=open archive, CA=closed archive, TAMS=top-at-mark-start (previous, next)
|   0|0x0000000084a00000, 0x0000000084b00000, 0x0000000084b00000|100%|HS|  |TAMS 0x0000000084a00000, 0x0000000084a00000| Complete 
|   1|0x0000000084b00000, 0x0000000084c00000, 0x0000000084c00000|100%|HS|  |TAMS 0x0000000084b00000, 0x0000000084b00000| Complete 
|   2|0x0000000084c00000, 0x0000000084d00000, 0x0000000084d00000|100%|HC|  |TAMS 0x0000000084c00000, 0x0000000084c00000| Complete 
|   3|0x0000000084d00000, 0x0000000084e00000, 0x0000000084e00000|100%| O|  |TAMS 0x0000000084d00000, 0x0000000084d00000| Untracked 
|   4|0x0000000084e00000, 0x0000000084f00000, 0x0000000084f00000|100%| O|  |TAMS 0x0000000084e00000, 0x0000000084e00000| Untracked 
|   5|0x0000000084f00000, 0x0000000085000000, 0x0000000085000000|100%| O|  |TAMS 0x0000000084f00000, 0x0000000084f00000| Untracked 
|   6|0x0000000085000000, 0x0000000085100000, 0x0000000085100000|100%| O|  |TAMS 0x0000000085000000, 0x0000000085000000| Untracked 
|   7|0x0000000085100000, 0x0000000085200000, 0x0000000085200000|100%| O|  |TAMS 0x0000000085100000, 0x0000000085100000| Untracked 
|   8|0x0000000085200000, 0x0000000085300000, 0x0000000085300000|100%| O|  |TAMS 0x0000000085200000, 0x0000000085200000| Untracked 
|   9|0x0000000085300000, 0x0000000085400000, 0x0000000085400000|100%| O|  |TAMS 0x0000000085300000, 0x0000000085300000| Untracked 
|  10|0x0000000085400000, 0x0000000085500000, 0x0000000085500000|100%| O|  |TAMS 0x0000000085400000, 0x0000000085400000| Untracked 
|  11|0x0000000085500000, 0x0000000085600000, 0x0000000085600000|100%| O|  |TAMS 0x0000000085500000, 0x0000000085500000| Untracked 
|  12|0x0000000085600000, 0x0000000085700000, 0x0000000085700000|100%| O|  |TAMS 0x0000000085600000, 0x0000000085600000| Untracked 
|  13|0x0000000085700000, 0x0000000085731e00, 0x0000000085800000| 19%| O|  |TAMS 0x0000000085700000, 0x0000000085700000| Untracked 
|  14|0x0000000085800000, 0x0000000085800000, 0x0000000085900000|  0%| F|  |TAMS 0x0000000085800000, 0x0000000085800000| Untracked 
|  15|0x0000000085900000, 0x0000000085900000, 0x0000000085a00000|  0%| F|  |TAMS 0x0000000085900000, 0x0000000085900000| Untracked 
|  16|0x0000000085a00000, 0x0000000085a00000, 0x0000000085b00000|  0%| F|  |TAMS 0x0000000085a00000, 0x0000000085a00000| Untracked 
|  17|0x0000000085b00000, 0x0000000085b00000, 0x0000000085c00000|  0%| F|  |TAMS 0x0000000085b00000, 0x0000000085b00000| Untracked 
|  18|0x0000000085c00000, 0x0000000085c00000, 0x0000000085d00000|  0%| F|  |TAMS 0x0000000085c00000, 0x0000000085c00000| Untracked 
|  19|0x0000000085d00000, 0x0000000085d00000, 0x0000000085e00000|  0%| F|  |TAMS 0x0000000085d00000, 0x0000000085d00000| Untracked 
|  20|0x0000000085e00000, 0x0000000085e00000, 0x0000000085f00000|  0%| F|  |TAMS 0x0000000085e00000, 0x0000000085e00000| Untracked 
|  21|0x0000000085f00000, 0x0000000085f00000, 0x0000000086000000|  0%| F|  |TAMS 0x0000000085f00000, 0x0000000085f00000| Untracked 
|  22|0x0000000086000000, 0x0000000086000000, 0x0000000086100000|  0%| F|  |TAMS 0x0000000086000000, 0x0000000086000000| Untracked 
|  23|0x0000000086100000, 0x0000000086100000, 0x0000000086200000|  0%| F|  |TAMS 0x0000000086100000, 0x0000000086100000| Untracked 
|  24|0x0000000086200000, 0x0000000086200000, 0x0000000086300000|  0%| F|  |TAMS 0x0000000086200000, 0x0000000086200000| Untracked 
|  25|0x0000000086300000, 0x0000000086300000, 0x0000000086400000|  0%| F|  |TAMS 0x0000000086300000, 0x0000000086300000| Untracked 
|  26|0x0000000086400000, 0x0000000086400000, 0x0000000086500000|  0%| F|  |TAMS 0x0000000086400000, 0x0000000086400000| Untracked 
|  27|0x0000000086500000, 0x0000000086500000, 0x0000000086600000|  0%| F|  |TAMS 0x0000000086500000, 0x0000000086500000| Untracked 
|  28|0x0000000086600000, 0x0000000086600000, 0x0000000086700000|  0%| F|  |TAMS 0x0000000086600000, 0x0000000086600000| Untracked 
|  29|0x0000000086700000, 0x0000000086700000, 0x0000000086800000|  0%| F|  |TAMS 0x0000000086700000, 0x0000000086700000| Untracked 
|  30|0x0000000086800000, 0x0000000086800000, 0x0000000086900000|  0%| F|  |TAMS 0x0000000086800000, 0x0000000086800000| Untracked 
|  31|0x0000000086900000, 0x0000000086900000, 0x0000000086a00000|  0%| F|  |TAMS 0x0000000086900000, 0x0000000086900000| Untracked 
|  32|0x0000000086a00000, 0x0000000086a00000, 0x0000000086b00000|  0%| F|  |TAMS 0x0000000086a00000, 0x0000000086a00000| Untracked 
|  33|0x0000000086b00000, 0x0000000086b00000, 0x0000000086c00000|  0%| F|  |TAMS 0x0000000086b00000, 0x0000000086b00000| Untracked 
|  34|0x0000000086c00000, 0x0000000086c00000, 0x0000000086d00000|  0%| F|  |TAMS 0x0000000086c00000, 0x0000000086c00000| Untracked 
|  35|0x0000000086d00000, 0x0000000086d00000, 0x0000000086e00000|  0%| F|  |TAMS 0x0000000086d00000, 0x0000000086d00000| Untracked 
|  36|0x0000000086e00000, 0x0000000086e00000, 0x0000000086f00000|  0%| F|  |TAMS 0x0000000086e00000, 0x0000000086e00000| Untracked 
|  37|0x0000000086f00000, 0x0000000086f00000, 0x0000000087000000|  0%| F|  |TAMS 0x0000000086f00000, 0x0000000086f00000| Untracked 
|  38|0x0000000087000000, 0x0000000087000000, 0x0000000087100000|  0%| F|  |TAMS 0x0000000087000000, 0x0000000087000000| Untracked 
|  39|0x0000000087100000, 0x0000000087100000, 0x0000000087200000|  0%| F|  |TAMS 0x0000000087100000, 0x0000000087100000| Untracked 
|  40|0x0000000087200000, 0x0000000087200000, 0x0000000087300000|  0%| F|  |TAMS 0x0000000087200000, 0x0000000087200000| Untracked 
|  41|0x0000000087300000, 0x0000000087300000, 0x0000000087400000|  0%| F|  |TAMS 0x0000000087300000, 0x0000000087300000| Untracked 
|  42|0x0000000087400000, 0x0000000087400000, 0x0000000087500000|  0%| F|  |TAMS 0x0000000087400000, 0x0000000087400000| Untracked 
|  43|0x0000000087500000, 0x0000000087500000, 0x0000000087600000|  0%| F|  |TAMS 0x0000000087500000, 0x0000000087500000| Untracked 
|  44|0x0000000087600000, 0x0000000087600000, 0x0000000087700000|  0%| F|  |TAMS 0x0000000087600000, 0x0000000087600000| Untracked 
|  45|0x0000000087700000, 0x0000000087700000, 0x0000000087800000|  0%| F|  |TAMS 0x0000000087700000, 0x0000000087700000| Untracked 
|  46|0x0000000087800000, 0x0000000087800000, 0x0000000087900000|  0%| F|  |TAMS 0x0000000087800000, 0x0000000087800000| Untracked 
|  47|0x0000000087900000, 0x0000000087900000, 0x0000000087a00000|  0%| F|  |TAMS 0x0000000087900000, 0x0000000087900000| Untracked 
|  48|0x0000000087a00000, 0x0000000087a00000, 0x0000000087b00000|  0%| F|  |TAMS 0x0000000087a00000, 0x0000000087a00000| Untracked 
|  49|0x0000000087b00000, 0x0000000087b00000, 0x0000000087c00000|  0%| F|  |TAMS 0x0000000087b00000, 0x0000000087b00000| Untracked 
|  50|0x0000000087c00000, 0x0000000087c00000, 0x0000000087d00000|  0%| F|  |TAMS 0x0000000087c00000, 0x0000000087c00000| Untracked 
|  51|0x0000000087d00000, 0x0000000087d00000, 0x0000000087e00000|  0%| F|  |TAMS 0x0000000087d00000, 0x0000000087d00000| Untracked 
|  52|0x0000000087e00000, 0x0000000087e00000, 0x0000000087f00000|  0%| F|  |TAMS 0x0000000087e00000, 0x0000000087e00000| Untracked 
|  53|0x0000000087f00000, 0x0000000087f00000, 0x0000000088000000|  0%| F|  |TAMS 0x0000000087f00000, 0x0000000087f00000| Untracked 
|  54|0x0000000088000000, 0x0000000088000000, 0x0000000088100000|  0%| F|  |TAMS 0x0000000088000000, 0x0000000088000000| Untracked 
|  55|0x0000000088100000, 0x0000000088100000, 0x0000000088200000|  0%| F|  |TAMS 0x0000000088100000, 0x0000000088100000| Untracked 
|  56|0x0000000088200000, 0x0000000088200000, 0x0000000088300000|  0%| F|  |TAMS 0x0000000088200000, 0x0000000088200000| Untracked 
|  57|0x0000000088300000, 0x0000000088300000, 0x0000000088400000|  0%| F|  |TAMS 0x0000000088300000, 0x0000000088300000| Untracked 
|  58|0x0000000088400000, 0x0000000088400000, 0x0000000088500000|  0%| F|  |TAMS 0x0000000088400000, 0x0000000088400000| Untracked 
|  59|0x0000000088500000, 0x0000000088500000, 0x0000000088600000|  0%| F|  |TAMS 0x0000000088500000, 0x0000000088500000| Untracked 
|  60|0x0000000088600000, 0x0000000088600000, 0x0000000088700000|  0%| F|  |TAMS 0x0000000088600000, 0x0000000088600000| Untracked 
|  61|0x0000000088700000, 0x0000000088700000, 0x0000000088800000|  0%| F|  |TAMS 0x0000000088700000, 0x0000000088700000| Untracked 
|  62|0x0000000088800000, 0x0000000088800000, 0x0000000088900000|  0%| F|  |TAMS 0x0000000088800000, 0x0000000088800000| Untracked 
|  63|0x0000000088900000, 0x0000000088900000, 0x0000000088a00000|  0%| F|  |TAMS 0x0000000088900000, 0x0000000088900000| Untracked 
|  64|0x0000000088a00000, 0x0000000088aba1c8, 0x0000000088b00000| 72%| S|CS|TAMS 0x0000000088a00000, 0x0000000088a00000| Complete 
|  65|0x0000000088b00000, 0x0000000088c00000, 0x0000000088c00000|100%| S|CS|TAMS 0x0000000088b00000, 0x0000000088b00000| Complete 
|  66|0x0000000088c00000, 0x0000000088d00000, 0x0000000088d00000|100%| S|CS|TAMS 0x0000000088c00000, 0x0000000088c00000| Complete 
|  67|0x0000000088d00000, 0x0000000088e00000, 0x0000000088e00000|100%| S|CS|TAMS 0x0000000088d00000, 0x0000000088d00000| Complete 
|  68|0x0000000088e00000, 0x0000000088f00000, 0x0000000088f00000|100%| S|CS|TAMS 0x0000000088e00000, 0x0000000088e00000| Complete 
|  69|0x0000000088f00000, 0x0000000089000000, 0x0000000089000000|100%| S|CS|TAMS 0x0000000088f00000, 0x0000000088f00000| Complete 
|  70|0x0000000089000000, 0x0000000089100000, 0x0000000089100000|100%| S|CS|TAMS 0x0000000089000000, 0x0000000089000000| Complete 
|  71|0x0000000089100000, 0x0000000089200000, 0x0000000089200000|100%| S|CS|TAMS 0x0000000089100000, 0x0000000089100000| Complete 
|  72|0x0000000089200000, 0x0000000089200000, 0x0000000089300000|  0%| F|  |TAMS 0x0000000089200000, 0x0000000089200000| Untracked 
|  73|0x0000000089300000, 0x0000000089300000, 0x0000000089400000|  0%| F|  |TAMS 0x0000000089300000, 0x0000000089300000| Untracked 
|  74|0x0000000089400000, 0x0000000089400000, 0x0000000089500000|  0%| F|  |TAMS 0x0000000089400000, 0x0000000089400000| Untracked 
|  75|0x0000000089500000, 0x0000000089500000, 0x0000000089600000|  0%| F|  |TAMS 0x0000000089500000, 0x0000000089500000| Untracked 
|  76|0x0000000089600000, 0x0000000089600000, 0x0000000089700000|  0%| F|  |TAMS 0x0000000089600000, 0x0000000089600000| Untracked 
|  77|0x0000000089700000, 0x0000000089700000, 0x0000000089800000|  0%| F|  |TAMS 0x0000000089700000, 0x0000000089700000| Untracked 
|  78|0x0000000089800000, 0x0000000089800000, 0x0000000089900000|  0%| F|  |TAMS 0x0000000089800000, 0x0000000089800000| Untracked 
|  79|0x0000000089900000, 0x0000000089900000, 0x0000000089a00000|  0%| F|  |TAMS 0x0000000089900000, 0x0000000089900000| Untracked 
|  80|0x0000000089a00000, 0x0000000089a00000, 0x0000000089b00000|  0%| F|  |TAMS 0x0000000089a00000, 0x0000000089a00000| Untracked 
|  81|0x0000000089b00000, 0x0000000089b00000, 0x0000000089c00000|  0%| F|  |TAMS 0x0000000089b00000, 0x0000000089b00000| Untracked 
|  82|0x0000000089c00000, 0x0000000089c00000, 0x0000000089d00000|  0%| F|  |TAMS 0x0000000089c00000, 0x0000000089c00000| Untracked 
|  83|0x0000000089d00000, 0x0000000089d00000, 0x0000000089e00000|  0%| F|  |TAMS 0x0000000089d00000, 0x0000000089d00000| Untracked 
|  84|0x0000000089e00000, 0x0000000089e00000, 0x0000000089f00000|  0%| F|  |TAMS 0x0000000089e00000, 0x0000000089e00000| Untracked 
|  85|0x0000000089f00000, 0x0000000089f00000, 0x000000008a000000|  0%| F|  |TAMS 0x0000000089f00000, 0x0000000089f00000| Untracked 
|  86|0x000000008a000000, 0x000000008a000000, 0x000000008a100000|  0%| F|  |TAMS 0x000000008a000000, 0x000000008a000000| Untracked 
|  87|0x000000008a100000, 0x000000008a100000, 0x000000008a200000|  0%| F|  |TAMS 0x000000008a100000, 0x000000008a100000| Untracked 
|  88|0x000000008a200000, 0x000000008a200000, 0x000000008a300000|  0%| F|  |TAMS 0x000000008a200000, 0x000000008a200000| Untracked 
|  89|0x000000008a300000, 0x000000008a300000, 0x000000008a400000|  0%| F|  |TAMS 0x000000008a300000, 0x000000008a300000| Untracked 
|  90|0x000000008a400000, 0x000000008a400000, 0x000000008a500000|  0%| F|  |TAMS 0x000000008a400000, 0x000000008a400000| Untracked 
|  91|0x000000008a500000, 0x000000008a500000, 0x000000008a600000|  0%| F|  |TAMS 0x000000008a500000, 0x000000008a500000| Untracked 
|  92|0x000000008a600000, 0x000000008a600000, 0x000000008a700000|  0%| F|  |TAMS 0x000000008a600000, 0x000000008a600000| Untracked 
|  93|0x000000008a700000, 0x000000008a700000, 0x000000008a800000|  0%| F|  |TAMS 0x000000008a700000, 0x000000008a700000| Untracked 
|  94|0x000000008a800000, 0x000000008a800000, 0x000000008a900000|  0%| F|  |TAMS 0x000000008a800000, 0x000000008a800000| Untracked 
|  95|0x000000008a900000, 0x000000008a900000, 0x000000008aa00000|  0%| F|  |TAMS 0x000000008a900000, 0x000000008a900000| Untracked 
|  96|0x000000008aa00000, 0x000000008aa00000, 0x000000008ab00000|  0%| F|  |TAMS 0x000000008aa00000, 0x000000008aa00000| Untracked 
|  97|0x000000008ab00000, 0x000000008ab00000, 0x000000008ac00000|  0%| F|  |TAMS 0x000000008ab00000, 0x000000008ab00000| Untracked 
|  98|0x000000008ac00000, 0x000000008ac00000, 0x000000008ad00000|  0%| F|  |TAMS 0x000000008ac00000, 0x000000008ac00000| Untracked 
|  99|0x000000008ad00000, 0x000000008ad00000, 0x000000008ae00000|  0%| F|  |TAMS 0x000000008ad00000, 0x000000008ad00000| Untracked 
| 100|0x000000008ae00000, 0x000000008ae00000, 0x000000008af00000|  0%| F|  |TAMS 0x000000008ae00000, 0x000000008ae00000| Untracked 
| 101|0x000000008af00000, 0x000000008af00000, 0x000000008b000000|  0%| F|  |TAMS 0x000000008af00000, 0x000000008af00000| Untracked 
| 102|0x000000008b000000, 0x000000008b000000, 0x000000008b100000|  0%| F|  |TAMS 0x000000008b000000, 0x000000008b000000| Untracked 
| 103|0x000000008b100000, 0x000000008b100000, 0x000000008b200000|  0%| F|  |TAMS 0x000000008b100000, 0x000000008b100000| Untracked 
| 104|0x000000008b200000, 0x000000008b200000, 0x000000008b300000|  0%| F|  |TAMS 0x000000008b200000, 0x000000008b200000| Untracked 
| 105|0x000000008b300000, 0x000000008b300000, 0x000000008b400000|  0%| F|  |TAMS 0x000000008b300000, 0x000000008b300000| Untracked 
| 106|0x000000008b400000, 0x000000008b400000, 0x000000008b500000|  0%| F|  |TAMS 0x000000008b400000, 0x000000008b400000| Untracked 
| 107|0x000000008b500000, 0x000000008b500000, 0x000000008b600000|  0%| F|  |TAMS 0x000000008b500000, 0x000000008b500000| Untracked 
| 108|0x000000008b600000, 0x000000008b600000, 0x000000008b700000|  0%| F|  |TAMS 0x000000008b600000, 0x000000008b600000| Untracked 
| 109|0x000000008b700000, 0x000000008b700000, 0x000000008b800000|  0%| F|  |TAMS 0x000000008b700000, 0x000000008b700000| Untracked 
| 110|0x000000008b800000, 0x000000008b800000, 0x000000008b900000|  0%| F|  |TAMS 0x000000008b800000, 0x000000008b800000| Untracked 
| 111|0x000000008b900000, 0x000000008b900000, 0x000000008ba00000|  0%| F|  |TAMS 0x000000008b900000, 0x000000008b900000| Untracked 
| 112|0x000000008ba00000, 0x000000008ba00000, 0x000000008bb00000|  0%| F|  |TAMS 0x000000008ba00000, 0x000000008ba00000| Untracked 
| 113|0x000000008bb00000, 0x000000008bb00000, 0x000000008bc00000|  0%| F|  |TAMS 0x000000008bb00000, 0x000000008bb00000| Untracked 
| 114|0x000000008bc00000, 0x000000008bc00000, 0x000000008bd00000|  0%| F|  |TAMS 0x000000008bc00000, 0x000000008bc00000| Untracked 
| 115|0x000000008bd00000, 0x000000008bd00000, 0x000000008be00000|  0%| F|  |TAMS 0x000000008bd00000, 0x000000008bd00000| Untracked 
| 116|0x000000008be00000, 0x000000008be00000, 0x000000008bf00000|  0%| F|  |TAMS 0x000000008be00000, 0x000000008be00000| Untracked 
| 117|0x000000008bf00000, 0x000000008bf00000, 0x000000008c000000|  0%| F|  |TAMS 0x000000008bf00000, 0x000000008bf00000| Untracked 
| 118|0x000000008c000000, 0x000000008c000000, 0x000000008c100000|  0%| F|  |TAMS 0x000000008c000000, 0x000000008c000000| Untracked 
| 119|0x000000008c100000, 0x000000008c100000, 0x000000008c200000|  0%| F|  |TAMS 0x000000008c100000, 0x000000008c100000| Untracked 
| 120|0x000000008c200000, 0x000000008c200000, 0x000000008c300000|  0%| F|  |TAMS 0x000000008c200000, 0x000000008c200000| Untracked 
| 121|0x000000008c300000, 0x000000008c300000, 0x000000008c400000|  0%| F|  |TAMS 0x000000008c300000, 0x000000008c300000| Untracked 
| 122|0x000000008c400000, 0x000000008c400000, 0x000000008c500000|  0%| F|  |TAMS 0x000000008c400000, 0x000000008c400000| Untracked 
| 123|0x000000008c500000, 0x000000008c500000, 0x000000008c600000|  0%| F|  |TAMS 0x000000008c500000, 0x000000008c500000| Untracked 
| 124|0x000000008c600000, 0x000000008c600000, 0x000000008c700000|  0%| F|  |TAMS 0x000000008c600000, 0x000000008c600000| Untracked 
| 125|0x000000008c700000, 0x000000008c700000, 0x000000008c800000|  0%| F|  |TAMS 0x000000008c700000, 0x000000008c700000| Untracked 
| 126|0x000000008c800000, 0x000000008c800000, 0x000000008c900000|  0%| F|  |TAMS 0x000000008c800000, 0x000000008c800000| Untracked 
| 127|0x000000008c900000, 0x000000008c900000, 0x000000008ca00000|  0%| F|  |TAMS 0x000000008c900000, 0x000000008c900000| Untracked 
| 128|0x000000008ca00000, 0x000000008ca00000, 0x000000008cb00000|  0%| F|  |TAMS 0x000000008ca00000, 0x000000008ca00000| Untracked 
| 129|0x000000008cb00000, 0x000000008cb00000, 0x000000008cc00000|  0%| F|  |TAMS 0x000000008cb00000, 0x000000008cb00000| Untracked 
| 130|0x000000008cc00000, 0x000000008cc00000, 0x000000008cd00000|  0%| F|  |TAMS 0x000000008cc00000, 0x000000008cc00000| Untracked 
| 131|0x000000008cd00000, 0x000000008cd00000, 0x000000008ce00000|  0%| F|  |TAMS 0x000000008cd00000, 0x000000008cd00000| Untracked 
| 132|0x000000008ce00000, 0x000000008ce00000, 0x000000008cf00000|  0%| F|  |TAMS 0x000000008ce00000, 0x000000008ce00000| Untracked 
| 133|0x000000008cf00000, 0x000000008cf00000, 0x000000008d000000|  0%| F|  |TAMS 0x000000008cf00000, 0x000000008cf00000| Untracked 
| 134|0x000000008d000000, 0x000000008d000000, 0x000000008d100000|  0%| F|  |TAMS 0x000000008d000000, 0x000000008d000000| Untracked 
| 135|0x000000008d100000, 0x000000008d100000, 0x000000008d200000|  0%| F|  |TAMS 0x000000008d100000, 0x000000008d100000| Untracked 
| 136|0x000000008d200000, 0x000000008d200000, 0x000000008d300000|  0%| F|  |TAMS 0x000000008d200000, 0x000000008d200000| Untracked 
| 137|0x000000008d300000, 0x000000008d300000, 0x000000008d400000|  0%| F|  |TAMS 0x000000008d300000, 0x000000008d300000| Untracked 
| 138|0x000000008d400000, 0x000000008d400000, 0x000000008d500000|  0%| F|  |TAMS 0x000000008d400000, 0x000000008d400000| Untracked 
| 139|0x000000008d500000, 0x000000008d500000, 0x000000008d600000|  0%| F|  |TAMS 0x000000008d500000, 0x000000008d500000| Untracked 
| 140|0x000000008d600000, 0x000000008d600000, 0x000000008d700000|  0%| F|  |TAMS 0x000000008d600000, 0x000000008d600000| Untracked 
| 141|0x000000008d700000, 0x000000008d700000, 0x000000008d800000|  0%| F|  |TAMS 0x000000008d700000, 0x000000008d700000| Untracked 
| 142|0x000000008d800000, 0x000000008d800000, 0x000000008d900000|  0%| F|  |TAMS 0x000000008d800000, 0x000000008d800000| Untracked 
| 143|0x000000008d900000, 0x000000008d900000, 0x000000008da00000|  0%| F|  |TAMS 0x000000008d900000, 0x000000008d900000| Untracked 
| 144|0x000000008da00000, 0x000000008da00000, 0x000000008db00000|  0%| F|  |TAMS 0x000000008da00000, 0x000000008da00000| Untracked 
| 145|0x000000008db00000, 0x000000008db00000, 0x000000008dc00000|  0%| F|  |TAMS 0x000000008db00000, 0x000000008db00000| Untracked 
| 146|0x000000008dc00000, 0x000000008dc00000, 0x000000008dd00000|  0%| F|  |TAMS 0x000000008dc00000, 0x000000008dc00000| Untracked 
| 147|0x000000008dd00000, 0x000000008dd00000, 0x000000008de00000|  0%| F|  |TAMS 0x000000008dd00000, 0x000000008dd00000| Untracked 
| 148|0x000000008de00000, 0x000000008de00000, 0x000000008df00000|  0%| F|  |TAMS 0x000000008de00000, 0x000000008de00000| Untracked 
| 149|0x000000008df00000, 0x000000008df00000, 0x000000008e000000|  0%| F|  |TAMS 0x000000008df00000, 0x000000008df00000| Untracked 
| 150|0x000000008e000000, 0x000000008e000000, 0x000000008e100000|  0%| F|  |TAMS 0x000000008e000000, 0x000000008e000000| Untracked 
| 151|0x000000008e100000, 0x000000008e100000, 0x000000008e200000|  0%| F|  |TAMS 0x000000008e100000, 0x000000008e100000| Untracked 
| 152|0x000000008e200000, 0x000000008e200000, 0x000000008e300000|  0%| F|  |TAMS 0x000000008e200000, 0x000000008e200000| Untracked 
| 153|0x000000008e300000, 0x000000008e300000, 0x000000008e400000|  0%| F|  |TAMS 0x000000008e300000, 0x000000008e300000| Untracked 
| 154|0x000000008e400000, 0x000000008e400000, 0x000000008e500000|  0%| F|  |TAMS 0x000000008e400000, 0x000000008e400000| Untracked 
| 155|0x000000008e500000, 0x000000008e500000, 0x000000008e600000|  0%| F|  |TAMS 0x000000008e500000, 0x000000008e500000| Untracked 
| 156|0x000000008e600000, 0x000000008e600000, 0x000000008e700000|  0%| F|  |TAMS 0x000000008e600000, 0x000000008e600000| Untracked 
| 157|0x000000008e700000, 0x000000008e700000, 0x000000008e800000|  0%| F|  |TAMS 0x000000008e700000, 0x000000008e700000| Untracked 
| 158|0x000000008e800000, 0x000000008e800000, 0x000000008e900000|  0%| F|  |TAMS 0x000000008e800000, 0x000000008e800000| Untracked 
| 159|0x000000008e900000, 0x000000008e900000, 0x000000008ea00000|  0%| F|  |TAMS 0x000000008e900000, 0x000000008e900000| Untracked 
| 160|0x000000008ea00000, 0x000000008ea00000, 0x000000008eb00000|  0%| F|  |TAMS 0x000000008ea00000, 0x000000008ea00000| Untracked 
| 161|0x000000008eb00000, 0x000000008eb00000, 0x000000008ec00000|  0%| F|  |TAMS 0x000000008eb00000, 0x000000008eb00000| Untracked 
| 162|0x000000008ec00000, 0x000000008ec00000, 0x000000008ed00000|  0%| F|  |TAMS 0x000000008ec00000, 0x000000008ec00000| Untracked 
| 163|0x000000008ed00000, 0x000000008ed00000, 0x000000008ee00000|  0%| F|  |TAMS 0x000000008ed00000, 0x000000008ed00000| Untracked 
| 164|0x000000008ee00000, 0x000000008ee00000, 0x000000008ef00000|  0%| F|  |TAMS 0x000000008ee00000, 0x000000008ee00000| Untracked 
| 165|0x000000008ef00000, 0x000000008ef00000, 0x000000008f000000|  0%| F|  |TAMS 0x000000008ef00000, 0x000000008ef00000| Untracked 
| 166|0x000000008f000000, 0x000000008f000000, 0x000000008f100000|  0%| F|  |TAMS 0x000000008f000000, 0x000000008f000000| Untracked 
| 167|0x000000008f100000, 0x000000008f100000, 0x000000008f200000|  0%| F|  |TAMS 0x000000008f100000, 0x000000008f100000| Untracked 
| 168|0x000000008f200000, 0x000000008f200000, 0x000000008f300000|  0%| F|  |TAMS 0x000000008f200000, 0x000000008f200000| Untracked 
| 169|0x000000008f300000, 0x000000008f300000, 0x000000008f400000|  0%| F|  |TAMS 0x000000008f300000, 0x000000008f300000| Untracked 
| 170|0x000000008f400000, 0x000000008f400000, 0x000000008f500000|  0%| F|  |TAMS 0x000000008f400000, 0x000000008f400000| Untracked 
| 171|0x000000008f500000, 0x000000008f500000, 0x000000008f600000|  0%| F|  |TAMS 0x000000008f500000, 0x000000008f500000| Untracked 
| 172|0x000000008f600000, 0x000000008f600000, 0x000000008f700000|  0%| F|  |TAMS 0x000000008f600000, 0x000000008f600000| Untracked 
| 173|0x000000008f700000, 0x000000008f700000, 0x000000008f800000|  0%| F|  |TAMS 0x000000008f700000, 0x000000008f700000| Untracked 
| 174|0x000000008f800000, 0x000000008f800000, 0x000000008f900000|  0%| F|  |TAMS 0x000000008f800000, 0x000000008f800000| Untracked 
| 175|0x000000008f900000, 0x000000008f900000, 0x000000008fa00000|  0%| F|  |TAMS 0x000000008f900000, 0x000000008f900000| Untracked 
| 176|0x000000008fa00000, 0x000000008fa00000, 0x000000008fb00000|  0%| F|  |TAMS 0x000000008fa00000, 0x000000008fa00000| Untracked 
| 177|0x000000008fb00000, 0x000000008fb00000, 0x000000008fc00000|  0%| F|  |TAMS 0x000000008fb00000, 0x000000008fb00000| Untracked 
| 178|0x000000008fc00000, 0x000000008fc00000, 0x000000008fd00000|  0%| F|  |TAMS 0x000000008fc00000, 0x000000008fc00000| Untracked 

Card table byte_map: [0x00000220e7bf0000,0x00000220e7fd0000] _byte_map_base: 0x00000220e77cb000

Marking Bits (Prev, Next): (CMBitMap*) 0x00000220d0cd7fc0, (CMBitMap*) 0x00000220d0cd8000
 Prev Bits: [0x00000220e83b0000, 0x00000220ea288000)
 Next Bits: [0x00000220ea290000, 0x00000220ec168000)

Polling page: 0x00000220cec60000

Metaspace:

Usage:
  Non-class:     13.69 MB used.
      Class:      2.00 MB used.
       Both:     15.69 MB used.

Virtual space:
  Non-class space:       16.00 MB reserved,      13.81 MB ( 86%) committed,  2 nodes.
      Class space:        1.00 GB reserved,       2.06 MB ( <1%) committed,  1 nodes.
             Both:        1.02 GB reserved,      15.88 MB (  2%) committed. 

Chunk freelists:
   Non-Class:  1.78 MB
       Class:  1.84 MB
        Both:  3.62 MB

MaxMetaspaceSize: unlimited
CompressedClassSpaceSize: 1.00 GB
Initial GC threshold: 21.00 MB
Current GC threshold: 21.00 MB
CDS: on
MetaspaceReclaimPolicy: balanced
 - commit_granule_bytes: 65536.
 - commit_granule_words: 8192.
 - virtual_space_node_default_size: 1048576.
 - enlarge_chunks_in_place: 1.
 - new_chunks_are_fully_committed: 0.
 - uncommit_free_chunks: 1.
 - use_allocation_guard: 0.
 - handle_deallocations: 1.


Internal statistics:

num_allocs_failed_limit: 0.
num_arena_births: 80.
num_arena_deaths: 0.
num_vsnodes_births: 3.
num_vsnodes_deaths: 0.
num_space_committed: 254.
num_space_uncommitted: 0.
num_chunks_returned_to_freelist: 0.
num_chunks_taken_from_freelist: 554.
num_chunk_merges: 0.
num_chunk_splits: 431.
num_chunks_enlarged: 379.
num_purges: 0.
num_inconsistent_stats: 0.

CodeHeap 'non-profiled nmethods': size=120000Kb used=1591Kb max_used=1591Kb free=118408Kb
 bounds [0x00000220dffb0000, 0x00000220e0220000, 0x00000220e74e0000]
CodeHeap 'profiled nmethods': size=120000Kb used=3487Kb max_used=3487Kb free=116513Kb
 bounds [0x00000220d8a80000, 0x00000220d8df0000, 0x00000220dffb0000]
CodeHeap 'non-nmethods': size=5760Kb used=1215Kb max_used=1286Kb free=4544Kb
 bounds [0x00000220d84e0000, 0x00000220d8750000, 0x00000220d8a80000]
 total_blobs=2351 nmethods=1847 adapters=417
 compilation: enabled
              stopped_count=0, restarted_count=0
 full_count=0

Compilation events (20 events):
Event: 3.190 Thread 0x00000220eebd91f0 nmethod 1867 0x00000220e0125c10 code [0x00000220e0125dc0, 0x00000220e01261d8]
Event: 3.199 Thread 0x00000220eebd91f0 1868 % !   4       org.reflections.Reflections::scan @ 99 (239 bytes)
Event: 3.359 Thread 0x00000220eebd91f0 nmethod 1868% 0x00000220e0126610 code [0x00000220e0126ac0, 0x00000220e012cdd0]
Event: 3.360 Thread 0x00000220eebd91f0 1869       4       javassist.bytecode.Descriptor$PrettyPrinter::toString (81 bytes)
Event: 3.365 Thread 0x00000220eebd91f0 nmethod 1869 0x00000220e012f790 code [0x00000220e012f960, 0x00000220e0130398]
Event: 3.368 Thread 0x00000220eebd91f0 1870       4       javassist.bytecode.LineNumberAttribute::<init> (8 bytes)
Event: 3.368 Thread 0x00000220eebda0a0 1871       3       javassist.bytecode.AttributeInfo::read (410 bytes)
Event: 3.369 Thread 0x00000220eebda0a0 nmethod 1871 0x00000220d8de3c10 code [0x00000220d8de4240, 0x00000220d8de6b68]
Event: 3.370 Thread 0x00000220eebd91f0 nmethod 1870 0x00000220e0130810 code [0x00000220e01309a0, 0x00000220e0130d78]
Event: 3.373 Thread 0x00000220eebd91f0 1872       4       javassist.bytecode.AttributeInfo::read (410 bytes)
Event: 3.432 Thread 0x00000220eebda0a0 1874       2       java.io.WinNTFileSystem::isSlash (18 bytes)
Event: 3.432 Thread 0x00000220eebda0a0 nmethod 1874 0x00000220d8de7890 code [0x00000220d8de7a20, 0x00000220d8de7b58]
Event: 3.436 Thread 0x00000220eebd91f0 nmethod 1872 0x00000220e0130f10 code [0x00000220e0131440, 0x00000220e0136570]
Event: 3.436 Thread 0x00000220eebd91f0 1875       4       java.io.WinNTFileSystem::normalize (143 bytes)
Event: 3.461 Thread 0x00000220eebd91f0 nmethod 1875 0x00000220e0138010 code [0x00000220e01382a0, 0x00000220e0139cf8]
Event: 3.461 Thread 0x00000220eebd91f0 1876       4       com.google.common.collect.AbstractIterator::hasNext (65 bytes)
Event: 3.491 Thread 0x00000220eebd91f0 nmethod 1876 0x00000220e013ab10 code [0x00000220e013ad80, 0x00000220e013c990]
Event: 3.491 Thread 0x00000220eebd91f0 1877       4       com.google.common.collect.AbstractIterator::next (34 bytes)
Event: 3.492 Thread 0x00000220eebd91f0 nmethod 1877 0x00000220e013d910 code [0x00000220e013daa0, 0x00000220e013dc88]
Event: 3.492 Thread 0x00000220eebd91f0 1873   !   4       org.reflections.Reflections::scan (239 bytes)

GC Heap History (20 events):
Event: 1.264 GC heap after
{Heap after GC invocations=6 (full 0):
 garbage-first heap   total 152576K, used 14510K [0x0000000084a00000, 0x0000000100000000)
  region size 1024K, 5 young (5120K), 5 survivors (5120K)
 Metaspace       used 16040K, committed 16256K, reserved 1064960K
  class space    used 2043K, committed 2112K, reserved 1048576K
}
Event: 1.457 GC heap before
{Heap before GC invocations=6 (full 0):
 garbage-first heap   total 152576K, used 100526K [0x0000000084a00000, 0x0000000100000000)
  region size 1024K, 89 young (91136K), 5 survivors (5120K)
 Metaspace       used 16042K, committed 16256K, reserved 1064960K
  class space    used 2043K, committed 2112K, reserved 1048576K
}
Event: 1.459 GC heap after
{Heap after GC invocations=7 (full 0):
 garbage-first heap   total 152576K, used 14641K [0x0000000084a00000, 0x0000000100000000)
  region size 1024K, 5 young (5120K), 5 survivors (5120K)
 Metaspace       used 16042K, committed 16256K, reserved 1064960K
  class space    used 2043K, committed 2112K, reserved 1048576K
}
Event: 1.655 GC heap before
{Heap before GC invocations=7 (full 0):
 garbage-first heap   total 152576K, used 100657K [0x0000000084a00000, 0x0000000100000000)
  region size 1024K, 89 young (91136K), 5 survivors (5120K)
 Metaspace       used 16042K, committed 16256K, reserved 1064960K
  class space    used 2043K, committed 2112K, reserved 1048576K
}
Event: 1.657 GC heap after
{Heap after GC invocations=8 (full 0):
 garbage-first heap   total 152576K, used 15750K [0x0000000084a00000, 0x0000000100000000)
  region size 1024K, 6 young (6144K), 6 survivors (6144K)
 Metaspace       used 16042K, committed 16256K, reserved 1064960K
  class space    used 2043K, committed 2112K, reserved 1048576K
}
Event: 1.852 GC heap before
{Heap before GC invocations=8 (full 0):
 garbage-first heap   total 152576K, used 100742K [0x0000000084a00000, 0x0000000100000000)
  region size 1024K, 89 young (91136K), 6 survivors (6144K)
 Metaspace       used 16042K, committed 16256K, reserved 1064960K
  class space    used 2043K, committed 2112K, reserved 1048576K
}
Event: 1.855 GC heap after
{Heap after GC invocations=9 (full 0):
 garbage-first heap   total 152576K, used 16271K [0x0000000084a00000, 0x0000000100000000)
  region size 1024K, 7 young (7168K), 7 survivors (7168K)
 Metaspace       used 16042K, committed 16256K, reserved 1064960K
  class space    used 2043K, committed 2112K, reserved 1048576K
}
Event: 2.261 GC heap before
{Heap before GC invocations=9 (full 0):
 garbage-first heap   total 152576K, used 100239K [0x0000000084a00000, 0x0000000100000000)
  region size 1024K, 89 young (91136K), 7 survivors (7168K)
 Metaspace       used 16047K, committed 16256K, reserved 1064960K
  class space    used 2043K, committed 2112K, reserved 1048576K
}
Event: 2.264 GC heap after
{Heap after GC invocations=10 (full 0):
 garbage-first heap   total 152576K, used 16819K [0x0000000084a00000, 0x0000000100000000)
  region size 1024K, 6 young (6144K), 6 survivors (6144K)
 Metaspace       used 16047K, committed 16256K, reserved 1064960K
  class space    used 2043K, committed 2112K, reserved 1048576K
}
Event: 2.428 GC heap before
{Heap before GC invocations=10 (full 0):
 garbage-first heap   total 152576K, used 101811K [0x0000000084a00000, 0x0000000100000000)
  region size 1024K, 89 young (91136K), 6 survivors (6144K)
 Metaspace       used 16047K, committed 16256K, reserved 1064960K
  class space    used 2043K, committed 2112K, reserved 1048576K
}
Event: 2.431 GC heap after
{Heap after GC invocations=11 (full 0):
 garbage-first heap   total 152576K, used 17598K [0x0000000084a00000, 0x0000000100000000)
  region size 1024K, 7 young (7168K), 7 survivors (7168K)
 Metaspace       used 16047K, committed 16256K, reserved 1064960K
  class space    used 2043K, committed 2112K, reserved 1048576K
}
Event: 2.595 GC heap before
{Heap before GC invocations=11 (full 0):
 garbage-first heap   total 152576K, used 101566K [0x0000000084a00000, 0x0000000100000000)
  region size 1024K, 89 young (91136K), 7 survivors (7168K)
 Metaspace       used 16049K, committed 16256K, reserved 1064960K
  class space    used 2043K, committed 2112K, reserved 1048576K
}
Event: 2.598 GC heap after
{Heap after GC invocations=12 (full 0):
 garbage-first heap   total 183296K, used 18162K [0x0000000084a00000, 0x0000000100000000)
  region size 1024K, 7 young (7168K), 7 survivors (7168K)
 Metaspace       used 16049K, committed 16256K, reserved 1064960K
  class space    used 2043K, committed 2112K, reserved 1048576K
}
Event: 2.835 GC heap before
{Heap before GC invocations=12 (full 0):
 garbage-first heap   total 183296K, used 120562K [0x0000000084a00000, 0x0000000100000000)
  region size 1024K, 107 young (109568K), 7 survivors (7168K)
 Metaspace       used 16050K, committed 16256K, reserved 1064960K
  class space    used 2043K, committed 2112K, reserved 1048576K
}
Event: 2.839 GC heap after
{Heap after GC invocations=13 (full 0):
 garbage-first heap   total 183296K, used 19184K [0x0000000084a00000, 0x0000000100000000)
  region size 1024K, 8 young (8192K), 8 survivors (8192K)
 Metaspace       used 16050K, committed 16256K, reserved 1064960K
  class space    used 2043K, committed 2112K, reserved 1048576K
}
Event: 3.038 GC heap before
{Heap before GC invocations=13 (full 0):
 garbage-first heap   total 183296K, used 120560K [0x0000000084a00000, 0x0000000100000000)
  region size 1024K, 107 young (109568K), 8 survivors (8192K)
 Metaspace       used 16057K, committed 16256K, reserved 1064960K
  class space    used 2043K, committed 2112K, reserved 1048576K
}
Event: 3.041 GC heap after
{Heap after GC invocations=14 (full 0):
 garbage-first heap   total 183296K, used 19812K [0x0000000084a00000, 0x0000000100000000)
  region size 1024K, 9 young (9216K), 9 survivors (9216K)
 Metaspace       used 16057K, committed 16256K, reserved 1064960K
  class space    used 2043K, committed 2112K, reserved 1048576K
}
Event: 3.255 GC heap before
{Heap before GC invocations=14 (full 0):
 garbage-first heap   total 183296K, used 120164K [0x0000000084a00000, 0x0000000100000000)
  region size 1024K, 107 young (109568K), 9 survivors (9216K)
 Metaspace       used 16058K, committed 16256K, reserved 1064960K
  class space    used 2043K, committed 2112K, reserved 1048576K
}
Event: 3.258 GC heap after
{Heap after GC invocations=15 (full 0):
 garbage-first heap   total 183296K, used 20484K [0x0000000084a00000, 0x0000000100000000)
  region size 1024K, 8 young (8192K), 8 survivors (8192K)
 Metaspace       used 16058K, committed 16256K, reserved 1064960K
  class space    used 2043K, committed 2112K, reserved 1048576K
}
Event: 3.496 GC heap before
{Heap before GC invocations=15 (full 0):
 garbage-first heap   total 183296K, used 121860K [0x0000000084a00000, 0x0000000100000000)
  region size 1024K, 107 young (109568K), 8 survivors (8192K)
 Metaspace       used 16068K, committed 16256K, reserved 1064960K
  class space    used 2045K, committed 2112K, reserved 1048576K
}

Deoptimization events (20 events):
Event: 3.412 Thread 0x00000220efbf3250 DEOPT PACKING pc=0x00000220d8dc5ce1 sp=0x0000008463bfead0
Event: 3.412 Thread 0x00000220efbf3250 DEOPT UNPACKING pc=0x00000220d8536763 sp=0x0000008463bfe020 mode 0
Event: 3.453 Thread 0x00000220efbf3250 DEOPT PACKING pc=0x00000220d8dc3eac sp=0x0000008463bfead0
Event: 3.453 Thread 0x00000220efbf3250 DEOPT UNPACKING pc=0x00000220d8536763 sp=0x0000008463bfe020 mode 0
Event: 3.454 Thread 0x00000220efbf3250 Uncommon trap: trap_request=0xffffffde fr.pc=0x00000220e00bf798 relative=0x0000000000004c18
Event: 3.454 Thread 0x00000220efbf3250 Uncommon trap: reason=class_check action=maybe_recompile pc=0x00000220e00bf798 method=org.reflections.adapters.JavassistAdapter.getOfCreateClassObject(Lorg/reflections/vfs/Vfs$File;)Ljavassist/bytecode/ClassFile; @ 3 c2
Event: 3.454 Thread 0x00000220efbf3250 DEOPT PACKING pc=0x00000220e00bf798 sp=0x0000008463bfea10
Event: 3.454 Thread 0x00000220efbf3250 DEOPT UNPACKING pc=0x00000220d8535c23 sp=0x0000008463bfe9b8 mode 2
Event: 3.454 Thread 0x00000220efbf3250 Uncommon trap: trap_request=0xffffffc6 fr.pc=0x00000220e00d6a14 relative=0x00000000000014b4
Event: 3.454 Thread 0x00000220efbf3250 Uncommon trap: reason=bimorphic_or_optimized_type_check action=maybe_recompile pc=0x00000220e00d6a14 method=java.io.BufferedInputStream.fill()V @ 184 c2
Event: 3.454 Thread 0x00000220efbf3250 DEOPT PACKING pc=0x00000220e00d6a14 sp=0x0000008463bfe720
Event: 3.454 Thread 0x00000220efbf3250 DEOPT UNPACKING pc=0x00000220d8535c23 sp=0x0000008463bfe758 mode 2
Event: 3.455 Thread 0x00000220efbf3250 Uncommon trap: trap_request=0xffffffde fr.pc=0x00000220e00bf798 relative=0x0000000000004c18
Event: 3.455 Thread 0x00000220efbf3250 Uncommon trap: reason=class_check action=maybe_recompile pc=0x00000220e00bf798 method=org.reflections.adapters.JavassistAdapter.getOfCreateClassObject(Lorg/reflections/vfs/Vfs$File;)Ljavassist/bytecode/ClassFile; @ 3 c2
Event: 3.455 Thread 0x00000220efbf3250 DEOPT PACKING pc=0x00000220e00bf798 sp=0x0000008463bfea10
Event: 3.455 Thread 0x00000220efbf3250 DEOPT UNPACKING pc=0x00000220d8535c23 sp=0x0000008463bfe9b8 mode 2
Event: 3.457 Thread 0x00000220efbf3250 Uncommon trap: trap_request=0xffffffc6 fr.pc=0x00000220e00d6a14 relative=0x00000000000014b4
Event: 3.457 Thread 0x00000220efbf3250 Uncommon trap: reason=bimorphic_or_optimized_type_check action=maybe_recompile pc=0x00000220e00d6a14 method=java.io.BufferedInputStream.fill()V @ 184 c2
Event: 3.457 Thread 0x00000220efbf3250 DEOPT PACKING pc=0x00000220e00d6a14 sp=0x0000008463bfe720
Event: 3.457 Thread 0x00000220efbf3250 DEOPT UNPACKING pc=0x00000220d8535c23 sp=0x0000008463bfe758 mode 2

Classes unloaded (0 events):
No events

Classes redefined (0 events):
No events

Internal exceptions (20 events):
Event: 0.157 Thread 0x00000220d0c976e0 Exception <a 'sun/nio/fs/WindowsException'{0x000000008c030ab0}> (0x000000008c030ab0) 
thrown [t:\workspace\open\src\hotspot\share\prims\jni.cpp, line 516]
Event: 0.159 Thread 0x00000220d0c976e0 Exception <a 'java/lang/NoSuchMethodError'{0x000000008c038ab8}: 'void java.lang.invoke.DirectMethodHandle$Holder.invokeVirtual(java.lang.Object, java.lang.Object)'> (0x000000008c038ab8) 
thrown [t:\workspace\open\src\hotspot\share\interpreter\linkResolver.cpp, line 766]
Event: 0.203 Thread 0x00000220d0c976e0 Exception <a 'java/lang/NoSuchMethodError'{0x000000008bea3598}: 'int java.lang.invoke.DirectMethodHandle$Holder.invokeVirtual(java.lang.Object, java.lang.Object)'> (0x000000008bea3598) 
thrown [t:\workspace\open\src\hotspot\share\interpreter\linkResolver.cpp, line 766]
Event: 0.276 Thread 0x00000220d0c976e0 Exception <a 'java/lang/NoSuchMethodError'{0x000000008b944d88}: 'int java.lang.invoke.DirectMethodHandle$Holder.invokeStaticInit(java.lang.Object, java.lang.Object, java.lang.Object)'> (0x000000008b944d88) 
thrown [t:\workspace\open\src\hotspot\share\interpreter\linkResolver.cpp, line 766]
Event: 0.289 Thread 0x00000220d0c976e0 Exception <a 'java/lang/NoSuchMethodError'{0x000000008b82a978}: 'java.lang.Object java.lang.invoke.DirectMethodHandle$Holder.newInvokeSpecial(java.lang.Object, java.lang.Object, java.lang.Object, java.lang.Object, java.lang.Object)'> (0x000000008b82a978) 
thrown [t:\workspace\open\src\hotspot\share\interpreter\linkResolver.cpp, line 766]
Event: 0.291 Thread 0x00000220d0c976e0 Exception <a 'java/lang/NoSuchMethodError'{0x000000008b83b8e0}: 'java.lang.Object java.lang.invoke.DirectMethodHandle$Holder.newInvokeSpecial(java.lang.Object, java.lang.Object, int, java.lang.Object)'> (0x000000008b83b8e0) 
thrown [t:\workspace\open\src\hotspot\share\interpreter\linkResolver.cpp, line 766]
Event: 0.291 Thread 0x00000220d0c976e0 Exception <a 'java/lang/NoSuchMethodError'{0x000000008b83fb40}: 'java.lang.Object java.lang.invoke.DirectMethodHandle$Holder.invokeSpecial(java.lang.Object, java.lang.Object, java.lang.Object, int, java.lang.Object)'> (0x000000008b83fb40) 
thrown [t:\workspace\open\src\hotspot\share\interpreter\linkResolver.cpp, line 766]
Event: 0.330 Thread 0x00000220d0c976e0 Exception <a 'java/lang/NoSuchMethodError'{0x000000008b7dc918}: 'void java.lang.invoke.DirectMethodHandle$Holder.invokeSpecial(java.lang.Object, java.lang.Object, java.lang.Object)'> (0x000000008b7dc918) 
thrown [t:\workspace\open\src\hotspot\share\interpreter\linkResolver.cpp, line 766]
Event: 0.330 Thread 0x00000220d0c976e0 Exception <a 'java/lang/NoSuchMethodError'{0x000000008b7e3600}: 'void java.lang.invoke.DirectMethodHandle$Holder.invokeStatic(java.lang.Object, java.lang.Object, java.lang.Object, java.lang.Object)'> (0x000000008b7e3600) 
thrown [t:\workspace\open\src\hotspot\share\interpreter\linkResolver.cpp, line 766]
Event: 0.336 Thread 0x00000220d0c976e0 Exception <a 'java/lang/NoSuchMethodError'{0x000000008b60e280}: 'java.lang.Object java.lang.invoke.DirectMethodHandle$Holder.newInvokeSpecial(java.lang.Object, java.lang.Object, int)'> (0x000000008b60e280) 
thrown [t:\workspace\open\src\hotspot\share\interpreter\linkResolver.cpp, line 766]
Event: 0.340 Thread 0x00000220d0c976e0 Exception <a 'java/lang/NoSuchMethodError'{0x000000008b6379b8}: 'void java.lang.invoke.DirectMethodHandle$Holder.invokeSpecial(java.lang.Object, java.lang.Object, java.lang.Object, java.lang.Object, java.lang.Object)'> (0x000000008b6379b8) 
thrown [t:\workspace\open\src\hotspot\share\interpreter\linkResolver.cpp, line 766]
Event: 0.401 Thread 0x00000220d0c976e0 Exception <a 'java/lang/NoSuchMethodError'{0x000000008b3128d0}: 'int java.lang.invoke.DirectMethodHandle$Holder.invokeSpecial(java.lang.Object, java.lang.Object, java.lang.Object)'> (0x000000008b3128d0) 
thrown [t:\workspace\open\src\hotspot\share\interpreter\linkResolver.cpp, line 766]
Event: 0.535 Thread 0x00000220d0c976e0 Exception <a 'java/lang/NoSuchMethodError'{0x000000008c2225b8}: 'java.lang.Object java.lang.invoke.DirectMethodHandle$Holder.invokeStaticInit(java.lang.Object)'> (0x000000008c2225b8) 
thrown [t:\workspace\open\src\hotspot\share\interpreter\linkResolver.cpp, line 766]
Event: 0.598 Thread 0x00000220d0c976e0 Exception <a 'java/lang/NoSuchMethodError'{0x000000008b89f580}: 'java.lang.Object java.lang.invoke.DirectMethodHandle$Holder.invokeStaticInit(java.lang.Object, int, int, int, int)'> (0x000000008b89f580) 
thrown [t:\workspace\open\src\hotspot\share\interpreter\linkResolver.cpp, line 766]
Event: 0.675 Thread 0x00000220d0c976e0 Exception <a 'java/lang/NoSuchMethodError'{0x000000008b2739c8}: 'java.lang.Object java.lang.invoke.DirectMethodHandle$Holder.invokeStaticInit(java.lang.Object, java.lang.Object, int, int, int, int)'> (0x000000008b2739c8) 
thrown [t:\workspace\open\src\hotspot\share\interpreter\linkResolver.cpp, line 766]
Event: 0.684 Thread 0x00000220d0c976e0 Exception <a 'java/lang/UnsatisfiedLinkError'{0x000000008b27ddd8}: 'int io.grpc.netty.shaded.io.netty.channel.epoll.Native.offsetofEpollData()'> (0x000000008b27ddd8) 
thrown [t:\workspace\open\src\hotspot\share\prims\nativeLookup.cpp, line 543]
Event: 0.684 Thread 0x00000220d0c976e0 Exception <a 'java/lang/ExceptionInInitializerError'{0x000000008b27eee0}> (0x000000008b27eee0) 
thrown [t:\workspace\open\src\hotspot\share\oops\instanceKlass.cpp, line 1168]
Event: 0.758 Thread 0x00000220d0c976e0 Exception <a 'java/lang/NoSuchMethodError'{0x00000000890796a8}: 'void java.lang.invoke.DirectMethodHandle$Holder.invokeInterface(java.lang.Object, java.lang.Object)'> (0x00000000890796a8) 
thrown [t:\workspace\open\src\hotspot\share\interpreter\linkResolver.cpp, line 766]
Event: 2.684 Thread 0x00000220efbf3250 Implicit null exception at 0x00000220e00dc16f to 0x00000220e00e0954
Event: 2.684 Thread 0x00000220efbf3250 Implicit null exception at 0x00000220e00b093f to 0x00000220e00b14d8

VM Operations (20 events):
Event: 1.855 Executing VM operation: G1CollectForAllocation done
Event: 2.261 Executing VM operation: G1CollectForAllocation
Event: 2.264 Executing VM operation: G1CollectForAllocation done
Event: 2.428 Executing VM operation: G1CollectForAllocation
Event: 2.431 Executing VM operation: G1CollectForAllocation done
Event: 2.595 Executing VM operation: G1CollectForAllocation
Event: 2.598 Executing VM operation: G1CollectForAllocation done
Event: 2.835 Executing VM operation: G1CollectForAllocation
Event: 2.839 Executing VM operation: G1CollectForAllocation done
Event: 3.038 Executing VM operation: G1CollectForAllocation
Event: 3.041 Executing VM operation: G1CollectForAllocation done
Event: 3.254 Executing VM operation: G1CollectForAllocation
Event: 3.258 Executing VM operation: G1CollectForAllocation done
Event: 3.452 Executing VM operation: HandshakeAllThreads
Event: 3.452 Executing VM operation: HandshakeAllThreads done
Event: 3.452 Executing VM operation: HandshakeAllThreads
Event: 3.452 Executing VM operation: HandshakeAllThreads done
Event: 3.453 Executing VM operation: HandshakeAllThreads
Event: 3.453 Executing VM operation: HandshakeAllThreads done
Event: 3.496 Executing VM operation: G1CollectForAllocation

Events (20 events):
Event: 1.057 loading class java/util/concurrent/ConcurrentLinkedQueue$Node done
Event: 1.060 loading class java/util/ServiceConfigurationError
Event: 1.060 loading class java/util/ServiceConfigurationError done
Event: 1.078 loading class sun/nio/ch/IOVecWrapper
Event: 1.078 loading class sun/nio/ch/IOVecWrapper done
Event: 1.078 loading class sun/nio/ch/AllocatedNativeObject
Event: 1.078 loading class sun/nio/ch/NativeObject
Event: 1.078 loading class sun/nio/ch/NativeObject done
Event: 1.078 loading class sun/nio/ch/AllocatedNativeObject done
Event: 1.078 loading class sun/nio/ch/IOVecWrapper$Deallocator
Event: 1.079 loading class sun/nio/ch/IOVecWrapper$Deallocator done
Event: 1.094 loading class java/util/zip/DataFormatException
Event: 1.094 loading class java/util/zip/DataFormatException done
Event: 1.125 Thread 0x00000220f0b7ad90 Thread added: 0x00000220f0b7ad90
Event: 1.126 loading class java/util/concurrent/locks/AbstractQueuedSynchronizer$SharedNode
Event: 1.126 loading class java/util/concurrent/locks/AbstractQueuedSynchronizer$Node
Event: 1.126 loading class java/util/concurrent/locks/AbstractQueuedSynchronizer$Node done
Event: 1.126 loading class java/util/concurrent/locks/AbstractQueuedSynchronizer$SharedNode done
Event: 1.126 loading class java/util/concurrent/locks/AbstractQueuedSynchronizer$ExclusiveNode
Event: 1.126 loading class java/util/concurrent/locks/AbstractQueuedSynchronizer$ExclusiveNode done


Dynamic libraries:
0x00007ff719220000 - 0x00007ff719230000 	C:\Program Files\Java\jdk-17.0.2\bin\java.exe
0x00007ff8553b0000 - 0x00007ff8555a5000 	C:\WINDOWS\SYSTEM32\ntdll.dll
0x00007ff855110000 - 0x00007ff8551ce000 	C:\WINDOWS\System32\KERNEL32.DLL
0x00007ff852b00000 - 0x00007ff852dc8000 	C:\WINDOWS\System32\KERNELBASE.dll
0x00007ff853270000 - 0x00007ff853370000 	C:\WINDOWS\System32\ucrtbase.dll
0x00007ff83c0c0000 - 0x00007ff83c0da000 	C:\Program Files\Java\jdk-17.0.2\bin\VCRUNTIME140.dll
0x00007ff83d970000 - 0x00007ff83d988000 	C:\Program Files\Java\jdk-17.0.2\bin\jli.dll
0x00007ff854a00000 - 0x00007ff854aae000 	C:\WINDOWS\System32\ADVAPI32.dll
0x00007ff854fe0000 - 0x00007ff85507e000 	C:\WINDOWS\System32\msvcrt.dll
0x00007ff8536f0000 - 0x00007ff85378c000 	C:\WINDOWS\System32\sechost.dll
0x00007ff854090000 - 0x00007ff8541b5000 	C:\WINDOWS\System32\RPCRT4.dll
0x00007ff8551d0000 - 0x00007ff855370000 	C:\WINDOWS\System32\USER32.dll
0x00007ff853120000 - 0x00007ff853142000 	C:\WINDOWS\System32\win32u.dll
0x00007ff83c790000 - 0x00007ff83ca2a000 	C:\WINDOWS\WinSxS\amd64_microsoft.windows.common-controls_6595b64144ccf1df_6.0.19041.1110_none_60b5254171f9507e\COMCTL32.dll
0x00007ff8536c0000 - 0x00007ff8536eb000 	C:\WINDOWS\System32\GDI32.dll
0x00007ff852f80000 - 0x00007ff85308b000 	C:\WINDOWS\System32\gdi32full.dll
0x00007ff853370000 - 0x00007ff85340d000 	C:\WINDOWS\System32\msvcp_win.dll
0x00007ff843d90000 - 0x00007ff843d9a000 	C:\WINDOWS\SYSTEM32\VERSION.dll
0x00007ff854e80000 - 0x00007ff854eb0000 	C:\WINDOWS\System32\IMM32.DLL
0x00007ff847440000 - 0x00007ff84744c000 	C:\Program Files\Java\jdk-17.0.2\bin\vcruntime140_1.dll
0x00007ff81e070000 - 0x00007ff81e0fd000 	C:\Program Files\Java\jdk-17.0.2\bin\msvcp140.dll
0x00007fffc5570000 - 0x00007fffc6131000 	C:\Program Files\Java\jdk-17.0.2\bin\server\jvm.dll
0x00007ff854d60000 - 0x00007ff854d68000 	C:\WINDOWS\System32\PSAPI.DLL
0x00007ff847fb0000 - 0x00007ff847fb9000 	C:\WINDOWS\SYSTEM32\WSOCK32.dll
0x00007ff8394b0000 - 0x00007ff8394d7000 	C:\WINDOWS\SYSTEM32\WINMM.dll
0x00007ff854eb0000 - 0x00007ff854f1b000 	C:\WINDOWS\System32\WS2_32.dll
0x00007ff851370000 - 0x00007ff851382000 	C:\WINDOWS\SYSTEM32\kernel.appcore.dll
0x00007ff840750000 - 0x00007ff84075a000 	C:\Program Files\Java\jdk-17.0.2\bin\jimage.dll
0x00007ff8504a0000 - 0x00007ff850684000 	C:\WINDOWS\SYSTEM32\DBGHELP.DLL
0x00007ff832550000 - 0x00007ff83257c000 	C:\WINDOWS\SYSTEM32\dbgcore.DLL
0x00007ff853090000 - 0x00007ff853112000 	C:\WINDOWS\System32\bcryptPrimitives.dll
0x00007ff82c6e0000 - 0x00007ff82c705000 	C:\Program Files\Java\jdk-17.0.2\bin\java.dll
0x00007ff816f10000 - 0x00007ff816fe6000 	C:\Program Files\Java\jdk-17.0.2\bin\jsvml.dll
0x00007ff853940000 - 0x00007ff854084000 	C:\WINDOWS\System32\SHELL32.dll
0x00007ff850b30000 - 0x00007ff8512c4000 	C:\WINDOWS\SYSTEM32\windows.storage.dll
0x00007ff8546a0000 - 0x00007ff8549f4000 	C:\WINDOWS\System32\combase.dll
0x00007ff852530000 - 0x00007ff85255c000 	C:\WINDOWS\SYSTEM32\Wldp.dll
0x00007ff854d70000 - 0x00007ff854e1d000 	C:\WINDOWS\System32\SHCORE.dll
0x00007ff853410000 - 0x00007ff853465000 	C:\WINDOWS\System32\shlwapi.dll
0x00007ff852a10000 - 0x00007ff852a2f000 	C:\WINDOWS\SYSTEM32\profapi.dll
0x00007ff82c6c0000 - 0x00007ff82c6d9000 	C:\Program Files\Java\jdk-17.0.2\bin\net.dll
0x00007ff849a80000 - 0x00007ff849b89000 	C:\WINDOWS\SYSTEM32\WINHTTP.dll
0x00007ff852290000 - 0x00007ff8522fa000 	C:\WINDOWS\system32\mswsock.dll
0x00007ff82a320000 - 0x00007ff82a336000 	C:\Program Files\Java\jdk-17.0.2\bin\nio.dll
0x00007ff82a300000 - 0x00007ff82a318000 	C:\Program Files\Java\jdk-17.0.2\bin\zip.dll
0x00007ff83d960000 - 0x00007ff83d970000 	C:\Program Files\Java\jdk-17.0.2\bin\verify.dll
0x00007ff83c550000 - 0x00007ff83c559000 	C:\Program Files\Java\jdk-17.0.2\bin\management.dll
0x00007ff83ad20000 - 0x00007ff83ad2b000 	C:\Program Files\Java\jdk-17.0.2\bin\management_ext.dll
0x00007ff828120000 - 0x00007ff82812e000 	C:\Program Files\Java\jdk-17.0.2\bin\sunmscapi.dll
0x00007ff852e20000 - 0x00007ff852f76000 	C:\WINDOWS\System32\CRYPT32.dll
0x00007ff8525a0000 - 0x00007ff8525c7000 	C:\WINDOWS\SYSTEM32\ncrypt.dll
0x00007ff852560000 - 0x00007ff85259b000 	C:\WINDOWS\SYSTEM32\NTASN1.dll
0x00007ff828110000 - 0x00007ff828117000 	C:\WINDOWS\system32\wshunix.dll
0x00007ff852480000 - 0x00007ff852498000 	C:\WINDOWS\SYSTEM32\CRYPTSP.dll
0x00007ff851ba0000 - 0x00007ff851bd4000 	C:\WINDOWS\system32\rsaenh.dll
0x00007ff852ad0000 - 0x00007ff852af7000 	C:\WINDOWS\System32\bcrypt.dll
0x00007ff8529d0000 - 0x00007ff8529fe000 	C:\WINDOWS\SYSTEM32\USERENV.dll
0x00007ff8524a0000 - 0x00007ff8524ac000 	C:\WINDOWS\SYSTEM32\CRYPTBASE.dll
0x00007ff851f30000 - 0x00007ff851f6b000 	C:\WINDOWS\SYSTEM32\IPHLPAPI.DLL
0x00007ff854fd0000 - 0x00007ff854fd8000 	C:\WINDOWS\System32\NSI.dll
0x00007ff843b20000 - 0x00007ff843b37000 	C:\WINDOWS\SYSTEM32\dhcpcsvc6.DLL
0x00007ff845770000 - 0x00007ff84578d000 	C:\WINDOWS\SYSTEM32\dhcpcsvc.DLL
0x00007ff851f70000 - 0x00007ff85203a000 	C:\WINDOWS\SYSTEM32\DNSAPI.dll
0x00007ff83a550000 - 0x00007ff83a567000 	C:\WINDOWS\system32\napinsp.dll
0x00007ff831ec0000 - 0x00007ff831edb000 	C:\WINDOWS\system32\pnrpnsp.dll
0x00007ff849ba0000 - 0x00007ff849bb5000 	C:\WINDOWS\system32\wshbth.dll
0x00007ff84dd20000 - 0x00007ff84dd3d000 	C:\WINDOWS\system32\NLAapi.dll
0x00007ff8315f0000 - 0x00007ff831602000 	C:\WINDOWS\System32\winrnr.dll
0x00007ff8456d0000 - 0x00007ff8456da000 	C:\Windows\System32\rasadhlp.dll
0x00007ff843ba0000 - 0x00007ff843c1f000 	C:\WINDOWS\System32\fwpuclnt.dll

dbghelp: loaded successfully - version: 4.0.5 - missing functions: none
symbol engine: initialized successfully - sym options: 0x614 - pdb path: .;C:\Program Files\Java\jdk-17.0.2\bin;C:\WINDOWS\SYSTEM32;C:\WINDOWS\WinSxS\amd64_microsoft.windows.common-controls_6595b64144ccf1df_6.0.19041.1110_none_60b5254171f9507e;C:\Program Files\Java\jdk-17.0.2\bin\server

VM Arguments:
jvm_args: -Dfile.encoding=UTF-8 
java_command: com.thoughtworks.gauge.GaugeRuntime --start
java_class_path (initial): C:\Users\testinium\.jdks\corretto-1.8.0_322\jre\lib\charsets.jar;C:\Users\testinium\.jdks\corretto-1.8.0_322\jre\lib\ext\access-bridge-64.jar;C:\Users\testinium\.jdks\corretto-1.8.0_322\jre\lib\ext\cldrdata.jar;C:\Users\testinium\.jdks\corretto-1.8.0_322\jre\lib\ext\dnsns.jar;C:\Users\testinium\.jdks\corretto-1.8.0_322\jre\lib\ext\jaccess.jar;C:\Users\testinium\.jdks\corretto-1.8.0_322\jre\lib\ext\jfxrt.jar;C:\Users\testinium\.jdks\corretto-1.8.0_322\jre\lib\ext\localedata.jar;C:\Users\testinium\.jdks\corretto-1.8.0_322\jre\lib\ext\nashorn.jar;C:\Users\testinium\.jdks\corretto-1.8.0_322\jre\lib\ext\sunec.jar;C:\Users\testinium\.jdks\corretto-1.8.0_322\jre\lib\ext\sunjce_provider.jar;C:\Users\testinium\.jdks\corretto-1.8.0_322\jre\lib\ext\sunmscapi.jar;C:\Users\testinium\.jdks\corretto-1.8.0_322\jre\lib\ext\sunpkcs11.jar;C:\Users\testinium\.jdks\corretto-1.8.0_322\jre\lib\ext\zipfs.jar;C:\Users\testinium\.jdks\corretto-1.8.0_322\jre\lib\jce.jar;C:\Users\testinium\.jdks\corretto-1.8.0_322\jre\lib\jfr.jar;C:\Users\testinium\.jdks\corretto-1.8.0_322\jre\lib\jfxswt.jar;C:\Users\testinium\.jdks\corretto-1.8.0_322\jre\lib\jsse.jar;C:\Users\testinium\.jdks\corretto-1.8.0_322\jre\lib\management-agent.jar;C:\Users\testinium\.jdks\corretto-1.8.0_322\jre\lib\resources.jar;C:\Users\testinium\.jdks\corretto-1.8.0_322\jre\lib\rt.jar;C:\Users\testinium\IdeaProjects\OzdilekProject\target\test-classes;C:\Users\testinium\.m2\repository\junit\junit\4.12\junit-4.12.jar;C:\Users\testinium\.m2\repository\org\hamcrest\hamcrest-core\1.3\hamcrest-core-1.3.jar;C:\Users\testinium\.m2\repository\com\thoughtworks\gauge\gauge-java\0.7.13\gauge-java-0.7.13.jar;C:\Users\testinium\.m2\repository\org\assertj\assertj-core\3.17.2\assertj-core-3.17.2.jar;C:\Users\testinium\.m2\repository\org\reflections\reflections\0.9.9\reflections-0.9.9.jar;C:\Users\testinium\.m2\repository\org\javassist\javassist\3.18.2-GA\javassist-3.18.2-GA.jar;C:\Users\testinium\.m2\repository\com\goog
Launcher Type: SUN_STANDARD

[Global flags]
     intx CICompilerCount                          = 4                                         {product} {ergonomic}
     uint ConcGCThreads                            = 2                                         {product} {ergonomic}
     uint G1ConcRefinementThreads                  = 8                                         {product} {ergonomic}
   size_t G1HeapRegionSize                         = 1048576                                   {product} {ergonomic}
    uintx GCDrainStackTargetSize                   = 64                                        {product} {ergonomic}
   size_t InitialHeapSize                          = 130023424                                 {product} {ergonomic}
   size_t MarkStackSize                            = 4194304                                   {product} {ergonomic}
   size_t MaxHeapSize                              = 2069889024                                {product} {ergonomic}
   size_t MaxNewSize                               = 1241513984                                {product} {ergonomic}
   size_t MinHeapDeltaBytes                        = 1048576                                   {product} {ergonomic}
   size_t MinHeapSize                              = 8388608                                   {product} {ergonomic}
    uintx NonNMethodCodeHeapSize                   = 5839372                                {pd product} {ergonomic}
    uintx NonProfiledCodeHeapSize                  = 122909434                              {pd product} {ergonomic}
    uintx ProfiledCodeHeapSize                     = 122909434                              {pd product} {ergonomic}
    uintx ReservedCodeCacheSize                    = 251658240                              {pd product} {ergonomic}
     bool SegmentedCodeCache                       = true                                      {product} {ergonomic}
   size_t SoftMaxHeapSize                          = 2069889024                             {manageable} {ergonomic}
     bool UseCompressedClassPointers               = true                           {product lp64_product} {ergonomic}
     bool UseCompressedOops                        = true                           {product lp64_product} {ergonomic}
     bool UseG1GC                                  = true                                      {product} {ergonomic}
     bool UseLargePagesIndividualAllocation        = false                                  {pd product} {ergonomic}

Logging:
Log output configuration:
 #0: stdout all=warning uptime,level,tags
 #1: stderr all=off uptime,level,tags

Environment Variables:
JAVA_HOME=C:\Program Files\Java\jdk-17.0.2
CLASSPATH=C:\Users\testinium\.jdks\corretto-1.8.0_322\jre\lib\charsets.jar;C:\Users\testinium\.jdks\corretto-1.8.0_322\jre\lib\ext\access-bridge-64.jar;C:\Users\testinium\.jdks\corretto-1.8.0_322\jre\lib\ext\cldrdata.jar;C:\Users\testinium\.jdks\corretto-1.8.0_322\jre\lib\ext\dnsns.jar;C:\Users\testinium\.jdks\corretto-1.8.0_322\jre\lib\ext\jaccess.jar;C:\Users\testinium\.jdks\corretto-1.8.0_322\jre\lib\ext\jfxrt.jar;C:\Users\testinium\.jdks\corretto-1.8.0_322\jre\lib\ext\localedata.jar;C:\Users\testinium\.jdks\corretto-1.8.0_322\jre\lib\ext\nashorn.jar;C:\Users\testinium\.jdks\corretto-1.8.0_322\jre\lib\ext\sunec.jar;C:\Users\testinium\.jdks\corretto-1.8.0_322\jre\lib\ext\sunjce_provider.jar;C:\Users\testinium\.jdks\corretto-1.8.0_322\jre\lib\ext\sunmscapi.jar;C:\Users\testinium\.jdks\corretto-1.8.0_322\jre\lib\ext\sunpkcs11.jar;C:\Users\testinium\.jdks\corretto-1.8.0_322\jre\lib\ext\zipfs.jar;C:\Users\testinium\.jdks\corretto-1.8.0_322\jre\lib\jce.jar;C:\Users\testinium\.jdks\corretto-1.8.0_322\jre\lib\jfr.jar;C:\Users\testinium\.jdks\corretto-1.8.0_322\jre\lib\jfxswt.jar;C:\Users\testinium\.jdks\corretto-1.8.0_322\jre\lib\jsse.jar;C:\Users\testinium\.jdks\corretto-1.8.0_322\jre\lib\management-agent.jar;C:\Users\testinium\.jdks\corretto-1.8.0_322\jre\lib\resources.jar;C:\Users\testinium\.jdks\corretto-1.8.0_322\jre\lib\rt.jar;C:\Users\testinium\IdeaProjects\OzdilekProject\target\test-classes;C:\Users\testinium\.m2\repository\junit\junit\4.12\junit-4.12.jar;C:\Users\testinium\.m2\repository\org\hamcrest\hamcrest-core\1.3\hamcrest-core-1.3.jar;C:\Users\testinium\.m2\repository\com\thoughtworks\gauge\gauge-java\0.7.13\gauge-java-0.7.13.jar;C:\Users\testinium\.m2\repository\org\assertj\assertj-core\3.17.2\assertj-core-3.17.2.jar;C:\Users\testinium\.m2\repository\org\reflections\reflections\0.9.9\reflections-0.9.9.jar;C:\Users\testinium\.m2\repository\org\javassist\javassist\3.18.2-GA\javassist-3.18.2-GA.jar;C:\Users\testinium\.m2\repository\com\google\code\findbugs\annotation
PATH=C:\Program Files\Common Files\Oracle\Java\javapath;C:\Windows\system32;C:\Windows;C:\Windows\System32\Wbem;C:\Windows\System32\WindowsPowerShell\v1.0\;C:\Windows\System32\OpenSSH\;C:\Program Files\NVIDIA Corporation\NVIDIA NvDLISR;C:\WINDOWS\system32;C:\WINDOWS;C:\WINDOWS\System32\Wbem;C:\WINDOWS\System32\WindowsPowerShell\v1.0\;C:\WINDOWS\System32\OpenSSH\;C:\Program Files\Git\cmd;C:\Program Files\nodejs\;C:\Program Files\Java\jdk-17.0.2;C:\Program Files\maven\apache-maven-3.8.5\bin;C:\Program Files\Gauge\bin;C:\Program Files\Android\Android Studio1\bin;C:\Program Files\dotnet\;C:\Program Files (x86)\Micro Focus\Unified Functional Testing\bin;C:\Users\testinium\AppData\Local\Android\Sdk\tools;C:\Users\testinium\AppData\Local\Android\Sdk\platform-tools;C:\Users\testinium\AppData\Local\Android\Sdk\build-tools;C:\Users\testinium\AppData\Local\Microsoft\WindowsApps;C:\Program Files\JetBrains\IntelliJ IDEA Community Edition 2021.3.3\bin;;C:\Users\testinium\AppData\Local\GitHubDesktop\bin;C:\Users\testinium\AppData\Roaming\npm;C:\Program Files\JetBrains\IntelliJ IDEA 2021.3.3\bin;;C:\Users\testinium\.dotnet\tools;C:\Users\testinium\AppData\Roaming\gauge\plugins\screenshot\0.0.1
USERNAME=testinium
OS=Windows_NT
PROCESSOR_IDENTIFIER=Intel64 Family 6 Model 140 Stepping 1, GenuineIntel



---------------  S Y S T E M  ---------------

OS:
 Windows 10 , 64 bit Build 19041 (10.0.19041.1566)
OS uptime: 0 days 13:11 hours

CPU: total 8 (initial active 8) (4 cores per cpu, 2 threads per core) family 6 model 140 stepping 1 microcode 0x9a, cx8, cmov, fxsr, ht, mmx, 3dnowpref, sse, sse2, sse3, ssse3, sse4.1, sse4.2, popcnt, lzcnt, tsc, tscinvbit, avx, avx2, aes, erms, clmul, bmi1, bmi2, adx, avx512f, avx512dq, avx512cd, avx512bw, avx512vl, sha, fma, vzeroupper, avx512_vpopcntdq, avx512_vpclmulqdq, avx512_vaes, avx512_vnni, clflush, clflushopt, clwb, avx512_vbmi2, avx512_vbmi

Memory: 4k page, system-wide physical 7890M (108M free)
TotalPageFile size 32466M (AvailPageFile size 15M)
current process WorkingSet (physical memory assigned to process): 239M, peak: 240M
current process commit charge ("private bytes"): 319M, peak: 355M

vm_info: Java HotSpot(TM) 64-Bit Server VM (17.0.2+8-LTS-86) for windows-amd64 JRE (17.0.2+8-LTS-86), built on Dec  7 2021 21:51:03 by "mach5one" with MS VC++ 16.8 / 16.9 (VS2019)

END.
