#
# There is insufficient memory for the Java Runtime Environment to continue.
# Native memory allocation (malloc) failed to allocate 1163024 bytes for Chunk::new
# Possible reasons:
#   The system is out of physical RAM or swap space
#   The process is running with CompressedOops enabled, and the Java Heap may be blocking the growth of the native heap
# Possible solutions:
#   Reduce memory load on the system
#   Increase physical memory or swap space
#   Check if swap backing store is full
#   Decrease Java heap size (-Xmx/-Xms)
#   Decrease number of Java threads
#   Decrease Java thread stack sizes (-Xss)
#   Set larger code cache with -XX:ReservedCodeCacheSize=
#   JVM is running with Unscaled Compressed Oops mode in which the Java heap is
#     placed in the first 4GB address space. The Java Heap base address is the
#     maximum limit for the native heap growth. Please use -XX:HeapBaseMinAddress
#     to set the Java Heap base and to place the Java Heap above 4GB virtual address.
# This output file may be truncated or incomplete.
#
#  Out of Memory Error (arena.cpp:189), pid=3692, tid=6604
#
# JRE version: Java(TM) SE Runtime Environment (17.0.2+8) (build 17.0.2+8-LTS-86)
# Java VM: Java HotSpot(TM) 64-Bit Server VM (17.0.2+8-LTS-86, mixed mode, sharing, tiered, compressed oops, compressed class ptrs, g1 gc, windows-amd64)
# No core dump will be written. Minidumps are not enabled by default on client versions of Windows
#

---------------  S U M M A R Y ------------

Command Line: -Dclassworlds.conf=C:\Program Files\maven\apache-maven-3.8.5\bin\m2.conf -Dmaven.home=C:\Program Files\maven\apache-maven-3.8.5 -Dlibrary.jansi.path=C:\Program Files\maven\apache-maven-3.8.5\lib\jansi-native -Dmaven.multiModuleProjectDirectory=C:\Users\testinium\IdeaProjects\OzdilekProject org.codehaus.plexus.classworlds.launcher.Launcher dependency:tree -Dincludes=com.thoughtworks.gauge:gauge-java

Host: 11th Gen Intel(R) Core(TM) i5-1135G7 @ 2.40GHz, 8 cores, 7G,  Windows 10 , 64 bit Build 19041 (10.0.19041.1566)
Time: Mon Apr  4 15:01:35 2022 Turkey Standard Time elapsed time: 3.302101 seconds (0d 0h 0m 3s)

---------------  T H R E A D  ---------------

Current thread (0x000001aa33ed0b00):  JavaThread "C2 CompilerThread0" daemon [_thread_in_native, id=6604, stack(0x00000092f8500000,0x00000092f8600000)]


Current CompileTask:
C2:   3302 3894   !   4       sun.nio.cs.StreamDecoder::read (196 bytes)

Stack: [0x00000092f8500000,0x00000092f8600000]
Native frames: (J=compiled Java code, j=interpreted, Vv=VM code, C=native code)
V  [jvm.dll+0x670baa]
V  [jvm.dll+0x7cfcb4]
V  [jvm.dll+0x7d145e]
V  [jvm.dll+0x7d1ac3]
V  [jvm.dll+0x242bc5]
V  [jvm.dll+0xaa57b]
V  [jvm.dll+0xaab0c]
V  [jvm.dll+0x35fd07]
V  [jvm.dll+0x32a331]
V  [jvm.dll+0x3297da]
V  [jvm.dll+0x215c91]
V  [jvm.dll+0x2150b1]
V  [jvm.dll+0x1a1bbd]
V  [jvm.dll+0x224908]
V  [jvm.dll+0x222a6c]
V  [jvm.dll+0x7859bb]
V  [jvm.dll+0x77ff7a]
V  [jvm.dll+0x66fa35]
C  [ucrtbase.dll+0x21bb2]
C  [KERNEL32.DLL+0x17034]
C  [ntdll.dll+0x52651]


---------------  P R O C E S S  ---------------

Threads class SMR info:
_java_thread_list=0x000001aa349ac2e0, length=12, elements={
0x000001aa15ffaeb0, 0x000001aa33eb2b30, 0x000001aa33eb44f0, 0x000001aa33ec8b50,
0x000001aa33ec9500, 0x000001aa33ecbec0, 0x000001aa33ecc870, 0x000001aa33ed0b00,
0x000001aa33ede9d0, 0x000001aa33ee13d0, 0x000001aa349aae70, 0x000001aa349b2f80
}

Java Threads: ( => current thread )
  0x000001aa15ffaeb0 JavaThread "main" [_thread_in_vm, id=14628, stack(0x00000092f7800000,0x00000092f7900000)]
  0x000001aa33eb2b30 JavaThread "Reference Handler" daemon [_thread_blocked, id=17712, stack(0x00000092f7f00000,0x00000092f8000000)]
  0x000001aa33eb44f0 JavaThread "Finalizer" daemon [_thread_blocked, id=6048, stack(0x00000092f8000000,0x00000092f8100000)]
  0x000001aa33ec8b50 JavaThread "Signal Dispatcher" daemon [_thread_blocked, id=12056, stack(0x00000092f8100000,0x00000092f8200000)]
  0x000001aa33ec9500 JavaThread "Attach Listener" daemon [_thread_blocked, id=16856, stack(0x00000092f8200000,0x00000092f8300000)]
  0x000001aa33ecbec0 JavaThread "Service Thread" daemon [_thread_blocked, id=10076, stack(0x00000092f8300000,0x00000092f8400000)]
  0x000001aa33ecc870 JavaThread "Monitor Deflation Thread" daemon [_thread_blocked, id=10532, stack(0x00000092f8400000,0x00000092f8500000)]
=>0x000001aa33ed0b00 JavaThread "C2 CompilerThread0" daemon [_thread_in_native, id=6604, stack(0x00000092f8500000,0x00000092f8600000)]
  0x000001aa33ede9d0 JavaThread "C1 CompilerThread0" daemon [_thread_blocked, id=1948, stack(0x00000092f8600000,0x00000092f8700000)]
  0x000001aa33ee13d0 JavaThread "Sweeper thread" daemon [_thread_blocked, id=11196, stack(0x00000092f8700000,0x00000092f8800000)]
  0x000001aa349aae70 JavaThread "Notification Thread" daemon [_thread_blocked, id=12956, stack(0x00000092f8800000,0x00000092f8900000)]
  0x000001aa349b2f80 JavaThread "Common-Cleaner" daemon [_thread_blocked, id=5324, stack(0x00000092f8a00000,0x00000092f8b00000)]

Other Threads:
  0x000001aa33eac080 VMThread "VM Thread" [stack: 0x00000092f7e00000,0x00000092f7f00000] [id=12776]
  0x000001aa1604f9a0 WatcherThread [stack: 0x00000092f8900000,0x00000092f8a00000] [id=13244]
  0x000001aa16038950 GCTaskThread "GC Thread#0" [stack: 0x00000092f7900000,0x00000092f7a00000] [id=15616]
  0x000001aa352e1640 GCTaskThread "GC Thread#1" [stack: 0x00000092f8b00000,0x00000092f8c00000] [id=19080]
  0x000001aa351d4630 GCTaskThread "GC Thread#2" [stack: 0x00000092f8c00000,0x00000092f8d00000] [id=6868]
  0x000001aa3512c710 GCTaskThread "GC Thread#3" [stack: 0x00000092f8d00000,0x00000092f8e00000] [id=4132]
  0x000001aa351bbbe0 GCTaskThread "GC Thread#4" [stack: 0x00000092f8e00000,0x00000092f8f00000] [id=5248]
  0x000001aa35199670 GCTaskThread "GC Thread#5" [stack: 0x00000092f8f00000,0x00000092f9000000] [id=18684]
  0x000001aa3517ab50 GCTaskThread "GC Thread#6" [stack: 0x00000092f9000000,0x00000092f9100000] [id=984]
  0x000001aa35781180 GCTaskThread "GC Thread#7" [stack: 0x00000092f9100000,0x00000092f9200000] [id=7552]
  0x000001aa16048f50 ConcurrentGCThread "G1 Main Marker" [stack: 0x00000092f7a00000,0x00000092f7b00000] [id=15116]
  0x000001aa16049960 ConcurrentGCThread "G1 Conc#0" [stack: 0x00000092f7b00000,0x00000092f7c00000] [id=16816]
  0x000001aa160c20f0 ConcurrentGCThread "G1 Refine#0" [stack: 0x00000092f7c00000,0x00000092f7d00000] [id=14324]
  0x000001aa160c2b10 ConcurrentGCThread "G1 Service" [stack: 0x00000092f7d00000,0x00000092f7e00000] [id=19244]

Threads with active compile tasks:
C2 CompilerThread0     3322 3894   !   4       sun.nio.cs.StreamDecoder::read (196 bytes)

VM state: not at safepoint (normal execution)

VM Mutex/Monitor currently owned by a thread: None

Heap address: 0x0000000084a00000, size: 1974 MB, Compressed Oops mode: 32-bit

CDS archive(s) mapped at: [0x0000000800000000-0x0000000800bc0000-0x0000000800bc0000), size 12320768, SharedBaseAddress: 0x0000000800000000, ArchiveRelocationMode: 0.
Compressed class space mapped at: 0x0000000800c00000-0x0000000840c00000, reserved size: 1073741824
Narrow klass base: 0x0000000800000000, Narrow klass shift: 0, Narrow klass range: 0x100000000

GC Precious Log:
 CPUs: 8 total, 8 available
 Memory: 7890M
 Large Page Support: Disabled
 NUMA Support: Disabled
 Compressed Oops: Enabled (32-bit)
 Heap Region Size: 1M
 Heap Min Capacity: 8M
 Heap Initial Capacity: 124M
 Heap Max Capacity: 1974M
 Pre-touch: Disabled
 Parallel Workers: 8
 Concurrent Workers: 2
 Concurrent Refinement Workers: 8
 Periodic GC: Disabled

Heap:
 garbage-first heap   total 126976K, used 22714K [0x0000000084a00000, 0x0000000100000000)
  region size 1024K, 18 young (18432K), 8 survivors (8192K)
 Metaspace       used 14068K, committed 14272K, reserved 1064960K
  class space    used 1551K, committed 1664K, reserved 1048576K

Heap Regions: E=young(eden), S=young(survivor), O=old, HS=humongous(starts), HC=humongous(continues), CS=collection set, F=free, OA=open archive, CA=closed archive, TAMS=top-at-mark-start (previous, next)
|   0|0x0000000084a00000, 0x0000000084b00000, 0x0000000084b00000|100%| O|  |TAMS 0x0000000084a00000, 0x0000000084a00000| Untracked 
|   1|0x0000000084b00000, 0x0000000084c00000, 0x0000000084c00000|100%| O|  |TAMS 0x0000000084b00000, 0x0000000084b00000| Untracked 
|   2|0x0000000084c00000, 0x0000000084d00000, 0x0000000084d00000|100%| O|  |TAMS 0x0000000084c00000, 0x0000000084c00000| Untracked 
|   3|0x0000000084d00000, 0x0000000084e00000, 0x0000000084e00000|100%| O|  |TAMS 0x0000000084d00000, 0x0000000084d00000| Untracked 
|   4|0x0000000084e00000, 0x0000000084f00000, 0x0000000084f00000|100%| O|  |TAMS 0x0000000084e00000, 0x0000000084e00000| Untracked 
|   5|0x0000000084f00000, 0x0000000084faea00, 0x0000000085000000| 68%| O|  |TAMS 0x0000000084f00000, 0x0000000084f00000| Untracked 
|   6|0x0000000085000000, 0x0000000085000000, 0x0000000085100000|  0%| F|  |TAMS 0x0000000085000000, 0x0000000085000000| Untracked 
|   7|0x0000000085100000, 0x0000000085100000, 0x0000000085200000|  0%| F|  |TAMS 0x0000000085100000, 0x0000000085100000| Untracked 
|   8|0x0000000085200000, 0x0000000085200000, 0x0000000085300000|  0%| F|  |TAMS 0x0000000085200000, 0x0000000085200000| Untracked 
|   9|0x0000000085300000, 0x0000000085300000, 0x0000000085400000|  0%| F|  |TAMS 0x0000000085300000, 0x0000000085300000| Untracked 
|  10|0x0000000085400000, 0x0000000085400000, 0x0000000085500000|  0%| F|  |TAMS 0x0000000085400000, 0x0000000085400000| Untracked 
|  11|0x0000000085500000, 0x0000000085500000, 0x0000000085600000|  0%| F|  |TAMS 0x0000000085500000, 0x0000000085500000| Untracked 
|  12|0x0000000085600000, 0x0000000085600000, 0x0000000085700000|  0%| F|  |TAMS 0x0000000085600000, 0x0000000085600000| Untracked 
|  13|0x0000000085700000, 0x0000000085700000, 0x0000000085800000|  0%| F|  |TAMS 0x0000000085700000, 0x0000000085700000| Untracked 
|  14|0x0000000085800000, 0x0000000085800000, 0x0000000085900000|  0%| F|  |TAMS 0x0000000085800000, 0x0000000085800000| Untracked 
|  15|0x0000000085900000, 0x0000000085900000, 0x0000000085a00000|  0%| F|  |TAMS 0x0000000085900000, 0x0000000085900000| Untracked 
|  16|0x0000000085a00000, 0x0000000085a00000, 0x0000000085b00000|  0%| F|  |TAMS 0x0000000085a00000, 0x0000000085a00000| Untracked 
|  17|0x0000000085b00000, 0x0000000085b00000, 0x0000000085c00000|  0%| F|  |TAMS 0x0000000085b00000, 0x0000000085b00000| Untracked 
|  18|0x0000000085c00000, 0x0000000085c00000, 0x0000000085d00000|  0%| F|  |TAMS 0x0000000085c00000, 0x0000000085c00000| Untracked 
|  19|0x0000000085d00000, 0x0000000085d00000, 0x0000000085e00000|  0%| F|  |TAMS 0x0000000085d00000, 0x0000000085d00000| Untracked 
|  20|0x0000000085e00000, 0x0000000085e00000, 0x0000000085f00000|  0%| F|  |TAMS 0x0000000085e00000, 0x0000000085e00000| Untracked 
|  21|0x0000000085f00000, 0x0000000085f00000, 0x0000000086000000|  0%| F|  |TAMS 0x0000000085f00000, 0x0000000085f00000| Untracked 
|  22|0x0000000086000000, 0x0000000086000000, 0x0000000086100000|  0%| F|  |TAMS 0x0000000086000000, 0x0000000086000000| Untracked 
|  23|0x0000000086100000, 0x0000000086100000, 0x0000000086200000|  0%| F|  |TAMS 0x0000000086100000, 0x0000000086100000| Untracked 
|  24|0x0000000086200000, 0x0000000086200000, 0x0000000086300000|  0%| F|  |TAMS 0x0000000086200000, 0x0000000086200000| Untracked 
|  25|0x0000000086300000, 0x0000000086300000, 0x0000000086400000|  0%| F|  |TAMS 0x0000000086300000, 0x0000000086300000| Untracked 
|  26|0x0000000086400000, 0x0000000086400000, 0x0000000086500000|  0%| F|  |TAMS 0x0000000086400000, 0x0000000086400000| Untracked 
|  27|0x0000000086500000, 0x0000000086500000, 0x0000000086600000|  0%| F|  |TAMS 0x0000000086500000, 0x0000000086500000| Untracked 
|  28|0x0000000086600000, 0x0000000086600000, 0x0000000086700000|  0%| F|  |TAMS 0x0000000086600000, 0x0000000086600000| Untracked 
|  29|0x0000000086700000, 0x0000000086700000, 0x0000000086800000|  0%| F|  |TAMS 0x0000000086700000, 0x0000000086700000| Untracked 
|  30|0x0000000086800000, 0x0000000086800000, 0x0000000086900000|  0%| F|  |TAMS 0x0000000086800000, 0x0000000086800000| Untracked 
|  31|0x0000000086900000, 0x0000000086900000, 0x0000000086a00000|  0%| F|  |TAMS 0x0000000086900000, 0x0000000086900000| Untracked 
|  32|0x0000000086a00000, 0x0000000086a00000, 0x0000000086b00000|  0%| F|  |TAMS 0x0000000086a00000, 0x0000000086a00000| Untracked 
|  33|0x0000000086b00000, 0x0000000086b00000, 0x0000000086c00000|  0%| F|  |TAMS 0x0000000086b00000, 0x0000000086b00000| Untracked 
|  34|0x0000000086c00000, 0x0000000086c00000, 0x0000000086d00000|  0%| F|  |TAMS 0x0000000086c00000, 0x0000000086c00000| Untracked 
|  35|0x0000000086d00000, 0x0000000086d00000, 0x0000000086e00000|  0%| F|  |TAMS 0x0000000086d00000, 0x0000000086d00000| Untracked 
|  36|0x0000000086e00000, 0x0000000086e00000, 0x0000000086f00000|  0%| F|  |TAMS 0x0000000086e00000, 0x0000000086e00000| Untracked 
|  37|0x0000000086f00000, 0x0000000086f00000, 0x0000000087000000|  0%| F|  |TAMS 0x0000000086f00000, 0x0000000086f00000| Untracked 
|  38|0x0000000087000000, 0x0000000087000000, 0x0000000087100000|  0%| F|  |TAMS 0x0000000087000000, 0x0000000087000000| Untracked 
|  39|0x0000000087100000, 0x0000000087100000, 0x0000000087200000|  0%| F|  |TAMS 0x0000000087100000, 0x0000000087100000| Untracked 
|  40|0x0000000087200000, 0x0000000087200000, 0x0000000087300000|  0%| F|  |TAMS 0x0000000087200000, 0x0000000087200000| Untracked 
|  41|0x0000000087300000, 0x0000000087300000, 0x0000000087400000|  0%| F|  |TAMS 0x0000000087300000, 0x0000000087300000| Untracked 
|  42|0x0000000087400000, 0x0000000087480000, 0x0000000087500000| 50%| S|CS|TAMS 0x0000000087400000, 0x0000000087400000| Complete 
|  43|0x0000000087500000, 0x0000000087500000, 0x0000000087600000|  0%| F|  |TAMS 0x0000000087500000, 0x0000000087500000| Untracked 
|  44|0x0000000087600000, 0x0000000087600000, 0x0000000087700000|  0%| F|  |TAMS 0x0000000087600000, 0x0000000087600000| Untracked 
|  45|0x0000000087700000, 0x0000000087700000, 0x0000000087800000|  0%| F|  |TAMS 0x0000000087700000, 0x0000000087700000| Untracked 
|  46|0x0000000087800000, 0x0000000087800000, 0x0000000087900000|  0%| F|  |TAMS 0x0000000087800000, 0x0000000087800000| Untracked 
|  47|0x0000000087900000, 0x0000000087900000, 0x0000000087a00000|  0%| F|  |TAMS 0x0000000087900000, 0x0000000087900000| Untracked 
|  48|0x0000000087a00000, 0x0000000087a00000, 0x0000000087b00000|  0%| F|  |TAMS 0x0000000087a00000, 0x0000000087a00000| Untracked 
|  49|0x0000000087b00000, 0x0000000087b00000, 0x0000000087c00000|  0%| F|  |TAMS 0x0000000087b00000, 0x0000000087b00000| Untracked 
|  50|0x0000000087c00000, 0x0000000087d00000, 0x0000000087d00000|100%| S|CS|TAMS 0x0000000087c00000, 0x0000000087c00000| Complete 
|  51|0x0000000087d00000, 0x0000000087e00000, 0x0000000087e00000|100%| S|CS|TAMS 0x0000000087d00000, 0x0000000087d00000| Complete 
|  52|0x0000000087e00000, 0x0000000087f00000, 0x0000000087f00000|100%| S|CS|TAMS 0x0000000087e00000, 0x0000000087e00000| Complete 
|  53|0x0000000087f00000, 0x0000000088000000, 0x0000000088000000|100%| S|CS|TAMS 0x0000000087f00000, 0x0000000087f00000| Complete 
|  54|0x0000000088000000, 0x0000000088100000, 0x0000000088100000|100%| S|CS|TAMS 0x0000000088000000, 0x0000000088000000| Complete 
|  55|0x0000000088100000, 0x0000000088200000, 0x0000000088200000|100%| S|CS|TAMS 0x0000000088100000, 0x0000000088100000| Complete 
|  56|0x0000000088200000, 0x0000000088300000, 0x0000000088300000|100%| S|CS|TAMS 0x0000000088200000, 0x0000000088200000| Complete 
|  57|0x0000000088300000, 0x0000000088300000, 0x0000000088400000|  0%| F|  |TAMS 0x0000000088300000, 0x0000000088300000| Untracked 
|  58|0x0000000088400000, 0x0000000088400000, 0x0000000088500000|  0%| F|  |TAMS 0x0000000088400000, 0x0000000088400000| Untracked 
|  59|0x0000000088500000, 0x0000000088500000, 0x0000000088600000|  0%| F|  |TAMS 0x0000000088500000, 0x0000000088500000| Untracked 
|  60|0x0000000088600000, 0x0000000088600000, 0x0000000088700000|  0%| F|  |TAMS 0x0000000088600000, 0x0000000088600000| Untracked 
|  61|0x0000000088700000, 0x0000000088700000, 0x0000000088800000|  0%| F|  |TAMS 0x0000000088700000, 0x0000000088700000| Untracked 
|  62|0x0000000088800000, 0x0000000088800000, 0x0000000088900000|  0%| F|  |TAMS 0x0000000088800000, 0x0000000088800000| Untracked 
|  63|0x0000000088900000, 0x0000000088900000, 0x0000000088a00000|  0%| F|  |TAMS 0x0000000088900000, 0x0000000088900000| Untracked 
|  64|0x0000000088a00000, 0x0000000088a00000, 0x0000000088b00000|  0%| F|  |TAMS 0x0000000088a00000, 0x0000000088a00000| Untracked 
|  65|0x0000000088b00000, 0x0000000088b00000, 0x0000000088c00000|  0%| F|  |TAMS 0x0000000088b00000, 0x0000000088b00000| Untracked 
|  66|0x0000000088c00000, 0x0000000088c00000, 0x0000000088d00000|  0%| F|  |TAMS 0x0000000088c00000, 0x0000000088c00000| Untracked 
|  67|0x0000000088d00000, 0x0000000088d00000, 0x0000000088e00000|  0%| F|  |TAMS 0x0000000088d00000, 0x0000000088d00000| Untracked 
|  68|0x0000000088e00000, 0x0000000088e00000, 0x0000000088f00000|  0%| F|  |TAMS 0x0000000088e00000, 0x0000000088e00000| Untracked 
|  69|0x0000000088f00000, 0x0000000088f00000, 0x0000000089000000|  0%| F|  |TAMS 0x0000000088f00000, 0x0000000088f00000| Untracked 
|  70|0x0000000089000000, 0x0000000089000000, 0x0000000089100000|  0%| F|  |TAMS 0x0000000089000000, 0x0000000089000000| Untracked 
|  71|0x0000000089100000, 0x0000000089100000, 0x0000000089200000|  0%| F|  |TAMS 0x0000000089100000, 0x0000000089100000| Untracked 
|  72|0x0000000089200000, 0x0000000089200000, 0x0000000089300000|  0%| F|  |TAMS 0x0000000089200000, 0x0000000089200000| Untracked 
|  73|0x0000000089300000, 0x0000000089300000, 0x0000000089400000|  0%| F|  |TAMS 0x0000000089300000, 0x0000000089300000| Untracked 
|  74|0x0000000089400000, 0x0000000089400000, 0x0000000089500000|  0%| F|  |TAMS 0x0000000089400000, 0x0000000089400000| Untracked 
|  75|0x0000000089500000, 0x0000000089500000, 0x0000000089600000|  0%| F|  |TAMS 0x0000000089500000, 0x0000000089500000| Untracked 
|  76|0x0000000089600000, 0x0000000089600000, 0x0000000089700000|  0%| F|  |TAMS 0x0000000089600000, 0x0000000089600000| Untracked 
|  77|0x0000000089700000, 0x0000000089700000, 0x0000000089800000|  0%| F|  |TAMS 0x0000000089700000, 0x0000000089700000| Untracked 
|  78|0x0000000089800000, 0x0000000089800000, 0x0000000089900000|  0%| F|  |TAMS 0x0000000089800000, 0x0000000089800000| Untracked 
|  79|0x0000000089900000, 0x0000000089900000, 0x0000000089a00000|  0%| F|  |TAMS 0x0000000089900000, 0x0000000089900000| Untracked 
|  80|0x0000000089a00000, 0x0000000089a00000, 0x0000000089b00000|  0%| F|  |TAMS 0x0000000089a00000, 0x0000000089a00000| Untracked 
|  81|0x0000000089b00000, 0x0000000089b00000, 0x0000000089c00000|  0%| F|  |TAMS 0x0000000089b00000, 0x0000000089b00000| Untracked 
|  82|0x0000000089c00000, 0x0000000089c00000, 0x0000000089d00000|  0%| F|  |TAMS 0x0000000089c00000, 0x0000000089c00000| Untracked 
|  83|0x0000000089d00000, 0x0000000089d00000, 0x0000000089e00000|  0%| F|  |TAMS 0x0000000089d00000, 0x0000000089d00000| Untracked 
|  84|0x0000000089e00000, 0x0000000089e00000, 0x0000000089f00000|  0%| F|  |TAMS 0x0000000089e00000, 0x0000000089e00000| Untracked 
|  85|0x0000000089f00000, 0x0000000089f00000, 0x000000008a000000|  0%| F|  |TAMS 0x0000000089f00000, 0x0000000089f00000| Untracked 
|  86|0x000000008a000000, 0x000000008a000000, 0x000000008a100000|  0%| F|  |TAMS 0x000000008a000000, 0x000000008a000000| Untracked 
|  87|0x000000008a100000, 0x000000008a100000, 0x000000008a200000|  0%| F|  |TAMS 0x000000008a100000, 0x000000008a100000| Untracked 
|  88|0x000000008a200000, 0x000000008a200000, 0x000000008a300000|  0%| F|  |TAMS 0x000000008a200000, 0x000000008a200000| Untracked 
|  89|0x000000008a300000, 0x000000008a300000, 0x000000008a400000|  0%| F|  |TAMS 0x000000008a300000, 0x000000008a300000| Untracked 
|  90|0x000000008a400000, 0x000000008a400000, 0x000000008a500000|  0%| F|  |TAMS 0x000000008a400000, 0x000000008a400000| Untracked 
|  91|0x000000008a500000, 0x000000008a500000, 0x000000008a600000|  0%| F|  |TAMS 0x000000008a500000, 0x000000008a500000| Untracked 
|  92|0x000000008a600000, 0x000000008a600000, 0x000000008a700000|  0%| F|  |TAMS 0x000000008a600000, 0x000000008a600000| Untracked 
|  93|0x000000008a700000, 0x000000008a700000, 0x000000008a800000|  0%| F|  |TAMS 0x000000008a700000, 0x000000008a700000| Untracked 
|  94|0x000000008a800000, 0x000000008a800000, 0x000000008a900000|  0%| F|  |TAMS 0x000000008a800000, 0x000000008a800000| Untracked 
|  95|0x000000008a900000, 0x000000008a900000, 0x000000008aa00000|  0%| F|  |TAMS 0x000000008a900000, 0x000000008a900000| Untracked 
|  96|0x000000008aa00000, 0x000000008aa00000, 0x000000008ab00000|  0%| F|  |TAMS 0x000000008aa00000, 0x000000008aa00000| Untracked 
|  97|0x000000008ab00000, 0x000000008ab00000, 0x000000008ac00000|  0%| F|  |TAMS 0x000000008ab00000, 0x000000008ab00000| Untracked 
|  98|0x000000008ac00000, 0x000000008ac00000, 0x000000008ad00000|  0%| F|  |TAMS 0x000000008ac00000, 0x000000008ac00000| Untracked 
|  99|0x000000008ad00000, 0x000000008ad00000, 0x000000008ae00000|  0%| F|  |TAMS 0x000000008ad00000, 0x000000008ad00000| Untracked 
| 100|0x000000008ae00000, 0x000000008ae00000, 0x000000008af00000|  0%| F|  |TAMS 0x000000008ae00000, 0x000000008ae00000| Untracked 
| 101|0x000000008af00000, 0x000000008af00000, 0x000000008b000000|  0%| F|  |TAMS 0x000000008af00000, 0x000000008af00000| Untracked 
| 102|0x000000008b000000, 0x000000008b000000, 0x000000008b100000|  0%| F|  |TAMS 0x000000008b000000, 0x000000008b000000| Untracked 
| 103|0x000000008b100000, 0x000000008b100000, 0x000000008b200000|  0%| F|  |TAMS 0x000000008b100000, 0x000000008b100000| Untracked 
| 104|0x000000008b200000, 0x000000008b200000, 0x000000008b300000|  0%| F|  |TAMS 0x000000008b200000, 0x000000008b200000| Untracked 
| 105|0x000000008b300000, 0x000000008b300000, 0x000000008b400000|  0%| F|  |TAMS 0x000000008b300000, 0x000000008b300000| Untracked 
| 106|0x000000008b400000, 0x000000008b400000, 0x000000008b500000|  0%| F|  |TAMS 0x000000008b400000, 0x000000008b400000| Untracked 
| 107|0x000000008b500000, 0x000000008b500000, 0x000000008b600000|  0%| F|  |TAMS 0x000000008b500000, 0x000000008b500000| Untracked 
| 108|0x000000008b600000, 0x000000008b600000, 0x000000008b700000|  0%| F|  |TAMS 0x000000008b600000, 0x000000008b600000| Untracked 
| 109|0x000000008b700000, 0x000000008b700000, 0x000000008b800000|  0%| F|  |TAMS 0x000000008b700000, 0x000000008b700000| Untracked 
| 110|0x000000008b800000, 0x000000008b800000, 0x000000008b900000|  0%| F|  |TAMS 0x000000008b800000, 0x000000008b800000| Untracked 
| 111|0x000000008b900000, 0x000000008b900000, 0x000000008ba00000|  0%| F|  |TAMS 0x000000008b900000, 0x000000008b900000| Untracked 
| 112|0x000000008ba00000, 0x000000008ba00000, 0x000000008bb00000|  0%| F|  |TAMS 0x000000008ba00000, 0x000000008ba00000| Untracked 
| 113|0x000000008bb00000, 0x000000008bb00000, 0x000000008bc00000|  0%| F|  |TAMS 0x000000008bb00000, 0x000000008bb00000| Untracked 
| 114|0x000000008bc00000, 0x000000008bd00000, 0x000000008bd00000|100%| E|  |TAMS 0x000000008bc00000, 0x000000008bc00000| Complete 
| 115|0x000000008bd00000, 0x000000008be00000, 0x000000008be00000|100%| E|CS|TAMS 0x000000008bd00000, 0x000000008bd00000| Complete 
| 116|0x000000008be00000, 0x000000008bf00000, 0x000000008bf00000|100%| E|CS|TAMS 0x000000008be00000, 0x000000008be00000| Complete 
| 117|0x000000008bf00000, 0x000000008c000000, 0x000000008c000000|100%| E|CS|TAMS 0x000000008bf00000, 0x000000008bf00000| Complete 
| 118|0x000000008c000000, 0x000000008c100000, 0x000000008c100000|100%| E|CS|TAMS 0x000000008c000000, 0x000000008c000000| Complete 
| 119|0x000000008c100000, 0x000000008c200000, 0x000000008c200000|100%| E|CS|TAMS 0x000000008c100000, 0x000000008c100000| Complete 
| 120|0x000000008c200000, 0x000000008c300000, 0x000000008c300000|100%| E|CS|TAMS 0x000000008c200000, 0x000000008c200000| Complete 
| 121|0x000000008c300000, 0x000000008c400000, 0x000000008c400000|100%| E|CS|TAMS 0x000000008c300000, 0x000000008c300000| Complete 
| 122|0x000000008c400000, 0x000000008c500000, 0x000000008c500000|100%| E|CS|TAMS 0x000000008c400000, 0x000000008c400000| Complete 
| 123|0x000000008c500000, 0x000000008c600000, 0x000000008c600000|100%| E|CS|TAMS 0x000000008c500000, 0x000000008c500000| Complete 

Card table byte_map: [0x000001aa2cf60000,0x000001aa2d340000] _byte_map_base: 0x000001aa2cb3b000

Marking Bits (Prev, Next): (CMBitMap*) 0x000001aa16038f60, (CMBitMap*) 0x000001aa16038fa0
 Prev Bits: [0x000001aa2d720000, 0x000001aa2f5f8000)
 Next Bits: [0x000001aa2f600000, 0x000001aa314d8000)

Polling page: 0x000001aa157d0000

Metaspace:

Usage:
  Non-class:     12.25 MB used.
      Class:      1.52 MB used.
       Both:     13.77 MB used.

Virtual space:
  Non-class space:       16.00 MB reserved,      12.38 MB ( 77%) committed,  2 nodes.
      Class space:        1.00 GB reserved,       1.62 MB ( <1%) committed,  1 nodes.
             Both:        1.02 GB reserved,      14.00 MB (  1%) committed. 

Chunk freelists:
   Non-Class:  2.47 MB
       Class:  2.40 MB
        Both:  4.88 MB

MaxMetaspaceSize: unlimited
CompressedClassSpaceSize: 1.00 GB
Initial GC threshold: 21.00 MB
Current GC threshold: 21.00 MB
CDS: on
MetaspaceReclaimPolicy: balanced
 - commit_granule_bytes: 65536.
 - commit_granule_words: 8192.
 - virtual_space_node_default_size: 1048576.
 - enlarge_chunks_in_place: 1.
 - new_chunks_are_fully_committed: 0.
 - uncommit_free_chunks: 1.
 - use_allocation_guard: 0.
 - handle_deallocations: 1.


Internal statistics:

num_allocs_failed_limit: 0.
num_arena_births: 78.
num_arena_deaths: 0.
num_vsnodes_births: 3.
num_vsnodes_deaths: 0.
num_space_committed: 224.
num_space_uncommitted: 0.
num_chunks_returned_to_freelist: 0.
num_chunks_taken_from_freelist: 546.
num_chunk_merges: 0.
num_chunk_splits: 408.
num_chunks_enlarged: 329.
num_purges: 0.
num_inconsistent_stats: 0.

CodeHeap 'non-profiled nmethods': size=120000Kb used=1705Kb max_used=1705Kb free=118294Kb
 bounds [0x000001aa25320000, 0x000001aa25590000, 0x000001aa2c850000]
CodeHeap 'profiled nmethods': size=120000Kb used=9038Kb max_used=9038Kb free=110962Kb
 bounds [0x000001aa1ddf0000, 0x000001aa1e6d0000, 0x000001aa25320000]
CodeHeap 'non-nmethods': size=5760Kb used=1181Kb max_used=1230Kb free=4578Kb
 bounds [0x000001aa1d850000, 0x000001aa1dac0000, 0x000001aa1ddf0000]
 total_blobs=4386 nmethods=3929 adapters=369
 compilation: enabled
              stopped_count=0, restarted_count=0
 full_count=0

Compilation events (20 events):
Event: 3.288 Thread 0x000001aa33ede9d0 3936       3       com.google.inject.internal.MoreTypes$ParameterizedTypeImpl::hashCode (24 bytes)
Event: 3.288 Thread 0x000001aa33ede9d0 nmethod 3936 0x000001aa1e6af490 code [0x000001aa1e6af660, 0x000001aa1e6afa68]
Event: 3.288 Thread 0x000001aa33ede9d0 3938   !   3       java.util.jar.JarFile::getBytes (186 bytes)
Event: 3.289 Thread 0x000001aa33ede9d0 nmethod 3938 0x000001aa1e6afc10 code [0x000001aa1e6aff80, 0x000001aa1e6b13d8]
Event: 3.289 Thread 0x000001aa33ede9d0 3939       3       java.util.zip.Inflater::<init> (28 bytes)
Event: 3.289 Thread 0x000001aa33ede9d0 nmethod 3939 0x000001aa1e6b1e90 code [0x000001aa1e6b2080, 0x000001aa1e6b2558]
Event: 3.291 Thread 0x000001aa33ede9d0 3940  s    3       sun.net.www.protocol.file.Handler::openConnection (7 bytes)
Event: 3.291 Thread 0x000001aa33ede9d0 nmethod 3940 0x000001aa1e6b2710 code [0x000001aa1e6b28c0, 0x000001aa1e6b2ac8]
Event: 3.291 Thread 0x000001aa33ede9d0 3941  s!   3       sun.net.www.protocol.file.Handler::openConnection (271 bytes)
Event: 3.293 Thread 0x000001aa33ede9d0 nmethod 3941 0x000001aa1e6b2b90 code [0x000001aa1e6b3100, 0x000001aa1e6b56d8]
Event: 3.293 Thread 0x000001aa33ede9d0 3942       3       sun.net.www.protocol.jar.JarFileFactory::urlFor (77 bytes)
Event: 3.293 Thread 0x000001aa33ede9d0 nmethod 3942 0x000001aa1e6b6690 code [0x000001aa1e6b6920, 0x000001aa1e6b7288]
Event: 3.293 Thread 0x000001aa33ede9d0 3943       3       com.google.common.collect.ImmutableSet::asList (23 bytes)
Event: 3.293 Thread 0x000001aa33ede9d0 nmethod 3943 0x000001aa1e6b7610 code [0x000001aa1e6b77c0, 0x000001aa1e6b7a68]
Event: 3.294 Thread 0x000001aa33ede9d0 3944       3       com.google.inject.internal.ProviderInstanceBindingImpl::withScoping (25 bytes)
Event: 3.294 Thread 0x000001aa33ede9d0 nmethod 3944 0x000001aa1e6b7b10 code [0x000001aa1e6b7ce0, 0x000001aa1e6b82e8]
Event: 3.295 Thread 0x000001aa33ede9d0 3945   !   3       java.util.jar.Attributes::read (494 bytes)
Event: 3.298 Thread 0x000001aa33ede9d0 nmethod 3945 0x000001aa1e6b8490 code [0x000001aa1e6b8c80, 0x000001aa1e6bcaa8]
Event: 3.298 Thread 0x000001aa33ede9d0 3947       3       org.eclipse.sisu.space.AbstractDeferredClass::getImplementationClass (2 bytes)
Event: 3.298 Thread 0x000001aa33ede9d0 nmethod 3947 0x000001aa1e6be390 code [0x000001aa1e6be520, 0x000001aa1e6be638]

GC Heap History (8 events):
Event: 0.994 GC heap before
{Heap before GC invocations=0 (full 0):
 garbage-first heap   total 126976K, used 23552K [0x0000000084a00000, 0x0000000100000000)
  region size 1024K, 23 young (23552K), 0 survivors (0K)
 Metaspace       used 4806K, committed 4928K, reserved 1056768K
  class space    used 569K, committed 640K, reserved 1048576K
}
Event: 1.001 GC heap after
{Heap after GC invocations=1 (full 0):
 garbage-first heap   total 126976K, used 3538K [0x0000000084a00000, 0x0000000100000000)
  region size 1024K, 3 young (3072K), 3 survivors (3072K)
 Metaspace       used 4806K, committed 4928K, reserved 1056768K
  class space    used 569K, committed 640K, reserved 1048576K
}
Event: 1.601 GC heap before
{Heap before GC invocations=1 (full 0):
 garbage-first heap   total 126976K, used 35282K [0x0000000084a00000, 0x0000000100000000)
  region size 1024K, 34 young (34816K), 3 survivors (3072K)
 Metaspace       used 10691K, committed 10880K, reserved 1064960K
  class space    used 1309K, committed 1408K, reserved 1048576K
}
Event: 1.632 GC heap after
{Heap after GC invocations=2 (full 0):
 garbage-first heap   total 126976K, used 6046K [0x0000000084a00000, 0x0000000100000000)
  region size 1024K, 3 young (3072K), 3 survivors (3072K)
 Metaspace       used 10691K, committed 10880K, reserved 1064960K
  class space    used 1309K, committed 1408K, reserved 1048576K
}
Event: 2.552 GC heap before
{Heap before GC invocations=2 (full 0):
 garbage-first heap   total 126976K, used 78750K [0x0000000084a00000, 0x0000000100000000)
  region size 1024K, 74 young (75776K), 3 survivors (3072K)
 Metaspace       used 12915K, committed 13120K, reserved 1064960K
  class space    used 1450K, committed 1536K, reserved 1048576K
}
Event: 2.562 GC heap after
{Heap after GC invocations=3 (full 0):
 garbage-first heap   total 126976K, used 10345K [0x0000000084a00000, 0x0000000100000000)
  region size 1024K, 7 young (7168K), 7 survivors (7168K)
 Metaspace       used 12915K, committed 13120K, reserved 1064960K
  class space    used 1450K, committed 1536K, reserved 1048576K
}
Event: 3.207 GC heap before
{Heap before GC invocations=3 (full 0):
 garbage-first heap   total 126976K, used 78953K [0x0000000084a00000, 0x0000000100000000)
  region size 1024K, 74 young (75776K), 7 survivors (7168K)
 Metaspace       used 13688K, committed 13888K, reserved 1064960K
  class space    used 1496K, committed 1600K, reserved 1048576K
}
Event: 3.219 GC heap after
{Heap after GC invocations=4 (full 0):
 garbage-first heap   total 126976K, used 13498K [0x0000000084a00000, 0x0000000100000000)
  region size 1024K, 8 young (8192K), 8 survivors (8192K)
 Metaspace       used 13688K, committed 13888K, reserved 1064960K
  class space    used 1496K, committed 1600K, reserved 1048576K
}

Deoptimization events (20 events):
Event: 2.760 Thread 0x000001aa15ffaeb0 Uncommon trap: trap_request=0xffffffbe fr.pc=0x000001aa25482c30 relative=0x0000000000000210
Event: 2.760 Thread 0x000001aa15ffaeb0 Uncommon trap: reason=profile_predicate action=maybe_recompile pc=0x000001aa25482c30 method=java.util.HashMap.keysToArray([Ljava/lang/Object;)[Ljava/lang/Object; @ 36 c2
Event: 2.760 Thread 0x000001aa15ffaeb0 DEOPT PACKING pc=0x000001aa25482c30 sp=0x00000092f78fce60
Event: 2.760 Thread 0x000001aa15ffaeb0 DEOPT UNPACKING pc=0x000001aa1d8a5c23 sp=0x00000092f78fcdf0 mode 2
Event: 2.866 Thread 0x000001aa15ffaeb0 DEOPT PACKING pc=0x000001aa1df166b1 sp=0x00000092f78fbe80
Event: 2.866 Thread 0x000001aa15ffaeb0 DEOPT UNPACKING pc=0x000001aa1d8a6763 sp=0x00000092f78fb370 mode 0
Event: 2.962 Thread 0x000001aa15ffaeb0 DEOPT PACKING pc=0x000001aa1e3ba04c sp=0x00000092f78fceb0
Event: 2.962 Thread 0x000001aa15ffaeb0 DEOPT UNPACKING pc=0x000001aa1d8a6763 sp=0x00000092f78fc3f0 mode 0
Event: 2.964 Thread 0x000001aa15ffaeb0 DEOPT PACKING pc=0x000001aa1e3bb27c sp=0x00000092f78fd310
Event: 2.964 Thread 0x000001aa15ffaeb0 DEOPT UNPACKING pc=0x000001aa1d8a6763 sp=0x00000092f78fc850 mode 0
Event: 2.968 Thread 0x000001aa15ffaeb0 DEOPT PACKING pc=0x000001aa1e3bb27c sp=0x00000092f78fd770
Event: 2.968 Thread 0x000001aa15ffaeb0 DEOPT UNPACKING pc=0x000001aa1d8a6763 sp=0x00000092f78fccb0 mode 0
Event: 3.001 Thread 0x000001aa15ffaeb0 Uncommon trap: trap_request=0xffffffc6 fr.pc=0x000001aa2544236c relative=0x0000000000000eec
Event: 3.001 Thread 0x000001aa15ffaeb0 Uncommon trap: reason=bimorphic_or_optimized_type_check action=maybe_recompile pc=0x000001aa2544236c method=java.util.HashMap.putVal(ILjava/lang/Object;Ljava/lang/Object;ZZ)Ljava/lang/Object; @ 203 c2
Event: 3.001 Thread 0x000001aa15ffaeb0 DEOPT PACKING pc=0x000001aa2544236c sp=0x00000092f78fcd70
Event: 3.001 Thread 0x000001aa15ffaeb0 DEOPT UNPACKING pc=0x000001aa1d8a5c23 sp=0x00000092f78fcc80 mode 2
Event: 3.053 Thread 0x000001aa15ffaeb0 Uncommon trap: trap_request=0xffffffc6 fr.pc=0x000001aa2544236c relative=0x0000000000000eec
Event: 3.053 Thread 0x000001aa15ffaeb0 Uncommon trap: reason=bimorphic_or_optimized_type_check action=maybe_recompile pc=0x000001aa2544236c method=java.util.HashMap.putVal(ILjava/lang/Object;Ljava/lang/Object;ZZ)Ljava/lang/Object; @ 203 c2
Event: 3.053 Thread 0x000001aa15ffaeb0 DEOPT PACKING pc=0x000001aa2544236c sp=0x00000092f78fd5f0
Event: 3.053 Thread 0x000001aa15ffaeb0 DEOPT UNPACKING pc=0x000001aa1d8a5c23 sp=0x00000092f78fd500 mode 2

Classes unloaded (0 events):
No events

Classes redefined (0 events):
No events

Internal exceptions (17 events):
Event: 0.247 Thread 0x000001aa15ffaeb0 Exception <a 'java/lang/NullPointerException'{0x000000008c2852d8}> (0x000000008c2852d8) 
thrown [t:\workspace\open\src\hotspot\share\interpreter\linkResolver.cpp, line 1357]
Event: 0.465 Thread 0x000001aa15ffaeb0 Exception <a 'java/lang/NullPointerException'{0x000000008c2cf920}> (0x000000008c2cf920) 
thrown [t:\workspace\open\src\hotspot\share\interpreter\linkResolver.cpp, line 1357]
Event: 0.465 Thread 0x000001aa15ffaeb0 Exception <a 'java/lang/NullPointerException'{0x000000008c2cfbf8}> (0x000000008c2cfbf8) 
thrown [t:\workspace\open\src\hotspot\share\interpreter\linkResolver.cpp, line 1357]
Event: 0.465 Thread 0x000001aa15ffaeb0 Exception <a 'java/lang/NullPointerException'{0x000000008c2cfed0}> (0x000000008c2cfed0) 
thrown [t:\workspace\open\src\hotspot\share\interpreter\linkResolver.cpp, line 1357]
Event: 0.466 Thread 0x000001aa15ffaeb0 Exception <a 'java/lang/NullPointerException'{0x000000008c2d5710}> (0x000000008c2d5710) 
thrown [t:\workspace\open\src\hotspot\share\interpreter\linkResolver.cpp, line 1357]
Event: 0.467 Thread 0x000001aa15ffaeb0 Exception <a 'java/lang/NullPointerException'{0x000000008c2ea990}> (0x000000008c2ea990) 
thrown [t:\workspace\open\src\hotspot\share\interpreter\linkResolver.cpp, line 1357]
Event: 0.467 Thread 0x000001aa15ffaeb0 Exception <a 'java/lang/NullPointerException'{0x000000008c2eac68}> (0x000000008c2eac68) 
thrown [t:\workspace\open\src\hotspot\share\interpreter\linkResolver.cpp, line 1357]
Event: 0.467 Thread 0x000001aa15ffaeb0 Exception <a 'java/lang/NullPointerException'{0x000000008c2eaf40}> (0x000000008c2eaf40) 
thrown [t:\workspace\open\src\hotspot\share\interpreter\linkResolver.cpp, line 1357]
Event: 0.467 Thread 0x000001aa15ffaeb0 Exception <a 'java/lang/NullPointerException'{0x000000008c2eb218}> (0x000000008c2eb218) 
thrown [t:\workspace\open\src\hotspot\share\interpreter\linkResolver.cpp, line 1357]
Event: 0.879 Thread 0x000001aa15ffaeb0 Exception <a 'java/lang/NoSuchMethodError'{0x000000008b8ffaa8}: 'java.lang.Object java.lang.invoke.DirectMethodHandle$Holder.newInvokeSpecial(java.lang.Object, java.lang.Object, java.lang.Object, java.lang.Object, java.lang.Object)'> (0x000000008b8ffaa8) 
thrown [t:\workspace\open\src\hotspot\share\interpreter\linkResolver.cpp, line 766]
Event: 0.920 Thread 0x000001aa15ffaeb0 Exception <a 'java/lang/NoClassDefFoundError'{0x000000008b663150}: javax/enterprise/inject/Typed> (0x000000008b663150) 
thrown [t:\workspace\open\src\hotspot\share\classfile\systemDictionary.cpp, line 245]
Event: 1.496 Thread 0x000001aa15ffaeb0 Exception <a 'java/lang/NoClassDefFoundError'{0x000000008a72dfc8}: com/google/inject/servlet/ServletModuleTargetVisitor> (0x000000008a72dfc8) 
thrown [t:\workspace\open\src\hotspot\share\classfile\systemDictionary.cpp, line 245]
Event: 1.550 Thread 0x000001aa15ffaeb0 Exception <a 'java/lang/NoSuchMethodError'{0x000000008a6779a0}: 'java.lang.Object java.lang.invoke.DirectMethodHandle$Holder.invokeStaticInit(java.lang.Object, int, int, int, int)'> (0x000000008a6779a0) 
thrown [t:\workspace\open\src\hotspot\share\interpreter\linkResolver.cpp, line 766]
Event: 1.927 Thread 0x000001aa15ffaeb0 Implicit null exception at 0x000001aa253d64be to 0x000001aa253d6d18
Event: 1.927 Thread 0x000001aa15ffaeb0 Implicit null exception at 0x000001aa253a876a to 0x000001aa253a891c
Event: 1.927 Thread 0x000001aa15ffaeb0 Implicit null exception at 0x000001aa2539910f to 0x000001aa25399189
Event: 2.717 Thread 0x000001aa15ffaeb0 Implicit null exception at 0x000001aa253959ea to 0x000001aa25395ba4

VM Operations (20 events):
Event: 1.922 Executing VM operation: HandshakeAllThreads
Event: 1.922 Executing VM operation: HandshakeAllThreads done
Event: 1.972 Executing VM operation: ICBufferFull
Event: 1.972 Executing VM operation: ICBufferFull done
Event: 2.159 Executing VM operation: ICBufferFull
Event: 2.159 Executing VM operation: ICBufferFull done
Event: 2.532 Executing VM operation: ICBufferFull
Event: 2.532 Executing VM operation: ICBufferFull done
Event: 2.552 Executing VM operation: G1CollectForAllocation
Event: 2.562 Executing VM operation: G1CollectForAllocation done
Event: 2.811 Executing VM operation: ICBufferFull
Event: 2.811 Executing VM operation: ICBufferFull done
Event: 2.961 Executing VM operation: HandshakeAllThreads
Event: 2.961 Executing VM operation: HandshakeAllThreads done
Event: 2.961 Executing VM operation: HandshakeAllThreads
Event: 2.961 Executing VM operation: HandshakeAllThreads done
Event: 3.063 Executing VM operation: ICBufferFull
Event: 3.063 Executing VM operation: ICBufferFull done
Event: 3.207 Executing VM operation: G1CollectForAllocation
Event: 3.219 Executing VM operation: G1CollectForAllocation done

Events (20 events):
Event: 1.922 loading class java/util/concurrent/locks/ReentrantReadWriteLock$Sync$ThreadLocalHoldCounter done
Event: 1.922 loading class java/util/concurrent/locks/ReentrantReadWriteLock$ReadLock
Event: 1.922 loading class java/util/concurrent/locks/ReentrantReadWriteLock$ReadLock done
Event: 1.922 loading class java/util/concurrent/locks/ReentrantReadWriteLock$WriteLock
Event: 1.922 loading class java/util/concurrent/locks/ReentrantReadWriteLock$WriteLock done
Event: 1.938 loading class sun/nio/cs/ISO_8859_1$Decoder
Event: 1.938 loading class sun/nio/cs/ISO_8859_1$Decoder done
Event: 1.947 loading class java/util/ComparableTimSort
Event: 1.948 loading class java/util/ComparableTimSort done
Event: 2.054 loading class java/util/Collections$UnmodifiableList$1
Event: 2.054 loading class java/util/Collections$UnmodifiableList$1 done
Event: 3.298 loading class org/w3c/dom/Node
Event: 3.299 loading class org/w3c/dom/Node done
Event: 3.299 loading class org/xml/sax/SAXException
Event: 3.299 loading class org/xml/sax/SAXException done
Event: 3.299 loading class javax/xml/parsers/ParserConfigurationException
Event: 3.299 loading class javax/xml/parsers/ParserConfigurationException done
Event: 3.299 loading class org/w3c/dom/Document
Event: 3.299 loading class org/w3c/dom/Document done
Event: 3.300 loading class org/w3c/dom/Element


Dynamic libraries:
0x00007ff719220000 - 0x00007ff719230000 	C:\Program Files\Java\jdk-17.0.2\bin\java.exe
0x00007ff8553b0000 - 0x00007ff8555a5000 	C:\WINDOWS\SYSTEM32\ntdll.dll
0x00007ff855110000 - 0x00007ff8551ce000 	C:\WINDOWS\System32\KERNEL32.DLL
0x00007ff852b00000 - 0x00007ff852dc8000 	C:\WINDOWS\System32\KERNELBASE.dll
0x00007ff853270000 - 0x00007ff853370000 	C:\WINDOWS\System32\ucrtbase.dll
0x00007ff83d970000 - 0x00007ff83d988000 	C:\Program Files\Java\jdk-17.0.2\bin\jli.dll
0x00007ff83c0c0000 - 0x00007ff83c0da000 	C:\Program Files\Java\jdk-17.0.2\bin\VCRUNTIME140.dll
0x00007ff854a00000 - 0x00007ff854aae000 	C:\WINDOWS\System32\ADVAPI32.dll
0x00007ff854fe0000 - 0x00007ff85507e000 	C:\WINDOWS\System32\msvcrt.dll
0x00007ff8536f0000 - 0x00007ff85378c000 	C:\WINDOWS\System32\sechost.dll
0x00007ff854090000 - 0x00007ff8541b5000 	C:\WINDOWS\System32\RPCRT4.dll
0x00007ff8551d0000 - 0x00007ff855370000 	C:\WINDOWS\System32\USER32.dll
0x00007ff853120000 - 0x00007ff853142000 	C:\WINDOWS\System32\win32u.dll
0x00007ff83c790000 - 0x00007ff83ca2a000 	C:\WINDOWS\WinSxS\amd64_microsoft.windows.common-controls_6595b64144ccf1df_6.0.19041.1110_none_60b5254171f9507e\COMCTL32.dll
0x00007ff8536c0000 - 0x00007ff8536eb000 	C:\WINDOWS\System32\GDI32.dll
0x00007ff852f80000 - 0x00007ff85308b000 	C:\WINDOWS\System32\gdi32full.dll
0x00007ff853370000 - 0x00007ff85340d000 	C:\WINDOWS\System32\msvcp_win.dll
0x00007ff843d90000 - 0x00007ff843d9a000 	C:\WINDOWS\SYSTEM32\VERSION.dll
0x00007ff854e80000 - 0x00007ff854eb0000 	C:\WINDOWS\System32\IMM32.DLL
0x00007ff847440000 - 0x00007ff84744c000 	C:\Program Files\Java\jdk-17.0.2\bin\vcruntime140_1.dll
0x00007ff81e070000 - 0x00007ff81e0fd000 	C:\Program Files\Java\jdk-17.0.2\bin\msvcp140.dll
0x00007fffc5570000 - 0x00007fffc6131000 	C:\Program Files\Java\jdk-17.0.2\bin\server\jvm.dll
0x00007ff854d60000 - 0x00007ff854d68000 	C:\WINDOWS\System32\PSAPI.DLL
0x00007ff847fb0000 - 0x00007ff847fb9000 	C:\WINDOWS\SYSTEM32\WSOCK32.dll
0x00007ff8394b0000 - 0x00007ff8394d7000 	C:\WINDOWS\SYSTEM32\WINMM.dll
0x00007ff854eb0000 - 0x00007ff854f1b000 	C:\WINDOWS\System32\WS2_32.dll
0x00007ff851370000 - 0x00007ff851382000 	C:\WINDOWS\SYSTEM32\kernel.appcore.dll
0x00007ff840750000 - 0x00007ff84075a000 	C:\Program Files\Java\jdk-17.0.2\bin\jimage.dll
0x00007ff8504a0000 - 0x00007ff850684000 	C:\WINDOWS\SYSTEM32\DBGHELP.DLL
0x00007ff832550000 - 0x00007ff83257c000 	C:\WINDOWS\SYSTEM32\dbgcore.DLL
0x00007ff853090000 - 0x00007ff853112000 	C:\WINDOWS\System32\bcryptPrimitives.dll
0x00007ff82c6e0000 - 0x00007ff82c705000 	C:\Program Files\Java\jdk-17.0.2\bin\java.dll
0x00007ff816f10000 - 0x00007ff816fe6000 	C:\Program Files\Java\jdk-17.0.2\bin\jsvml.dll
0x00007ff853940000 - 0x00007ff854084000 	C:\WINDOWS\System32\SHELL32.dll
0x00007ff850b30000 - 0x00007ff8512c4000 	C:\WINDOWS\SYSTEM32\windows.storage.dll
0x00007ff8546a0000 - 0x00007ff8549f4000 	C:\WINDOWS\System32\combase.dll
0x00007ff852530000 - 0x00007ff85255c000 	C:\WINDOWS\SYSTEM32\Wldp.dll
0x00007ff854d70000 - 0x00007ff854e1d000 	C:\WINDOWS\System32\SHCORE.dll
0x00007ff853410000 - 0x00007ff853465000 	C:\WINDOWS\System32\shlwapi.dll
0x00007ff852a10000 - 0x00007ff852a2f000 	C:\WINDOWS\SYSTEM32\profapi.dll
0x00007ff82c6c0000 - 0x00007ff82c6d9000 	C:\Program Files\Java\jdk-17.0.2\bin\net.dll
0x00007ff849a80000 - 0x00007ff849b89000 	C:\WINDOWS\SYSTEM32\WINHTTP.dll
0x00007ff852290000 - 0x00007ff8522fa000 	C:\WINDOWS\system32\mswsock.dll
0x00007ff82a320000 - 0x00007ff82a336000 	C:\Program Files\Java\jdk-17.0.2\bin\nio.dll
0x00007ff82a300000 - 0x00007ff82a318000 	C:\Program Files\Java\jdk-17.0.2\bin\zip.dll
0x0000000069ac0000 - 0x0000000069ae4000 	C:\Program Files\maven\apache-maven-3.8.5\lib\jansi-native\Windows\x86_64\jansi.dll
0x00007ff83d960000 - 0x00007ff83d970000 	C:\Program Files\Java\jdk-17.0.2\bin\verify.dll

dbghelp: loaded successfully - version: 4.0.5 - missing functions: none
symbol engine: initialized successfully - sym options: 0x614 - pdb path: .;C:\Program Files\Java\jdk-17.0.2\bin;C:\WINDOWS\SYSTEM32;C:\WINDOWS\WinSxS\amd64_microsoft.windows.common-controls_6595b64144ccf1df_6.0.19041.1110_none_60b5254171f9507e;C:\Program Files\Java\jdk-17.0.2\bin\server;C:\Program Files\maven\apache-maven-3.8.5\lib\jansi-native\Windows\x86_64

VM Arguments:
jvm_args: -Dclassworlds.conf=C:\Program Files\maven\apache-maven-3.8.5\bin\m2.conf -Dmaven.home=C:\Program Files\maven\apache-maven-3.8.5 -Dlibrary.jansi.path=C:\Program Files\maven\apache-maven-3.8.5\lib\jansi-native -Dmaven.multiModuleProjectDirectory=C:\Users\testinium\IdeaProjects\OzdilekProject 
java_command: org.codehaus.plexus.classworlds.launcher.Launcher dependency:tree -Dincludes=com.thoughtworks.gauge:gauge-java
java_class_path (initial): C:\Program Files\maven\apache-maven-3.8.5\boot\plexus-classworlds-2.6.0.jar
Launcher Type: SUN_STANDARD

[Global flags]
     intx CICompilerCount                          = 4                                         {product} {ergonomic}
     uint ConcGCThreads                            = 2                                         {product} {ergonomic}
     uint G1ConcRefinementThreads                  = 8                                         {product} {ergonomic}
   size_t G1HeapRegionSize                         = 1048576                                   {product} {ergonomic}
    uintx GCDrainStackTargetSize                   = 64                                        {product} {ergonomic}
   size_t InitialHeapSize                          = 130023424                                 {product} {ergonomic}
   size_t MarkStackSize                            = 4194304                                   {product} {ergonomic}
   size_t MaxHeapSize                              = 2069889024                                {product} {ergonomic}
   size_t MaxNewSize                               = 1241513984                                {product} {ergonomic}
   size_t MinHeapDeltaBytes                        = 1048576                                   {product} {ergonomic}
   size_t MinHeapSize                              = 8388608                                   {product} {ergonomic}
    uintx NonNMethodCodeHeapSize                   = 5839372                                {pd product} {ergonomic}
    uintx NonProfiledCodeHeapSize                  = 122909434                              {pd product} {ergonomic}
    uintx ProfiledCodeHeapSize                     = 122909434                              {pd product} {ergonomic}
    uintx ReservedCodeCacheSize                    = 251658240                              {pd product} {ergonomic}
     bool SegmentedCodeCache                       = true                                      {product} {ergonomic}
   size_t SoftMaxHeapSize                          = 2069889024                             {manageable} {ergonomic}
     bool UseCompressedClassPointers               = true                           {product lp64_product} {ergonomic}
     bool UseCompressedOops                        = true                           {product lp64_product} {ergonomic}
     bool UseG1GC                                  = true                                      {product} {ergonomic}
     bool UseLargePagesIndividualAllocation        = false                                  {pd product} {ergonomic}

Logging:
Log output configuration:
 #0: stdout all=warning uptime,level,tags
 #1: stderr all=off uptime,level,tags

Environment Variables:
JAVA_HOME=C:\Program Files\Java\jdk-17.0.2
PATH=C:\Program Files\Common Files\Oracle\Java\javapath;C:\Windows\system32;C:\Windows;C:\Windows\System32\Wbem;C:\Windows\System32\WindowsPowerShell\v1.0\;C:\Windows\System32\OpenSSH\;C:\Program Files\NVIDIA Corporation\NVIDIA NvDLISR;C:\WINDOWS\system32;C:\WINDOWS;C:\WINDOWS\System32\Wbem;C:\WINDOWS\System32\WindowsPowerShell\v1.0\;C:\WINDOWS\System32\OpenSSH\;C:\Program Files\Git\cmd;C:\Program Files\nodejs\;C:\Program Files\Java\jdk-17.0.2;C:\Program Files\maven\apache-maven-3.8.5\bin;C:\Program Files\Gauge\bin;C:\Program Files\Android\Android Studio1\bin;C:\Program Files\dotnet\;C:\Program Files (x86)\Micro Focus\Unified Functional Testing\bin;C:\Users\testinium\AppData\Local\Android\Sdk\tools;C:\Users\testinium\AppData\Local\Android\Sdk\platform-tools;C:\Users\testinium\AppData\Local\Android\Sdk\build-tools;C:\Users\testinium\AppData\Local\Microsoft\WindowsApps;C:\Program Files\JetBrains\IntelliJ IDEA Community Edition 2021.3.3\bin;;C:\Users\testinium\AppData\Local\GitHubDesktop\bin;C:\Users\testinium\AppData\Roaming\npm;C:\Program Files\JetBrains\IntelliJ IDEA 2021.3.3\bin;;C:\Users\testinium\.dotnet\tools;C:\Users\testinium\AppData\Roaming\gauge\plugins\screenshot\0.0.1
USERNAME=testinium
OS=Windows_NT
PROCESSOR_IDENTIFIER=Intel64 Family 6 Model 140 Stepping 1, GenuineIntel



---------------  S Y S T E M  ---------------

OS:
 Windows 10 , 64 bit Build 19041 (10.0.19041.1566)
OS uptime: 0 days 13:12 hours

CPU: total 8 (initial active 8) (4 cores per cpu, 2 threads per core) family 6 model 140 stepping 1 microcode 0x9a, cx8, cmov, fxsr, ht, mmx, 3dnowpref, sse, sse2, sse3, ssse3, sse4.1, sse4.2, popcnt, lzcnt, tsc, tscinvbit, avx, avx2, aes, erms, clmul, bmi1, bmi2, adx, avx512f, avx512dq, avx512cd, avx512bw, avx512vl, sha, fma, vzeroupper, avx512_vpopcntdq, avx512_vpclmulqdq, avx512_vaes, avx512_vnni, clflush, clflushopt, clwb, avx512_vbmi2, avx512_vbmi

Memory: 4k page, system-wide physical 7890M (48M free)
TotalPageFile size 32466M (AvailPageFile size 4M)
current process WorkingSet (physical memory assigned to process): 167M, peak: 170M
current process commit charge ("private bytes"): 255M, peak: 256M

vm_info: Java HotSpot(TM) 64-Bit Server VM (17.0.2+8-LTS-86) for windows-amd64 JRE (17.0.2+8-LTS-86), built on Dec  7 2021 21:51:03 by "mach5one" with MS VC++ 16.8 / 16.9 (VS2019)

END.
