#
# There is insufficient memory for the Java Runtime Environment to continue.
# Native memory allocation (malloc) failed to allocate 1095440 bytes for Chunk::new
# Possible reasons:
#   The system is out of physical RAM or swap space
#   The process is running with CompressedOops enabled, and the Java Heap may be blocking the growth of the native heap
# Possible solutions:
#   Reduce memory load on the system
#   Increase physical memory or swap space
#   Check if swap backing store is full
#   Decrease Java heap size (-Xmx/-Xms)
#   Decrease number of Java threads
#   Decrease Java thread stack sizes (-Xss)
#   Set larger code cache with -XX:ReservedCodeCacheSize=
#   JVM is running with Unscaled Compressed Oops mode in which the Java heap is
#     placed in the first 4GB address space. The Java Heap base address is the
#     maximum limit for the native heap growth. Please use -XX:HeapBaseMinAddress
#     to set the Java Heap base and to place the Java Heap above 4GB virtual address.
# This output file may be truncated or incomplete.
#
#  Out of Memory Error (arena.cpp:189), pid=16600, tid=3292
#
# JRE version: Java(TM) SE Runtime Environment (17.0.2+8) (build 17.0.2+8-LTS-86)
# Java VM: Java HotSpot(TM) 64-Bit Server VM (17.0.2+8-LTS-86, mixed mode, sharing, tiered, compressed oops, compressed class ptrs, g1 gc, windows-amd64)
# No core dump will be written. Minidumps are not enabled by default on client versions of Windows
#

---------------  S U M M A R Y ------------

Command Line: -Dfile.encoding=UTF-8 com.thoughtworks.gauge.GaugeRuntime --start

Host: 11th Gen Intel(R) Core(TM) i5-1135G7 @ 2.40GHz, 8 cores, 7G,  Windows 10 , 64 bit Build 19041 (10.0.19041.1566)
Time: Mon Apr  4 16:48:24 2022 Turkey Standard Time elapsed time: 0.735529 seconds (0d 0h 0m 0s)

---------------  T H R E A D  ---------------

Current thread (0x0000028c666ba930):  JavaThread "C2 CompilerThread0" daemon [_thread_in_native, id=3292, stack(0x000000ac4ef00000,0x000000ac4f000000)]


Current CompileTask:
C2:    735 1538       4       javassist.bytecode.ConstPool::readOne (363 bytes)

Stack: [0x000000ac4ef00000,0x000000ac4f000000]
Native frames: (J=compiled Java code, j=interpreted, Vv=VM code, C=native code)
V  [jvm.dll+0x670baa]
V  [jvm.dll+0x7cfcb4]
V  [jvm.dll+0x7d145e]
V  [jvm.dll+0x7d1ac3]
V  [jvm.dll+0x242bc5]
V  [jvm.dll+0xaa57b]
V  [jvm.dll+0xaab0c]
V  [jvm.dll+0x35fd07]
V  [jvm.dll+0x32a331]
V  [jvm.dll+0x3297da]
V  [jvm.dll+0x215c91]
V  [jvm.dll+0x2150b1]
V  [jvm.dll+0x1a1bbd]
V  [jvm.dll+0x224908]
V  [jvm.dll+0x222a6c]
V  [jvm.dll+0x7859bb]
V  [jvm.dll+0x77ff7a]
V  [jvm.dll+0x66fa35]
C  [ucrtbase.dll+0x21bb2]
C  [KERNEL32.DLL+0x17034]
C  [ntdll.dll+0x52651]


---------------  P R O C E S S  ---------------

Threads class SMR info:
_java_thread_list=0x0000028c67ed5830, length=14, elements={
0x0000028c487a4e10, 0x0000028c6669b410, 0x0000028c6669ddd0, 0x0000028c666b5870,
0x0000028c666b6220, 0x0000028c666b8be0, 0x0000028c666b9ba0, 0x0000028c666ba930,
0x0000028c666c68e0, 0x0000028c666c76e0, 0x0000028c671f1d40, 0x0000028c671f9da0,
0x0000028c67af2ef0, 0x0000028c682c7200
}

Java Threads: ( => current thread )
  0x0000028c487a4e10 JavaThread "main" [_thread_in_native, id=10936, stack(0x000000ac4e200000,0x000000ac4e300000)]
  0x0000028c6669b410 JavaThread "Reference Handler" daemon [_thread_blocked, id=12340, stack(0x000000ac4e900000,0x000000ac4ea00000)]
  0x0000028c6669ddd0 JavaThread "Finalizer" daemon [_thread_blocked, id=18664, stack(0x000000ac4ea00000,0x000000ac4eb00000)]
  0x0000028c666b5870 JavaThread "Signal Dispatcher" daemon [_thread_blocked, id=7052, stack(0x000000ac4eb00000,0x000000ac4ec00000)]
  0x0000028c666b6220 JavaThread "Attach Listener" daemon [_thread_blocked, id=16860, stack(0x000000ac4ec00000,0x000000ac4ed00000)]
  0x0000028c666b8be0 JavaThread "Service Thread" daemon [_thread_blocked, id=2760, stack(0x000000ac4ed00000,0x000000ac4ee00000)]
  0x0000028c666b9ba0 JavaThread "Monitor Deflation Thread" daemon [_thread_blocked, id=2248, stack(0x000000ac4ee00000,0x000000ac4ef00000)]
=>0x0000028c666ba930 JavaThread "C2 CompilerThread0" daemon [_thread_in_native, id=3292, stack(0x000000ac4ef00000,0x000000ac4f000000)]
  0x0000028c666c68e0 JavaThread "C1 CompilerThread0" daemon [_thread_blocked, id=17468, stack(0x000000ac4f000000,0x000000ac4f100000)]
  0x0000028c666c76e0 JavaThread "Sweeper thread" daemon [_thread_blocked, id=6520, stack(0x000000ac4f100000,0x000000ac4f200000)]
  0x0000028c671f1d40 JavaThread "Notification Thread" daemon [_thread_blocked, id=7984, stack(0x000000ac4f200000,0x000000ac4f300000)]
  0x0000028c671f9da0 JavaThread "Common-Cleaner" daemon [_thread_blocked, id=14492, stack(0x000000ac4f400000,0x000000ac4f500000)]
  0x0000028c67af2ef0 JavaThread "pool-1-thread-1" [_thread_in_native, id=18132, stack(0x000000ac4f500000,0x000000ac4f600000)]
  0x0000028c682c7200 JavaThread "C2 CompilerThread1" daemon [_thread_in_native, id=15652, stack(0x000000ac4fa00000,0x000000ac4fb00000)]

Other Threads:
  0x0000028c66695970 VMThread "VM Thread" [stack: 0x000000ac4e800000,0x000000ac4e900000] [id=5656]
  0x0000028c487fd990 WatcherThread [stack: 0x000000ac4f300000,0x000000ac4f400000] [id=13444]
  0x0000028c487e3ee0 GCTaskThread "GC Thread#0" [stack: 0x000000ac4e300000,0x000000ac4e400000] [id=3720]
  0x0000028c68171740 GCTaskThread "GC Thread#1" [stack: 0x000000ac4f600000,0x000000ac4f700000] [id=1668]
  0x0000028c68072dd0 GCTaskThread "GC Thread#2" [stack: 0x000000ac4f700000,0x000000ac4f800000] [id=11236]
  0x0000028c67675250 GCTaskThread "GC Thread#3" [stack: 0x000000ac4f800000,0x000000ac4f900000] [id=9900]
  0x0000028c680466d0 GCTaskThread "GC Thread#4" [stack: 0x000000ac4f900000,0x000000ac4fa00000] [id=12976]
  0x0000028c682abf80 GCTaskThread "GC Thread#5" [stack: 0x000000ac4fb00000,0x000000ac4fc00000] [id=18216]
  0x0000028c68294c50 GCTaskThread "GC Thread#6" [stack: 0x000000ac4fc00000,0x000000ac4fd00000] [id=1464]
  0x0000028c68294f00 GCTaskThread "GC Thread#7" [stack: 0x000000ac4fd00000,0x000000ac4fe00000] [id=18208]
  0x0000028c487f44e0 ConcurrentGCThread "G1 Main Marker" [stack: 0x000000ac4e400000,0x000000ac4e500000] [id=10584]
  0x0000028c487f4ef0 ConcurrentGCThread "G1 Conc#0" [stack: 0x000000ac4e500000,0x000000ac4e600000] [id=9304]
  0x0000028c4886e6f0 ConcurrentGCThread "G1 Refine#0" [stack: 0x000000ac4e600000,0x000000ac4e700000] [id=3008]
  0x0000028c66543630 ConcurrentGCThread "G1 Service" [stack: 0x000000ac4e700000,0x000000ac4e800000] [id=11844]

Threads with active compile tasks:
C2 CompilerThread0      744 1538       4       javassist.bytecode.ConstPool::readOne (363 bytes)
C2 CompilerThread1      744 1533       4       javassist.bytecode.AttributeInfo::read (410 bytes)

VM state: not at safepoint (normal execution)

VM Mutex/Monitor currently owned by a thread: None

Heap address: 0x0000000084a00000, size: 1974 MB, Compressed Oops mode: 32-bit

CDS archive(s) mapped at: [0x0000000800000000-0x0000000800bc0000-0x0000000800bc0000), size 12320768, SharedBaseAddress: 0x0000000800000000, ArchiveRelocationMode: 0.
Compressed class space mapped at: 0x0000000800c00000-0x0000000840c00000, reserved size: 1073741824
Narrow klass base: 0x0000000800000000, Narrow klass shift: 0, Narrow klass range: 0x100000000

GC Precious Log:
 CPUs: 8 total, 8 available
 Memory: 7890M
 Large Page Support: Disabled
 NUMA Support: Disabled
 Compressed Oops: Enabled (32-bit)
 Heap Region Size: 1M
 Heap Min Capacity: 8M
 Heap Initial Capacity: 124M
 Heap Max Capacity: 1974M
 Pre-touch: Disabled
 Parallel Workers: 8
 Concurrent Workers: 2
 Concurrent Refinement Workers: 8
 Periodic GC: Disabled

Heap:
 garbage-first heap   total 126976K, used 12723K [0x0000000084a00000, 0x0000000100000000)
  region size 1024K, 4 young (4096K), 2 survivors (2048K)
 Metaspace       used 11262K, committed 11456K, reserved 1064960K
  class space    used 1428K, committed 1536K, reserved 1048576K

Heap Regions: E=young(eden), S=young(survivor), O=old, HS=humongous(starts), HC=humongous(continues), CS=collection set, F=free, OA=open archive, CA=closed archive, TAMS=top-at-mark-start (previous, next)
|   0|0x0000000084a00000, 0x0000000084b00000, 0x0000000084b00000|100%|HS|  |TAMS 0x0000000084a00000, 0x0000000084a00000| Complete 
|   1|0x0000000084b00000, 0x0000000084c00000, 0x0000000084c00000|100%|HS|  |TAMS 0x0000000084b00000, 0x0000000084b00000| Complete 
|   2|0x0000000084c00000, 0x0000000084d00000, 0x0000000084d00000|100%|HC|  |TAMS 0x0000000084c00000, 0x0000000084c00000| Complete 
|   3|0x0000000084d00000, 0x0000000084e00000, 0x0000000084e00000|100%| O|  |TAMS 0x0000000084d00000, 0x0000000084d00000| Untracked 
|   4|0x0000000084e00000, 0x0000000084f00000, 0x0000000084f00000|100%| O|  |TAMS 0x0000000084e00000, 0x0000000084e00000| Untracked 
|   5|0x0000000084f00000, 0x0000000085000000, 0x0000000085000000|100%| O|  |TAMS 0x0000000084f00000, 0x0000000084f00000| Untracked 
|   6|0x0000000085000000, 0x0000000085100000, 0x0000000085100000|100%| O|  |TAMS 0x0000000085000000, 0x0000000085000000| Untracked 
|   7|0x0000000085100000, 0x0000000085200000, 0x0000000085200000|100%| O|  |TAMS 0x0000000085100000, 0x0000000085100000| Untracked 
|   8|0x0000000085200000, 0x0000000085300000, 0x0000000085300000|100%| O|  |TAMS 0x0000000085200000, 0x0000000085200000| Untracked 
|   9|0x0000000085300000, 0x00000000853b9c00, 0x0000000085400000| 72%| O|  |TAMS 0x0000000085300000, 0x0000000085300000| Untracked 
|  10|0x0000000085400000, 0x0000000085400000, 0x0000000085500000|  0%| F|  |TAMS 0x0000000085400000, 0x0000000085400000| Untracked 
|  11|0x0000000085500000, 0x0000000085500000, 0x0000000085600000|  0%| F|  |TAMS 0x0000000085500000, 0x0000000085500000| Untracked 
|  12|0x0000000085600000, 0x0000000085600000, 0x0000000085700000|  0%| F|  |TAMS 0x0000000085600000, 0x0000000085600000| Untracked 
|  13|0x0000000085700000, 0x0000000085700000, 0x0000000085800000|  0%| F|  |TAMS 0x0000000085700000, 0x0000000085700000| Untracked 
|  14|0x0000000085800000, 0x0000000085800000, 0x0000000085900000|  0%| F|  |TAMS 0x0000000085800000, 0x0000000085800000| Untracked 
|  15|0x0000000085900000, 0x0000000085900000, 0x0000000085a00000|  0%| F|  |TAMS 0x0000000085900000, 0x0000000085900000| Untracked 
|  16|0x0000000085a00000, 0x0000000085a00000, 0x0000000085b00000|  0%| F|  |TAMS 0x0000000085a00000, 0x0000000085a00000| Untracked 
|  17|0x0000000085b00000, 0x0000000085b00000, 0x0000000085c00000|  0%| F|  |TAMS 0x0000000085b00000, 0x0000000085b00000| Untracked 
|  18|0x0000000085c00000, 0x0000000085c00000, 0x0000000085d00000|  0%| F|  |TAMS 0x0000000085c00000, 0x0000000085c00000| Untracked 
|  19|0x0000000085d00000, 0x0000000085d00000, 0x0000000085e00000|  0%| F|  |TAMS 0x0000000085d00000, 0x0000000085d00000| Untracked 
|  20|0x0000000085e00000, 0x0000000085e00000, 0x0000000085f00000|  0%| F|  |TAMS 0x0000000085e00000, 0x0000000085e00000| Untracked 
|  21|0x0000000085f00000, 0x0000000085f00000, 0x0000000086000000|  0%| F|  |TAMS 0x0000000085f00000, 0x0000000085f00000| Untracked 
|  22|0x0000000086000000, 0x0000000086000000, 0x0000000086100000|  0%| F|  |TAMS 0x0000000086000000, 0x0000000086000000| Untracked 
|  23|0x0000000086100000, 0x0000000086100000, 0x0000000086200000|  0%| F|  |TAMS 0x0000000086100000, 0x0000000086100000| Untracked 
|  24|0x0000000086200000, 0x0000000086200000, 0x0000000086300000|  0%| F|  |TAMS 0x0000000086200000, 0x0000000086200000| Untracked 
|  25|0x0000000086300000, 0x0000000086300000, 0x0000000086400000|  0%| F|  |TAMS 0x0000000086300000, 0x0000000086300000| Untracked 
|  26|0x0000000086400000, 0x0000000086400000, 0x0000000086500000|  0%| F|  |TAMS 0x0000000086400000, 0x0000000086400000| Untracked 
|  27|0x0000000086500000, 0x0000000086500000, 0x0000000086600000|  0%| F|  |TAMS 0x0000000086500000, 0x0000000086500000| Untracked 
|  28|0x0000000086600000, 0x0000000086600000, 0x0000000086700000|  0%| F|  |TAMS 0x0000000086600000, 0x0000000086600000| Untracked 
|  29|0x0000000086700000, 0x0000000086700000, 0x0000000086800000|  0%| F|  |TAMS 0x0000000086700000, 0x0000000086700000| Untracked 
|  30|0x0000000086800000, 0x0000000086800000, 0x0000000086900000|  0%| F|  |TAMS 0x0000000086800000, 0x0000000086800000| Untracked 
|  31|0x0000000086900000, 0x0000000086900000, 0x0000000086a00000|  0%| F|  |TAMS 0x0000000086900000, 0x0000000086900000| Untracked 
|  32|0x0000000086a00000, 0x0000000086a00000, 0x0000000086b00000|  0%| F|  |TAMS 0x0000000086a00000, 0x0000000086a00000| Untracked 
|  33|0x0000000086b00000, 0x0000000086b00000, 0x0000000086c00000|  0%| F|  |TAMS 0x0000000086b00000, 0x0000000086b00000| Untracked 
|  34|0x0000000086c00000, 0x0000000086c00000, 0x0000000086d00000|  0%| F|  |TAMS 0x0000000086c00000, 0x0000000086c00000| Untracked 
|  35|0x0000000086d00000, 0x0000000086d00000, 0x0000000086e00000|  0%| F|  |TAMS 0x0000000086d00000, 0x0000000086d00000| Untracked 
|  36|0x0000000086e00000, 0x0000000086e00000, 0x0000000086f00000|  0%| F|  |TAMS 0x0000000086e00000, 0x0000000086e00000| Untracked 
|  37|0x0000000086f00000, 0x0000000086f00000, 0x0000000087000000|  0%| F|  |TAMS 0x0000000086f00000, 0x0000000086f00000| Untracked 
|  38|0x0000000087000000, 0x0000000087000000, 0x0000000087100000|  0%| F|  |TAMS 0x0000000087000000, 0x0000000087000000| Untracked 
|  39|0x0000000087100000, 0x0000000087100000, 0x0000000087200000|  0%| F|  |TAMS 0x0000000087100000, 0x0000000087100000| Untracked 
|  40|0x0000000087200000, 0x0000000087200000, 0x0000000087300000|  0%| F|  |TAMS 0x0000000087200000, 0x0000000087200000| Untracked 
|  41|0x0000000087300000, 0x0000000087300000, 0x0000000087400000|  0%| F|  |TAMS 0x0000000087300000, 0x0000000087300000| Untracked 
|  42|0x0000000087400000, 0x0000000087400000, 0x0000000087500000|  0%| F|  |TAMS 0x0000000087400000, 0x0000000087400000| Untracked 
|  43|0x0000000087500000, 0x0000000087500000, 0x0000000087600000|  0%| F|  |TAMS 0x0000000087500000, 0x0000000087500000| Untracked 
|  44|0x0000000087600000, 0x0000000087600000, 0x0000000087700000|  0%| F|  |TAMS 0x0000000087600000, 0x0000000087600000| Untracked 
|  45|0x0000000087700000, 0x0000000087700000, 0x0000000087800000|  0%| F|  |TAMS 0x0000000087700000, 0x0000000087700000| Untracked 
|  46|0x0000000087800000, 0x0000000087800000, 0x0000000087900000|  0%| F|  |TAMS 0x0000000087800000, 0x0000000087800000| Untracked 
|  47|0x0000000087900000, 0x0000000087900000, 0x0000000087a00000|  0%| F|  |TAMS 0x0000000087900000, 0x0000000087900000| Untracked 
|  48|0x0000000087a00000, 0x0000000087ab3128, 0x0000000087b00000| 69%| S|CS|TAMS 0x0000000087a00000, 0x0000000087a00000| Complete 
|  49|0x0000000087b00000, 0x0000000087c00000, 0x0000000087c00000|100%| S|CS|TAMS 0x0000000087b00000, 0x0000000087b00000| Complete 
|  50|0x0000000087c00000, 0x0000000087c00000, 0x0000000087d00000|  0%| F|  |TAMS 0x0000000087c00000, 0x0000000087c00000| Untracked 
|  51|0x0000000087d00000, 0x0000000087d00000, 0x0000000087e00000|  0%| F|  |TAMS 0x0000000087d00000, 0x0000000087d00000| Untracked 
|  52|0x0000000087e00000, 0x0000000087e00000, 0x0000000087f00000|  0%| F|  |TAMS 0x0000000087e00000, 0x0000000087e00000| Untracked 
|  53|0x0000000087f00000, 0x0000000087f00000, 0x0000000088000000|  0%| F|  |TAMS 0x0000000087f00000, 0x0000000087f00000| Untracked 
|  54|0x0000000088000000, 0x0000000088000000, 0x0000000088100000|  0%| F|  |TAMS 0x0000000088000000, 0x0000000088000000| Untracked 
|  55|0x0000000088100000, 0x0000000088100000, 0x0000000088200000|  0%| F|  |TAMS 0x0000000088100000, 0x0000000088100000| Untracked 
|  56|0x0000000088200000, 0x0000000088200000, 0x0000000088300000|  0%| F|  |TAMS 0x0000000088200000, 0x0000000088200000| Untracked 
|  57|0x0000000088300000, 0x0000000088300000, 0x0000000088400000|  0%| F|  |TAMS 0x0000000088300000, 0x0000000088300000| Untracked 
|  58|0x0000000088400000, 0x0000000088400000, 0x0000000088500000|  0%| F|  |TAMS 0x0000000088400000, 0x0000000088400000| Untracked 
|  59|0x0000000088500000, 0x0000000088500000, 0x0000000088600000|  0%| F|  |TAMS 0x0000000088500000, 0x0000000088500000| Untracked 
|  60|0x0000000088600000, 0x0000000088600000, 0x0000000088700000|  0%| F|  |TAMS 0x0000000088600000, 0x0000000088600000| Untracked 
|  61|0x0000000088700000, 0x0000000088700000, 0x0000000088800000|  0%| F|  |TAMS 0x0000000088700000, 0x0000000088700000| Untracked 
|  62|0x0000000088800000, 0x0000000088800000, 0x0000000088900000|  0%| F|  |TAMS 0x0000000088800000, 0x0000000088800000| Untracked 
|  63|0x0000000088900000, 0x0000000088900000, 0x0000000088a00000|  0%| F|  |TAMS 0x0000000088900000, 0x0000000088900000| Untracked 
|  64|0x0000000088a00000, 0x0000000088a00000, 0x0000000088b00000|  0%| F|  |TAMS 0x0000000088a00000, 0x0000000088a00000| Untracked 
|  65|0x0000000088b00000, 0x0000000088b00000, 0x0000000088c00000|  0%| F|  |TAMS 0x0000000088b00000, 0x0000000088b00000| Untracked 
|  66|0x0000000088c00000, 0x0000000088c00000, 0x0000000088d00000|  0%| F|  |TAMS 0x0000000088c00000, 0x0000000088c00000| Untracked 
|  67|0x0000000088d00000, 0x0000000088d00000, 0x0000000088e00000|  0%| F|  |TAMS 0x0000000088d00000, 0x0000000088d00000| Untracked 
|  68|0x0000000088e00000, 0x0000000088e00000, 0x0000000088f00000|  0%| F|  |TAMS 0x0000000088e00000, 0x0000000088e00000| Untracked 
|  69|0x0000000088f00000, 0x0000000088f00000, 0x0000000089000000|  0%| F|  |TAMS 0x0000000088f00000, 0x0000000088f00000| Untracked 
|  70|0x0000000089000000, 0x0000000089000000, 0x0000000089100000|  0%| F|  |TAMS 0x0000000089000000, 0x0000000089000000| Untracked 
|  71|0x0000000089100000, 0x0000000089100000, 0x0000000089200000|  0%| F|  |TAMS 0x0000000089100000, 0x0000000089100000| Untracked 
|  72|0x0000000089200000, 0x0000000089200000, 0x0000000089300000|  0%| F|  |TAMS 0x0000000089200000, 0x0000000089200000| Untracked 
|  73|0x0000000089300000, 0x0000000089300000, 0x0000000089400000|  0%| F|  |TAMS 0x0000000089300000, 0x0000000089300000| Untracked 
|  74|0x0000000089400000, 0x0000000089400000, 0x0000000089500000|  0%| F|  |TAMS 0x0000000089400000, 0x0000000089400000| Untracked 
|  75|0x0000000089500000, 0x0000000089500000, 0x0000000089600000|  0%| F|  |TAMS 0x0000000089500000, 0x0000000089500000| Untracked 
|  76|0x0000000089600000, 0x0000000089600000, 0x0000000089700000|  0%| F|  |TAMS 0x0000000089600000, 0x0000000089600000| Untracked 
|  77|0x0000000089700000, 0x0000000089700000, 0x0000000089800000|  0%| F|  |TAMS 0x0000000089700000, 0x0000000089700000| Untracked 
|  78|0x0000000089800000, 0x0000000089800000, 0x0000000089900000|  0%| F|  |TAMS 0x0000000089800000, 0x0000000089800000| Untracked 
|  79|0x0000000089900000, 0x0000000089900000, 0x0000000089a00000|  0%| F|  |TAMS 0x0000000089900000, 0x0000000089900000| Untracked 
|  80|0x0000000089a00000, 0x0000000089a00000, 0x0000000089b00000|  0%| F|  |TAMS 0x0000000089a00000, 0x0000000089a00000| Untracked 
|  81|0x0000000089b00000, 0x0000000089b00000, 0x0000000089c00000|  0%| F|  |TAMS 0x0000000089b00000, 0x0000000089b00000| Untracked 
|  82|0x0000000089c00000, 0x0000000089c00000, 0x0000000089d00000|  0%| F|  |TAMS 0x0000000089c00000, 0x0000000089c00000| Untracked 
|  83|0x0000000089d00000, 0x0000000089d00000, 0x0000000089e00000|  0%| F|  |TAMS 0x0000000089d00000, 0x0000000089d00000| Untracked 
|  84|0x0000000089e00000, 0x0000000089e00000, 0x0000000089f00000|  0%| F|  |TAMS 0x0000000089e00000, 0x0000000089e00000| Untracked 
|  85|0x0000000089f00000, 0x0000000089f00000, 0x000000008a000000|  0%| F|  |TAMS 0x0000000089f00000, 0x0000000089f00000| Untracked 
|  86|0x000000008a000000, 0x000000008a000000, 0x000000008a100000|  0%| F|  |TAMS 0x000000008a000000, 0x000000008a000000| Untracked 
|  87|0x000000008a100000, 0x000000008a100000, 0x000000008a200000|  0%| F|  |TAMS 0x000000008a100000, 0x000000008a100000| Untracked 
|  88|0x000000008a200000, 0x000000008a200000, 0x000000008a300000|  0%| F|  |TAMS 0x000000008a200000, 0x000000008a200000| Untracked 
|  89|0x000000008a300000, 0x000000008a300000, 0x000000008a400000|  0%| F|  |TAMS 0x000000008a300000, 0x000000008a300000| Untracked 
|  90|0x000000008a400000, 0x000000008a400000, 0x000000008a500000|  0%| F|  |TAMS 0x000000008a400000, 0x000000008a400000| Untracked 
|  91|0x000000008a500000, 0x000000008a500000, 0x000000008a600000|  0%| F|  |TAMS 0x000000008a500000, 0x000000008a500000| Untracked 
|  92|0x000000008a600000, 0x000000008a600000, 0x000000008a700000|  0%| F|  |TAMS 0x000000008a600000, 0x000000008a600000| Untracked 
|  93|0x000000008a700000, 0x000000008a700000, 0x000000008a800000|  0%| F|  |TAMS 0x000000008a700000, 0x000000008a700000| Untracked 
|  94|0x000000008a800000, 0x000000008a800000, 0x000000008a900000|  0%| F|  |TAMS 0x000000008a800000, 0x000000008a800000| Untracked 
|  95|0x000000008a900000, 0x000000008a900000, 0x000000008aa00000|  0%| F|  |TAMS 0x000000008a900000, 0x000000008a900000| Untracked 
|  96|0x000000008aa00000, 0x000000008aa00000, 0x000000008ab00000|  0%| F|  |TAMS 0x000000008aa00000, 0x000000008aa00000| Untracked 
|  97|0x000000008ab00000, 0x000000008ab00000, 0x000000008ac00000|  0%| F|  |TAMS 0x000000008ab00000, 0x000000008ab00000| Untracked 
|  98|0x000000008ac00000, 0x000000008ac00000, 0x000000008ad00000|  0%| F|  |TAMS 0x000000008ac00000, 0x000000008ac00000| Untracked 
|  99|0x000000008ad00000, 0x000000008ad00000, 0x000000008ae00000|  0%| F|  |TAMS 0x000000008ad00000, 0x000000008ad00000| Untracked 
| 100|0x000000008ae00000, 0x000000008ae00000, 0x000000008af00000|  0%| F|  |TAMS 0x000000008ae00000, 0x000000008ae00000| Untracked 
| 101|0x000000008af00000, 0x000000008af00000, 0x000000008b000000|  0%| F|  |TAMS 0x000000008af00000, 0x000000008af00000| Untracked 
| 102|0x000000008b000000, 0x000000008b000000, 0x000000008b100000|  0%| F|  |TAMS 0x000000008b000000, 0x000000008b000000| Untracked 
| 103|0x000000008b100000, 0x000000008b100000, 0x000000008b200000|  0%| F|  |TAMS 0x000000008b100000, 0x000000008b100000| Untracked 
| 104|0x000000008b200000, 0x000000008b200000, 0x000000008b300000|  0%| F|  |TAMS 0x000000008b200000, 0x000000008b200000| Untracked 
| 105|0x000000008b300000, 0x000000008b300000, 0x000000008b400000|  0%| F|  |TAMS 0x000000008b300000, 0x000000008b300000| Untracked 
| 106|0x000000008b400000, 0x000000008b400000, 0x000000008b500000|  0%| F|  |TAMS 0x000000008b400000, 0x000000008b400000| Untracked 
| 107|0x000000008b500000, 0x000000008b500000, 0x000000008b600000|  0%| F|  |TAMS 0x000000008b500000, 0x000000008b500000| Untracked 
| 108|0x000000008b600000, 0x000000008b600000, 0x000000008b700000|  0%| F|  |TAMS 0x000000008b600000, 0x000000008b600000| Untracked 
| 109|0x000000008b700000, 0x000000008b700000, 0x000000008b800000|  0%| F|  |TAMS 0x000000008b700000, 0x000000008b700000| Untracked 
| 110|0x000000008b800000, 0x000000008b800000, 0x000000008b900000|  0%| F|  |TAMS 0x000000008b800000, 0x000000008b800000| Untracked 
| 111|0x000000008b900000, 0x000000008b900000, 0x000000008ba00000|  0%| F|  |TAMS 0x000000008b900000, 0x000000008b900000| Untracked 
| 112|0x000000008ba00000, 0x000000008ba00000, 0x000000008bb00000|  0%| F|  |TAMS 0x000000008ba00000, 0x000000008ba00000| Untracked 
| 113|0x000000008bb00000, 0x000000008bb00000, 0x000000008bc00000|  0%| F|  |TAMS 0x000000008bb00000, 0x000000008bb00000| Untracked 
| 114|0x000000008bc00000, 0x000000008bc00000, 0x000000008bd00000|  0%| F|  |TAMS 0x000000008bc00000, 0x000000008bc00000| Untracked 
| 115|0x000000008bd00000, 0x000000008bd00000, 0x000000008be00000|  0%| F|  |TAMS 0x000000008bd00000, 0x000000008bd00000| Untracked 
| 116|0x000000008be00000, 0x000000008be00000, 0x000000008bf00000|  0%| F|  |TAMS 0x000000008be00000, 0x000000008be00000| Untracked 
| 117|0x000000008bf00000, 0x000000008bf00000, 0x000000008c000000|  0%| F|  |TAMS 0x000000008bf00000, 0x000000008bf00000| Untracked 
| 118|0x000000008c000000, 0x000000008c000000, 0x000000008c100000|  0%| F|  |TAMS 0x000000008c000000, 0x000000008c000000| Untracked 
| 119|0x000000008c100000, 0x000000008c100000, 0x000000008c200000|  0%| F|  |TAMS 0x000000008c100000, 0x000000008c100000| Untracked 
| 120|0x000000008c200000, 0x000000008c200000, 0x000000008c300000|  0%| F|  |TAMS 0x000000008c200000, 0x000000008c200000| Untracked 
| 121|0x000000008c300000, 0x000000008c380800, 0x000000008c400000| 50%| E|  |TAMS 0x000000008c300000, 0x000000008c300000| Complete 
| 122|0x000000008c400000, 0x000000008c500000, 0x000000008c500000|100%| E|CS|TAMS 0x000000008c400000, 0x000000008c400000| Complete 
| 123|0x000000008c500000, 0x000000008c600000, 0x000000008c600000|100%| E|CS|TAMS 0x000000008c500000, 0x000000008c500000| Complete 

Card table byte_map: [0x0000028c5f700000,0x0000028c5fae0000] _byte_map_base: 0x0000028c5f2db000

Marking Bits (Prev, Next): (CMBitMap*) 0x0000028c487e44f0, (CMBitMap*) 0x0000028c487e4530
 Prev Bits: [0x0000028c5fec0000, 0x0000028c61d98000)
 Next Bits: [0x0000028c61da0000, 0x0000028c63c78000)

Polling page: 0x0000028c47f70000

Metaspace:

Usage:
  Non-class:      9.64 MB used.
      Class:      1.40 MB used.
       Both:     11.04 MB used.

Virtual space:
  Non-class space:       16.00 MB reserved,       9.69 MB ( 61%) committed,  2 nodes.
      Class space:        1.00 GB reserved,       1.50 MB ( <1%) committed,  1 nodes.
             Both:        1.02 GB reserved,      11.19 MB (  1%) committed. 

Chunk freelists:
   Non-Class:  1.44 MB
       Class:  2.39 MB
        Both:  3.83 MB

MaxMetaspaceSize: unlimited
CompressedClassSpaceSize: 1.00 GB
Initial GC threshold: 21.00 MB
Current GC threshold: 21.00 MB
CDS: on
MetaspaceReclaimPolicy: balanced
 - commit_granule_bytes: 65536.
 - commit_granule_words: 8192.
 - virtual_space_node_default_size: 1048576.
 - enlarge_chunks_in_place: 1.
 - new_chunks_are_fully_committed: 0.
 - uncommit_free_chunks: 1.
 - use_allocation_guard: 0.
 - handle_deallocations: 1.


Internal statistics:

num_allocs_failed_limit: 0.
num_arena_births: 58.
num_arena_deaths: 0.
num_vsnodes_births: 3.
num_vsnodes_deaths: 0.
num_space_committed: 179.
num_space_uncommitted: 0.
num_chunks_returned_to_freelist: 0.
num_chunks_taken_from_freelist: 384.
num_chunk_merges: 0.
num_chunk_splits: 282.
num_chunks_enlarged: 237.
num_purges: 0.
num_inconsistent_stats: 0.

CodeHeap 'non-profiled nmethods': size=120000Kb used=661Kb max_used=661Kb free=119338Kb
 bounds [0x0000028c57ac0000, 0x0000028c57d30000, 0x0000028c5eff0000]
CodeHeap 'profiled nmethods': size=120000Kb used=3120Kb max_used=3120Kb free=116879Kb
 bounds [0x0000028c50590000, 0x0000028c508a0000, 0x0000028c57ac0000]
CodeHeap 'non-nmethods': size=5760Kb used=1176Kb max_used=1213Kb free=4583Kb
 bounds [0x0000028c4fff0000, 0x0000028c50260000, 0x0000028c50590000]
 total_blobs=1997 nmethods=1541 adapters=369
 compilation: enabled
              stopped_count=0, restarted_count=0
 full_count=0

Compilation events (20 events):
Event: 0.696 Thread 0x0000028c666c68e0 1537       3       javassist.bytecode.Descriptor::toString (5 bytes)
Event: 0.696 Thread 0x0000028c666c68e0 nmethod 1537 0x0000028c50898710 code [0x0000028c508988a0, 0x0000028c508989a8]
Event: 0.701 Thread 0x0000028c666c68e0 1539       3       java.util.concurrent.ConcurrentHashMap$CollectionView::<init> (10 bytes)
Event: 0.701 Thread 0x0000028c666c68e0 nmethod 1539 0x0000028c50898a90 code [0x0000028c50898c20, 0x0000028c50898dd8]
Event: 0.702 Thread 0x0000028c666c68e0 1540       3       com.google.common.base.Preconditions::checkNotNull (18 bytes)
Event: 0.703 Thread 0x0000028c666c68e0 nmethod 1540 0x0000028c50898e90 code [0x0000028c50899060, 0x0000028c508993d8]
Event: 0.703 Thread 0x0000028c666c68e0 1541       3       java.util.concurrent.ConcurrentHashMap$KeySetView::<init> (11 bytes)
Event: 0.703 Thread 0x0000028c666c68e0 nmethod 1541 0x0000028c50899510 code [0x0000028c508996c0, 0x0000028c50899938]
Event: 0.703 Thread 0x0000028c666c68e0 1542       3       java.util.concurrent.ConcurrentHashMap::keySet (26 bytes)
Event: 0.703 Thread 0x0000028c666c68e0 nmethod 1542 0x0000028c50899a10 code [0x0000028c50899bc0, 0x0000028c50899f58]
Event: 0.703 Thread 0x0000028c666c68e0 1544       3       java.lang.invoke.BoundMethodHandle::<init> (32 bytes)
Event: 0.704 Thread 0x0000028c666c68e0 nmethod 1544 0x0000028c5089a090 code [0x0000028c5089a240, 0x0000028c5089a3a8]
Event: 0.704 Thread 0x0000028c666c68e0 1545       3       com.google.common.collect.Multimaps$CustomSetMultimap::createCollection (5 bytes)
Event: 0.704 Thread 0x0000028c666c68e0 nmethod 1545 0x0000028c5089a490 code [0x0000028c5089a640, 0x0000028c5089a988]
Event: 0.704 Thread 0x0000028c666c68e0 1546       3       com.google.common.collect.Multimaps$CustomSetMultimap::createCollection (13 bytes)
Event: 0.704 Thread 0x0000028c666c68e0 nmethod 1546 0x0000028c5089aa90 code [0x0000028c5089ac40, 0x0000028c5089af28]
Event: 0.709 Thread 0x0000028c666ba930 nmethod 1523 0x0000028c57b63090 code [0x0000028c57b63300, 0x0000028c57b64470]
Event: 0.710 Thread 0x0000028c666ba930 1538       4       javassist.bytecode.ConstPool::readOne (363 bytes)
Event: 0.716 Thread 0x0000028c666c68e0 1548       1       java.util.logging.LogManager$LoggerContext::getOwner (5 bytes)
Event: 0.716 Thread 0x0000028c666c68e0 nmethod 1548 0x0000028c57b65310 code [0x0000028c57b654a0, 0x0000028c57b65578]

GC Heap History (4 events):
Event: 0.388 GC heap before
{Heap before GC invocations=0 (full 0):
 garbage-first heap   total 126976K, used 26624K [0x0000000084a00000, 0x0000000100000000)
  region size 1024K, 23 young (23552K), 0 survivors (0K)
 Metaspace       used 5706K, committed 5888K, reserved 1056768K
  class space    used 742K, committed 832K, reserved 1048576K
}
Event: 0.391 GC heap after
{Heap after GC invocations=1 (full 0):
 garbage-first heap   total 126976K, used 9624K [0x0000000084a00000, 0x0000000100000000)
  region size 1024K, 3 young (3072K), 3 survivors (3072K)
 Metaspace       used 5706K, committed 5888K, reserved 1056768K
  class space    used 742K, committed 832K, reserved 1048576K
}
Event: 0.542 GC heap before
{Heap before GC invocations=1 (full 0):
 garbage-first heap   total 126976K, used 40344K [0x0000000084a00000, 0x0000000100000000)
  region size 1024K, 33 young (33792K), 3 survivors (3072K)
 Metaspace       used 8873K, committed 9024K, reserved 1064960K
  class space    used 1132K, committed 1216K, reserved 1048576K
}
Event: 0.545 GC heap after
{Heap after GC invocations=2 (full 0):
 garbage-first heap   total 126976K, used 11169K [0x0000000084a00000, 0x0000000100000000)
  region size 1024K, 2 young (2048K), 2 survivors (2048K)
 Metaspace       used 8873K, committed 9024K, reserved 1064960K
  class space    used 1132K, committed 1216K, reserved 1048576K
}

Deoptimization events (20 events):
Event: 0.664 Thread 0x0000028c67af2ef0 Uncommon trap: trap_request=0xffffffc6 fr.pc=0x0000028c57b55efc relative=0x000000000000053c
Event: 0.664 Thread 0x0000028c67af2ef0 Uncommon trap: reason=bimorphic_or_optimized_type_check action=maybe_recompile pc=0x0000028c57b55efc method=java.util.HashMap.getNode(Ljava/lang/Object;)Ljava/util/HashMap$Node; @ 128 c2
Event: 0.664 Thread 0x0000028c67af2ef0 DEOPT PACKING pc=0x0000028c57b55efc sp=0x000000ac4f5fea30
Event: 0.664 Thread 0x0000028c67af2ef0 DEOPT UNPACKING pc=0x0000028c50045c23 sp=0x000000ac4f5fe938 mode 2
Event: 0.671 Thread 0x0000028c67af2ef0 DEOPT PACKING pc=0x0000028c5087cd35 sp=0x000000ac4f5feb90
Event: 0.671 Thread 0x0000028c67af2ef0 DEOPT UNPACKING pc=0x0000028c50046763 sp=0x000000ac4f5fe098 mode 0
Event: 0.679 Thread 0x0000028c67af2ef0 DEOPT PACKING pc=0x0000028c5087cd35 sp=0x000000ac4f5feb90
Event: 0.679 Thread 0x0000028c67af2ef0 DEOPT UNPACKING pc=0x0000028c50046763 sp=0x000000ac4f5fe098 mode 0
Event: 0.681 Thread 0x0000028c67af2ef0 DEOPT PACKING pc=0x0000028c508850e2 sp=0x000000ac4f5feaf0
Event: 0.681 Thread 0x0000028c67af2ef0 DEOPT UNPACKING pc=0x0000028c50046763 sp=0x000000ac4f5fe000 mode 0
Event: 0.685 Thread 0x0000028c67af2ef0 DEOPT PACKING pc=0x0000028c5087cd35 sp=0x000000ac4f5feb90
Event: 0.685 Thread 0x0000028c67af2ef0 DEOPT UNPACKING pc=0x0000028c50046763 sp=0x000000ac4f5fe098 mode 0
Event: 0.687 Thread 0x0000028c67af2ef0 Uncommon trap: trap_request=0x00000032 fr.pc=0x0000028c57b5d7f4 relative=0x0000000000005214
Event: 0.687 Thread 0x0000028c67af2ef0 Uncommon trap: reason=unloaded action=reinterpret pc=0x0000028c57b5d7f4 method=javassist.bytecode.ConstPool.readOne(Ljava/io/DataInputStream;)I @ 156 c2
Event: 0.687 Thread 0x0000028c67af2ef0 DEOPT PACKING pc=0x0000028c57b5d7f4 sp=0x000000ac4f5feb00
Event: 0.687 Thread 0x0000028c67af2ef0 DEOPT UNPACKING pc=0x0000028c50045c23 sp=0x000000ac4f5feae8 mode 2
Event: 0.710 Thread 0x0000028c67af2ef0 Uncommon trap: trap_request=0xffffffc6 fr.pc=0x0000028c57b55efc relative=0x000000000000053c
Event: 0.710 Thread 0x0000028c67af2ef0 Uncommon trap: reason=bimorphic_or_optimized_type_check action=maybe_recompile pc=0x0000028c57b55efc method=java.util.HashMap.getNode(Ljava/lang/Object;)Ljava/util/HashMap$Node; @ 128 c2
Event: 0.710 Thread 0x0000028c67af2ef0 DEOPT PACKING pc=0x0000028c57b55efc sp=0x000000ac4f5fea30
Event: 0.710 Thread 0x0000028c67af2ef0 DEOPT UNPACKING pc=0x0000028c50045c23 sp=0x000000ac4f5fe938 mode 2

Classes unloaded (0 events):
No events

Classes redefined (0 events):
No events

Internal exceptions (20 events):
Event: 0.118 Thread 0x0000028c487a4e10 Exception <a 'sun/nio/fs/WindowsException'{0x000000008c02fad8}> (0x000000008c02fad8) 
thrown [t:\workspace\open\src\hotspot\share\prims\jni.cpp, line 516]
Event: 0.118 Thread 0x0000028c487a4e10 Exception <a 'sun/nio/fs/WindowsException'{0x000000008c02ff78}> (0x000000008c02ff78) 
thrown [t:\workspace\open\src\hotspot\share\prims\jni.cpp, line 516]
Event: 0.118 Thread 0x0000028c487a4e10 Exception <a 'sun/nio/fs/WindowsException'{0x000000008c030ab0}> (0x000000008c030ab0) 
thrown [t:\workspace\open\src\hotspot\share\prims\jni.cpp, line 516]
Event: 0.121 Thread 0x0000028c487a4e10 Exception <a 'java/lang/NoSuchMethodError'{0x000000008c038ab8}: 'void java.lang.invoke.DirectMethodHandle$Holder.invokeVirtual(java.lang.Object, java.lang.Object)'> (0x000000008c038ab8) 
thrown [t:\workspace\open\src\hotspot\share\interpreter\linkResolver.cpp, line 766]
Event: 0.161 Thread 0x0000028c487a4e10 Exception <a 'java/lang/NoSuchMethodError'{0x000000008bea3598}: 'int java.lang.invoke.DirectMethodHandle$Holder.invokeVirtual(java.lang.Object, java.lang.Object)'> (0x000000008bea3598) 
thrown [t:\workspace\open\src\hotspot\share\interpreter\linkResolver.cpp, line 766]
Event: 0.227 Thread 0x0000028c487a4e10 Exception <a 'java/lang/NoSuchMethodError'{0x000000008b946998}: 'int java.lang.invoke.DirectMethodHandle$Holder.invokeStaticInit(java.lang.Object, java.lang.Object, java.lang.Object)'> (0x000000008b946998) 
thrown [t:\workspace\open\src\hotspot\share\interpreter\linkResolver.cpp, line 766]
Event: 0.240 Thread 0x0000028c487a4e10 Exception <a 'java/lang/NoSuchMethodError'{0x000000008b82c0f8}: 'java.lang.Object java.lang.invoke.DirectMethodHandle$Holder.newInvokeSpecial(java.lang.Object, java.lang.Object, java.lang.Object, java.lang.Object, java.lang.Object)'> (0x000000008b82c0f8) 
thrown [t:\workspace\open\src\hotspot\share\interpreter\linkResolver.cpp, line 766]
Event: 0.241 Thread 0x0000028c487a4e10 Exception <a 'java/lang/NoSuchMethodError'{0x000000008b83d188}: 'java.lang.Object java.lang.invoke.DirectMethodHandle$Holder.newInvokeSpecial(java.lang.Object, java.lang.Object, int, java.lang.Object)'> (0x000000008b83d188) 
thrown [t:\workspace\open\src\hotspot\share\interpreter\linkResolver.cpp, line 766]
Event: 0.241 Thread 0x0000028c487a4e10 Exception <a 'java/lang/NoSuchMethodError'{0x000000008b8412c0}: 'java.lang.Object java.lang.invoke.DirectMethodHandle$Holder.invokeSpecial(java.lang.Object, java.lang.Object, java.lang.Object, int, java.lang.Object)'> (0x000000008b8412c0) 
thrown [t:\workspace\open\src\hotspot\share\interpreter\linkResolver.cpp, line 766]
Event: 0.277 Thread 0x0000028c487a4e10 Exception <a 'java/lang/NoSuchMethodError'{0x000000008b7ece10}: 'void java.lang.invoke.DirectMethodHandle$Holder.invokeSpecial(java.lang.Object, java.lang.Object, java.lang.Object)'> (0x000000008b7ece10) 
thrown [t:\workspace\open\src\hotspot\share\interpreter\linkResolver.cpp, line 766]
Event: 0.277 Thread 0x0000028c487a4e10 Exception <a 'java/lang/NoSuchMethodError'{0x000000008b7f3af8}: 'void java.lang.invoke.DirectMethodHandle$Holder.invokeStatic(java.lang.Object, java.lang.Object, java.lang.Object, java.lang.Object)'> (0x000000008b7f3af8) 
thrown [t:\workspace\open\src\hotspot\share\interpreter\linkResolver.cpp, line 766]
Event: 0.283 Thread 0x0000028c487a4e10 Exception <a 'java/lang/NoSuchMethodError'{0x000000008b61ea90}: 'java.lang.Object java.lang.invoke.DirectMethodHandle$Holder.newInvokeSpecial(java.lang.Object, java.lang.Object, int)'> (0x000000008b61ea90) 
thrown [t:\workspace\open\src\hotspot\share\interpreter\linkResolver.cpp, line 766]
Event: 0.286 Thread 0x0000028c487a4e10 Exception <a 'java/lang/NoSuchMethodError'{0x000000008b648338}: 'void java.lang.invoke.DirectMethodHandle$Holder.invokeSpecial(java.lang.Object, java.lang.Object, java.lang.Object, java.lang.Object, java.lang.Object)'> (0x000000008b648338) 
thrown [t:\workspace\open\src\hotspot\share\interpreter\linkResolver.cpp, line 766]
Event: 0.329 Thread 0x0000028c487a4e10 Exception <a 'java/lang/NoSuchMethodError'{0x000000008b32ace8}: 'int java.lang.invoke.DirectMethodHandle$Holder.invokeSpecial(java.lang.Object, java.lang.Object, java.lang.Object)'> (0x000000008b32ace8) 
thrown [t:\workspace\open\src\hotspot\share\interpreter\linkResolver.cpp, line 766]
Event: 0.440 Thread 0x0000028c487a4e10 Exception <a 'java/lang/NoSuchMethodError'{0x000000008c246cc0}: 'java.lang.Object java.lang.invoke.DirectMethodHandle$Holder.invokeStaticInit(java.lang.Object)'> (0x000000008c246cc0) 
thrown [t:\workspace\open\src\hotspot\share\interpreter\linkResolver.cpp, line 766]
Event: 0.508 Thread 0x0000028c487a4e10 Exception <a 'java/lang/NoSuchMethodError'{0x000000008b6cc710}: 'java.lang.Object java.lang.invoke.DirectMethodHandle$Holder.invokeStaticInit(java.lang.Object, int, int, int, int)'> (0x000000008b6cc710) 
thrown [t:\workspace\open\src\hotspot\share\interpreter\linkResolver.cpp, line 766]
Event: 0.592 Thread 0x0000028c487a4e10 Exception <a 'java/lang/NoSuchMethodError'{0x000000008b1f21e8}: 'java.lang.Object java.lang.invoke.DirectMethodHandle$Holder.invokeStaticInit(java.lang.Object, java.lang.Object, int, int, int, int)'> (0x000000008b1f21e8) 
thrown [t:\workspace\open\src\hotspot\share\interpreter\linkResolver.cpp, line 766]
Event: 0.602 Thread 0x0000028c487a4e10 Exception <a 'java/lang/UnsatisfiedLinkError'{0x000000008b1fc540}: 'int io.grpc.netty.shaded.io.netty.channel.epoll.Native.offsetofEpollData()'> (0x000000008b1fc540) 
thrown [t:\workspace\open\src\hotspot\share\prims\nativeLookup.cpp, line 543]
Event: 0.602 Thread 0x0000028c487a4e10 Exception <a 'java/lang/ExceptionInInitializerError'{0x000000008b1fd648}> (0x000000008b1fd648) 
thrown [t:\workspace\open\src\hotspot\share\oops\instanceKlass.cpp, line 1168]
Event: 0.703 Thread 0x0000028c487a4e10 Exception <a 'java/lang/NoSuchMethodError'{0x0000000088b69b90}: 'void java.lang.invoke.DirectMethodHandle$Holder.invokeInterface(java.lang.Object, java.lang.Object)'> (0x0000000088b69b90) 
thrown [t:\workspace\open\src\hotspot\share\interpreter\linkResolver.cpp, line 766]

VM Operations (18 events):
Event: 0.089 Executing VM operation: HandshakeAllThreads
Event: 0.089 Executing VM operation: HandshakeAllThreads done
Event: 0.348 Executing VM operation: HandshakeAllThreads
Event: 0.348 Executing VM operation: HandshakeAllThreads done
Event: 0.357 Executing VM operation: HandshakeAllThreads
Event: 0.357 Executing VM operation: HandshakeAllThreads done
Event: 0.388 Executing VM operation: G1CollectForAllocation
Event: 0.391 Executing VM operation: G1CollectForAllocation done
Event: 0.411 Executing VM operation: HandshakeAllThreads
Event: 0.411 Executing VM operation: HandshakeAllThreads done
Event: 0.422 Executing VM operation: HandshakeAllThreads
Event: 0.422 Executing VM operation: HandshakeAllThreads done
Event: 0.454 Executing VM operation: HandshakeAllThreads
Event: 0.454 Executing VM operation: HandshakeAllThreads done
Event: 0.532 Executing VM operation: HandshakeAllThreads
Event: 0.532 Executing VM operation: HandshakeAllThreads done
Event: 0.542 Executing VM operation: G1CollectForAllocation
Event: 0.545 Executing VM operation: G1CollectForAllocation done

Events (20 events):
Event: 0.719 loading class java/util/concurrent/atomic/AtomicIntegerFieldUpdater done
Event: 0.719 loading class java/util/concurrent/atomic/AtomicIntegerFieldUpdater$AtomicIntegerFieldUpdaterImpl
Event: 0.720 loading class java/util/concurrent/atomic/AtomicIntegerFieldUpdater$AtomicIntegerFieldUpdaterImpl done
Event: 0.720 loading class java/util/concurrent/atomic/AtomicIntegerFieldUpdater$AtomicIntegerFieldUpdaterImpl$1
Event: 0.720 loading class java/util/concurrent/atomic/AtomicIntegerFieldUpdater$AtomicIntegerFieldUpdaterImpl$1 done
Event: 0.720 loading class sun/reflect/misc/ReflectUtil
Event: 0.720 loading class sun/reflect/misc/ReflectUtil done
Event: 0.725 loading class java/util/concurrent/ScheduledFuture
Event: 0.726 loading class java/util/concurrent/Delayed
Event: 0.726 loading class java/util/concurrent/Delayed done
Event: 0.726 loading class java/util/concurrent/ScheduledFuture done
Event: 0.730 loading class java/util/concurrent/RejectedExecutionException
Event: 0.730 loading class java/util/concurrent/RejectedExecutionException done
Event: 0.732 loading class java/util/concurrent/CancellationException
Event: 0.732 loading class java/util/concurrent/CancellationException done
Event: 0.732 loading class java/util/concurrent/ExecutionException
Event: 0.733 loading class java/util/concurrent/ExecutionException done
Event: 0.733 loading class java/util/concurrent/TimeoutException
Event: 0.733 loading class java/util/concurrent/TimeoutException done
Event: 0.733 loading class java/util/concurrent/atomic/AtomicReferenceFieldUpdater


Dynamic libraries:
0x00007ff719220000 - 0x00007ff719230000 	C:\Program Files\Java\jdk-17.0.2\bin\java.exe
0x00007ff8553b0000 - 0x00007ff8555a5000 	C:\WINDOWS\SYSTEM32\ntdll.dll
0x00007ff855110000 - 0x00007ff8551ce000 	C:\WINDOWS\System32\KERNEL32.DLL
0x00007ff852b00000 - 0x00007ff852dc8000 	C:\WINDOWS\System32\KERNELBASE.dll
0x00007ff853270000 - 0x00007ff853370000 	C:\WINDOWS\System32\ucrtbase.dll
0x00007ff83c0c0000 - 0x00007ff83c0da000 	C:\Program Files\Java\jdk-17.0.2\bin\VCRUNTIME140.dll
0x00007ff83d970000 - 0x00007ff83d988000 	C:\Program Files\Java\jdk-17.0.2\bin\jli.dll
0x00007ff854a00000 - 0x00007ff854aae000 	C:\WINDOWS\System32\ADVAPI32.dll
0x00007ff854fe0000 - 0x00007ff85507e000 	C:\WINDOWS\System32\msvcrt.dll
0x00007ff8536f0000 - 0x00007ff85378c000 	C:\WINDOWS\System32\sechost.dll
0x00007ff854090000 - 0x00007ff8541b5000 	C:\WINDOWS\System32\RPCRT4.dll
0x00007ff8551d0000 - 0x00007ff855370000 	C:\WINDOWS\System32\USER32.dll
0x00007ff853120000 - 0x00007ff853142000 	C:\WINDOWS\System32\win32u.dll
0x00007ff8536c0000 - 0x00007ff8536eb000 	C:\WINDOWS\System32\GDI32.dll
0x00007ff852f80000 - 0x00007ff85308b000 	C:\WINDOWS\System32\gdi32full.dll
0x00007ff853370000 - 0x00007ff85340d000 	C:\WINDOWS\System32\msvcp_win.dll
0x00007ff83c790000 - 0x00007ff83ca2a000 	C:\WINDOWS\WinSxS\amd64_microsoft.windows.common-controls_6595b64144ccf1df_6.0.19041.1110_none_60b5254171f9507e\COMCTL32.dll
0x00007ff843d90000 - 0x00007ff843d9a000 	C:\WINDOWS\SYSTEM32\VERSION.dll
0x00007ff854e80000 - 0x00007ff854eb0000 	C:\WINDOWS\System32\IMM32.DLL
0x00007ff847440000 - 0x00007ff84744c000 	C:\Program Files\Java\jdk-17.0.2\bin\vcruntime140_1.dll
0x00007ff81e070000 - 0x00007ff81e0fd000 	C:\Program Files\Java\jdk-17.0.2\bin\msvcp140.dll
0x00007fffc5570000 - 0x00007fffc6131000 	C:\Program Files\Java\jdk-17.0.2\bin\server\jvm.dll
0x00007ff854d60000 - 0x00007ff854d68000 	C:\WINDOWS\System32\PSAPI.DLL
0x00007ff8394b0000 - 0x00007ff8394d7000 	C:\WINDOWS\SYSTEM32\WINMM.dll
0x00007ff847fb0000 - 0x00007ff847fb9000 	C:\WINDOWS\SYSTEM32\WSOCK32.dll
0x00007ff854eb0000 - 0x00007ff854f1b000 	C:\WINDOWS\System32\WS2_32.dll
0x00007ff851370000 - 0x00007ff851382000 	C:\WINDOWS\SYSTEM32\kernel.appcore.dll
0x00007ff840750000 - 0x00007ff84075a000 	C:\Program Files\Java\jdk-17.0.2\bin\jimage.dll
0x00007ff8504a0000 - 0x00007ff850684000 	C:\WINDOWS\SYSTEM32\DBGHELP.DLL
0x00007ff832550000 - 0x00007ff83257c000 	C:\WINDOWS\SYSTEM32\dbgcore.DLL
0x00007ff853090000 - 0x00007ff853112000 	C:\WINDOWS\System32\bcryptPrimitives.dll
0x00007ff82c6e0000 - 0x00007ff82c705000 	C:\Program Files\Java\jdk-17.0.2\bin\java.dll
0x00007ff816f10000 - 0x00007ff816fe6000 	C:\Program Files\Java\jdk-17.0.2\bin\jsvml.dll
0x00007ff853940000 - 0x00007ff854084000 	C:\WINDOWS\System32\SHELL32.dll
0x00007ff850b30000 - 0x00007ff8512c4000 	C:\WINDOWS\SYSTEM32\windows.storage.dll
0x00007ff8546a0000 - 0x00007ff8549f4000 	C:\WINDOWS\System32\combase.dll
0x00007ff852530000 - 0x00007ff85255c000 	C:\WINDOWS\SYSTEM32\Wldp.dll
0x00007ff854d70000 - 0x00007ff854e1d000 	C:\WINDOWS\System32\SHCORE.dll
0x00007ff853410000 - 0x00007ff853465000 	C:\WINDOWS\System32\shlwapi.dll
0x00007ff852a10000 - 0x00007ff852a2f000 	C:\WINDOWS\SYSTEM32\profapi.dll
0x00007ff82c6c0000 - 0x00007ff82c6d9000 	C:\Program Files\Java\jdk-17.0.2\bin\net.dll
0x00007ff849a80000 - 0x00007ff849b89000 	C:\WINDOWS\SYSTEM32\WINHTTP.dll
0x00007ff852290000 - 0x00007ff8522fa000 	C:\WINDOWS\system32\mswsock.dll
0x00007ff82a320000 - 0x00007ff82a336000 	C:\Program Files\Java\jdk-17.0.2\bin\nio.dll
0x00007ff82a300000 - 0x00007ff82a318000 	C:\Program Files\Java\jdk-17.0.2\bin\zip.dll
0x00007ff83d960000 - 0x00007ff83d970000 	C:\Program Files\Java\jdk-17.0.2\bin\verify.dll
0x00007ff83c550000 - 0x00007ff83c559000 	C:\Program Files\Java\jdk-17.0.2\bin\management.dll
0x00007ff83ad20000 - 0x00007ff83ad2b000 	C:\Program Files\Java\jdk-17.0.2\bin\management_ext.dll
0x00007ff828120000 - 0x00007ff82812e000 	C:\Program Files\Java\jdk-17.0.2\bin\sunmscapi.dll
0x00007ff852e20000 - 0x00007ff852f76000 	C:\WINDOWS\System32\CRYPT32.dll
0x00007ff8525a0000 - 0x00007ff8525c7000 	C:\WINDOWS\SYSTEM32\ncrypt.dll
0x00007ff852560000 - 0x00007ff85259b000 	C:\WINDOWS\SYSTEM32\NTASN1.dll
0x00007ff828110000 - 0x00007ff828117000 	C:\WINDOWS\system32\wshunix.dll
0x00007ff852480000 - 0x00007ff852498000 	C:\WINDOWS\SYSTEM32\CRYPTSP.dll
0x00007ff851ba0000 - 0x00007ff851bd4000 	C:\WINDOWS\system32\rsaenh.dll
0x00007ff852ad0000 - 0x00007ff852af7000 	C:\WINDOWS\System32\bcrypt.dll
0x00007ff8529d0000 - 0x00007ff8529fe000 	C:\WINDOWS\SYSTEM32\USERENV.dll
0x00007ff8524a0000 - 0x00007ff8524ac000 	C:\WINDOWS\SYSTEM32\CRYPTBASE.dll
0x00007ff851f30000 - 0x00007ff851f6b000 	C:\WINDOWS\SYSTEM32\IPHLPAPI.DLL
0x00007ff854fd0000 - 0x00007ff854fd8000 	C:\WINDOWS\System32\NSI.dll
0x00007ff843b20000 - 0x00007ff843b37000 	C:\WINDOWS\SYSTEM32\dhcpcsvc6.DLL
0x00007ff845770000 - 0x00007ff84578d000 	C:\WINDOWS\SYSTEM32\dhcpcsvc.DLL
0x00007ff851f70000 - 0x00007ff85203a000 	C:\WINDOWS\SYSTEM32\DNSAPI.dll

dbghelp: loaded successfully - version: 4.0.5 - missing functions: none
symbol engine: initialized successfully - sym options: 0x614 - pdb path: .;C:\Program Files\Java\jdk-17.0.2\bin;C:\WINDOWS\SYSTEM32;C:\WINDOWS\WinSxS\amd64_microsoft.windows.common-controls_6595b64144ccf1df_6.0.19041.1110_none_60b5254171f9507e;C:\Program Files\Java\jdk-17.0.2\bin\server

VM Arguments:
jvm_args: -Dfile.encoding=UTF-8 
java_command: com.thoughtworks.gauge.GaugeRuntime --start
java_class_path (initial): C:\Users\testinium\.jdks\corretto-1.8.0_322\jre\lib\charsets.jar;C:\Users\testinium\.jdks\corretto-1.8.0_322\jre\lib\ext\access-bridge-64.jar;C:\Users\testinium\.jdks\corretto-1.8.0_322\jre\lib\ext\cldrdata.jar;C:\Users\testinium\.jdks\corretto-1.8.0_322\jre\lib\ext\dnsns.jar;C:\Users\testinium\.jdks\corretto-1.8.0_322\jre\lib\ext\jaccess.jar;C:\Users\testinium\.jdks\corretto-1.8.0_322\jre\lib\ext\jfxrt.jar;C:\Users\testinium\.jdks\corretto-1.8.0_322\jre\lib\ext\localedata.jar;C:\Users\testinium\.jdks\corretto-1.8.0_322\jre\lib\ext\nashorn.jar;C:\Users\testinium\.jdks\corretto-1.8.0_322\jre\lib\ext\sunec.jar;C:\Users\testinium\.jdks\corretto-1.8.0_322\jre\lib\ext\sunjce_provider.jar;C:\Users\testinium\.jdks\corretto-1.8.0_322\jre\lib\ext\sunmscapi.jar;C:\Users\testinium\.jdks\corretto-1.8.0_322\jre\lib\ext\sunpkcs11.jar;C:\Users\testinium\.jdks\corretto-1.8.0_322\jre\lib\ext\zipfs.jar;C:\Users\testinium\.jdks\corretto-1.8.0_322\jre\lib\jce.jar;C:\Users\testinium\.jdks\corretto-1.8.0_322\jre\lib\jfr.jar;C:\Users\testinium\.jdks\corretto-1.8.0_322\jre\lib\jfxswt.jar;C:\Users\testinium\.jdks\corretto-1.8.0_322\jre\lib\jsse.jar;C:\Users\testinium\.jdks\corretto-1.8.0_322\jre\lib\management-agent.jar;C:\Users\testinium\.jdks\corretto-1.8.0_322\jre\lib\resources.jar;C:\Users\testinium\.jdks\corretto-1.8.0_322\jre\lib\rt.jar;C:\Users\testinium\IdeaProjects\OzdilekProject\target\test-classes;C:\Users\testinium\.m2\repository\junit\junit\4.12\junit-4.12.jar;C:\Users\testinium\.m2\repository\org\hamcrest\hamcrest-core\1.3\hamcrest-core-1.3.jar;C:\Users\testinium\.m2\repository\com\thoughtworks\gauge\gauge-java\0.7.13\gauge-java-0.7.13.jar;C:\Users\testinium\.m2\repository\org\assertj\assertj-core\3.17.2\assertj-core-3.17.2.jar;C:\Users\testinium\.m2\repository\org\reflections\reflections\0.9.9\reflections-0.9.9.jar;C:\Users\testinium\.m2\repository\org\javassist\javassist\3.18.2-GA\javassist-3.18.2-GA.jar;C:\Users\testinium\.m2\repository\com\goog
Launcher Type: SUN_STANDARD

[Global flags]
     intx CICompilerCount                          = 4                                         {product} {ergonomic}
     uint ConcGCThreads                            = 2                                         {product} {ergonomic}
     uint G1ConcRefinementThreads                  = 8                                         {product} {ergonomic}
   size_t G1HeapRegionSize                         = 1048576                                   {product} {ergonomic}
    uintx GCDrainStackTargetSize                   = 64                                        {product} {ergonomic}
   size_t InitialHeapSize                          = 130023424                                 {product} {ergonomic}
   size_t MarkStackSize                            = 4194304                                   {product} {ergonomic}
   size_t MaxHeapSize                              = 2069889024                                {product} {ergonomic}
   size_t MaxNewSize                               = 1241513984                                {product} {ergonomic}
   size_t MinHeapDeltaBytes                        = 1048576                                   {product} {ergonomic}
   size_t MinHeapSize                              = 8388608                                   {product} {ergonomic}
    uintx NonNMethodCodeHeapSize                   = 5839372                                {pd product} {ergonomic}
    uintx NonProfiledCodeHeapSize                  = 122909434                              {pd product} {ergonomic}
    uintx ProfiledCodeHeapSize                     = 122909434                              {pd product} {ergonomic}
    uintx ReservedCodeCacheSize                    = 251658240                              {pd product} {ergonomic}
     bool SegmentedCodeCache                       = true                                      {product} {ergonomic}
   size_t SoftMaxHeapSize                          = 2069889024                             {manageable} {ergonomic}
     bool UseCompressedClassPointers               = true                           {product lp64_product} {ergonomic}
     bool UseCompressedOops                        = true                           {product lp64_product} {ergonomic}
     bool UseG1GC                                  = true                                      {product} {ergonomic}
     bool UseLargePagesIndividualAllocation        = false                                  {pd product} {ergonomic}

Logging:
Log output configuration:
 #0: stdout all=warning uptime,level,tags
 #1: stderr all=off uptime,level,tags

Environment Variables:
JAVA_HOME=C:\Program Files\Java\jdk-17.0.2
CLASSPATH=C:\Users\testinium\.jdks\corretto-1.8.0_322\jre\lib\charsets.jar;C:\Users\testinium\.jdks\corretto-1.8.0_322\jre\lib\ext\access-bridge-64.jar;C:\Users\testinium\.jdks\corretto-1.8.0_322\jre\lib\ext\cldrdata.jar;C:\Users\testinium\.jdks\corretto-1.8.0_322\jre\lib\ext\dnsns.jar;C:\Users\testinium\.jdks\corretto-1.8.0_322\jre\lib\ext\jaccess.jar;C:\Users\testinium\.jdks\corretto-1.8.0_322\jre\lib\ext\jfxrt.jar;C:\Users\testinium\.jdks\corretto-1.8.0_322\jre\lib\ext\localedata.jar;C:\Users\testinium\.jdks\corretto-1.8.0_322\jre\lib\ext\nashorn.jar;C:\Users\testinium\.jdks\corretto-1.8.0_322\jre\lib\ext\sunec.jar;C:\Users\testinium\.jdks\corretto-1.8.0_322\jre\lib\ext\sunjce_provider.jar;C:\Users\testinium\.jdks\corretto-1.8.0_322\jre\lib\ext\sunmscapi.jar;C:\Users\testinium\.jdks\corretto-1.8.0_322\jre\lib\ext\sunpkcs11.jar;C:\Users\testinium\.jdks\corretto-1.8.0_322\jre\lib\ext\zipfs.jar;C:\Users\testinium\.jdks\corretto-1.8.0_322\jre\lib\jce.jar;C:\Users\testinium\.jdks\corretto-1.8.0_322\jre\lib\jfr.jar;C:\Users\testinium\.jdks\corretto-1.8.0_322\jre\lib\jfxswt.jar;C:\Users\testinium\.jdks\corretto-1.8.0_322\jre\lib\jsse.jar;C:\Users\testinium\.jdks\corretto-1.8.0_322\jre\lib\management-agent.jar;C:\Users\testinium\.jdks\corretto-1.8.0_322\jre\lib\resources.jar;C:\Users\testinium\.jdks\corretto-1.8.0_322\jre\lib\rt.jar;C:\Users\testinium\IdeaProjects\OzdilekProject\target\test-classes;C:\Users\testinium\.m2\repository\junit\junit\4.12\junit-4.12.jar;C:\Users\testinium\.m2\repository\org\hamcrest\hamcrest-core\1.3\hamcrest-core-1.3.jar;C:\Users\testinium\.m2\repository\com\thoughtworks\gauge\gauge-java\0.7.13\gauge-java-0.7.13.jar;C:\Users\testinium\.m2\repository\org\assertj\assertj-core\3.17.2\assertj-core-3.17.2.jar;C:\Users\testinium\.m2\repository\org\reflections\reflections\0.9.9\reflections-0.9.9.jar;C:\Users\testinium\.m2\repository\org\javassist\javassist\3.18.2-GA\javassist-3.18.2-GA.jar;C:\Users\testinium\.m2\repository\com\google\code\findbugs\annotation
PATH=C:\Program Files\Common Files\Oracle\Java\javapath;C:\Windows\system32;C:\Windows;C:\Windows\System32\Wbem;C:\Windows\System32\WindowsPowerShell\v1.0\;C:\Windows\System32\OpenSSH\;C:\Program Files\NVIDIA Corporation\NVIDIA NvDLISR;C:\WINDOWS\system32;C:\WINDOWS;C:\WINDOWS\System32\Wbem;C:\WINDOWS\System32\WindowsPowerShell\v1.0\;C:\WINDOWS\System32\OpenSSH\;C:\Program Files\Git\cmd;C:\Program Files\nodejs\;C:\Program Files\Java\jdk-17.0.2;C:\Program Files\maven\apache-maven-3.8.5\bin;C:\Program Files\Gauge\bin;C:\Program Files\Android\Android Studio1\bin;C:\Program Files\dotnet\;C:\Program Files (x86)\Micro Focus\Unified Functional Testing\bin;C:\Users\testinium\AppData\Local\Android\Sdk\tools;C:\Users\testinium\AppData\Local\Android\Sdk\platform-tools;C:\Users\testinium\AppData\Local\Android\Sdk\build-tools;C:\Users\testinium\AppData\Local\Microsoft\WindowsApps;C:\Program Files\JetBrains\IntelliJ IDEA Community Edition 2021.3.3\bin;;C:\Users\testinium\AppData\Local\GitHubDesktop\bin;C:\Users\testinium\AppData\Roaming\npm;C:\Program Files\JetBrains\IntelliJ IDEA 2021.3.3\bin;;C:\Users\testinium\.dotnet\tools;C:\Users\testinium\AppData\Roaming\gauge\plugins\screenshot\0.0.1
USERNAME=testinium
OS=Windows_NT
PROCESSOR_IDENTIFIER=Intel64 Family 6 Model 140 Stepping 1, GenuineIntel



---------------  S Y S T E M  ---------------

OS:
 Windows 10 , 64 bit Build 19041 (10.0.19041.1566)
OS uptime: 0 days 14:59 hours

CPU: total 8 (initial active 8) (4 cores per cpu, 2 threads per core) family 6 model 140 stepping 1 microcode 0x9a, cx8, cmov, fxsr, ht, mmx, 3dnowpref, sse, sse2, sse3, ssse3, sse4.1, sse4.2, popcnt, lzcnt, tsc, tscinvbit, avx, avx2, aes, erms, clmul, bmi1, bmi2, adx, avx512f, avx512dq, avx512cd, avx512bw, avx512vl, sha, fma, vzeroupper, avx512_vpopcntdq, avx512_vpclmulqdq, avx512_vaes, avx512_vnni, clflush, clflushopt, clwb, avx512_vbmi2, avx512_vbmi

Memory: 4k page, system-wide physical 7890M (387M free)
TotalPageFile size 32466M (AvailPageFile size 2M)
current process WorkingSet (physical memory assigned to process): 154M, peak: 154M
current process commit charge ("private bytes"): 242M, peak: 242M

vm_info: Java HotSpot(TM) 64-Bit Server VM (17.0.2+8-LTS-86) for windows-amd64 JRE (17.0.2+8-LTS-86), built on Dec  7 2021 21:51:03 by "mach5one" with MS VC++ 16.8 / 16.9 (VS2019)

END.
