#
# There is insufficient memory for the Java Runtime Environment to continue.
# Native memory allocation (malloc) failed to allocate 2130256 bytes for Chunk::new
# Possible reasons:
#   The system is out of physical RAM or swap space
#   The process is running with CompressedOops enabled, and the Java Heap may be blocking the growth of the native heap
# Possible solutions:
#   Reduce memory load on the system
#   Increase physical memory or swap space
#   Check if swap backing store is full
#   Decrease Java heap size (-Xmx/-Xms)
#   Decrease number of Java threads
#   Decrease Java thread stack sizes (-Xss)
#   Set larger code cache with -XX:ReservedCodeCacheSize=
#   JVM is running with Unscaled Compressed Oops mode in which the Java heap is
#     placed in the first 4GB address space. The Java Heap base address is the
#     maximum limit for the native heap growth. Please use -XX:HeapBaseMinAddress
#     to set the Java Heap base and to place the Java Heap above 4GB virtual address.
# This output file may be truncated or incomplete.
#
#  Out of Memory Error (arena.cpp:189), pid=1836, tid=12280
#
# JRE version: Java(TM) SE Runtime Environment (17.0.2+8) (build 17.0.2+8-LTS-86)
# Java VM: Java HotSpot(TM) 64-Bit Server VM (17.0.2+8-LTS-86, mixed mode, sharing, tiered, compressed oops, compressed class ptrs, g1 gc, windows-amd64)
# No core dump will be written. Minidumps are not enabled by default on client versions of Windows
#

---------------  S U M M A R Y ------------

Command Line: -Dfile.encoding=UTF-8 com.thoughtworks.gauge.GaugeRuntime --start

Host: 11th Gen Intel(R) Core(TM) i5-1135G7 @ 2.40GHz, 8 cores, 7G,  Windows 10 , 64 bit Build 19041 (10.0.19041.1566)
Time: Mon Apr  4 16:47:46 2022 Turkey Standard Time elapsed time: 1.122828 seconds (0d 0h 0m 1s)

---------------  T H R E A D  ---------------

Current thread (0x0000017236a64990):  JavaThread "C2 CompilerThread1" daemon [_thread_in_native, id=12280, stack(0x0000005e22600000,0x0000005e22700000)]


Current CompileTask:
C2:   1122 1549       4       javassist.bytecode.AttributeInfo::read (524 bytes)

Stack: [0x0000005e22600000,0x0000005e22700000]
Native frames: (J=compiled Java code, j=interpreted, Vv=VM code, C=native code)
V  [jvm.dll+0x670baa]
V  [jvm.dll+0x7cfcb4]
V  [jvm.dll+0x7d145e]
V  [jvm.dll+0x7d1ac3]
V  [jvm.dll+0x242bc5]
V  [jvm.dll+0xaa57b]
V  [jvm.dll+0xaab0c]
V  [jvm.dll+0x35fcb2]
V  [jvm.dll+0x32a331]
V  [jvm.dll+0x3297da]
V  [jvm.dll+0x215c91]
V  [jvm.dll+0x2150b1]
V  [jvm.dll+0x1a1bbd]
V  [jvm.dll+0x224908]
V  [jvm.dll+0x222a6c]
V  [jvm.dll+0x7859bb]
V  [jvm.dll+0x77ff7a]
V  [jvm.dll+0x66fa35]
C  [ucrtbase.dll+0x21bb2]
C  [KERNEL32.DLL+0x17034]
C  [ntdll.dll+0x52651]


---------------  P R O C E S S  ---------------

Threads class SMR info:
_java_thread_list=0x00000172377bb150, length=21, elements={
0x0000017215d261c0, 0x0000017235bcddd0, 0x0000017235bd0890, 0x0000017235be8e60,
0x0000017235be9720, 0x0000017235bec2f0, 0x0000017235becca0, 0x0000017235bef3b0,
0x0000017235befda0, 0x0000017235bf87a0, 0x00000172368dc910, 0x00000172368e8fa0,
0x0000017236a64990, 0x00000172374863c0, 0x000001723774dcc0, 0x0000017237756fa0,
0x0000017237757470, 0x0000017237757940, 0x0000017237757e10, 0x0000017237664e40,
0x000001723769aca0
}

Java Threads: ( => current thread )
  0x0000017215d261c0 JavaThread "main" [_thread_in_vm, id=14024, stack(0x0000005e21300000,0x0000005e21400000)]
  0x0000017235bcddd0 JavaThread "Reference Handler" daemon [_thread_blocked, id=12620, stack(0x0000005e21a00000,0x0000005e21b00000)]
  0x0000017235bd0890 JavaThread "Finalizer" daemon [_thread_blocked, id=7520, stack(0x0000005e21b00000,0x0000005e21c00000)]
  0x0000017235be8e60 JavaThread "Signal Dispatcher" daemon [_thread_blocked, id=3964, stack(0x0000005e21c00000,0x0000005e21d00000)]
  0x0000017235be9720 JavaThread "Attach Listener" daemon [_thread_blocked, id=18740, stack(0x0000005e21d00000,0x0000005e21e00000)]
  0x0000017235bec2f0 JavaThread "Service Thread" daemon [_thread_blocked, id=2308, stack(0x0000005e21e00000,0x0000005e21f00000)]
  0x0000017235becca0 JavaThread "Monitor Deflation Thread" daemon [_thread_blocked, id=14972, stack(0x0000005e21f00000,0x0000005e22000000)]
  0x0000017235bef3b0 JavaThread "C2 CompilerThread0" daemon [_thread_in_native, id=12512, stack(0x0000005e22000000,0x0000005e22100000)]
  0x0000017235befda0 JavaThread "C1 CompilerThread0" daemon [_thread_blocked, id=9528, stack(0x0000005e22100000,0x0000005e22200000)]
  0x0000017235bf87a0 JavaThread "Sweeper thread" daemon [_thread_blocked, id=7736, stack(0x0000005e22200000,0x0000005e22300000)]
  0x00000172368dc910 JavaThread "Notification Thread" daemon [_thread_blocked, id=7240, stack(0x0000005e22300000,0x0000005e22400000)]
  0x00000172368e8fa0 JavaThread "Common-Cleaner" daemon [_thread_blocked, id=9156, stack(0x0000005e22500000,0x0000005e22600000)]
=>0x0000017236a64990 JavaThread "C2 CompilerThread1" daemon [_thread_in_native, id=12280, stack(0x0000005e22600000,0x0000005e22700000)]
  0x00000172374863c0 JavaThread "pool-1-thread-1" [_thread_in_vm, id=18396, stack(0x0000005e22700000,0x0000005e22800000)]
  0x000001723774dcc0 JavaThread "ForkJoinPool.commonPool-worker-1" daemon [_thread_blocked, id=5556, stack(0x0000005e22c00000,0x0000005e22d00000)]
  0x0000017237756fa0 JavaThread "ForkJoinPool.commonPool-worker-2" daemon [_thread_in_Java, id=18008, stack(0x0000005e22d00000,0x0000005e22e00000)]
  0x0000017237757470 JavaThread "ForkJoinPool.commonPool-worker-3" daemon [_thread_in_Java, id=15416, stack(0x0000005e22e00000,0x0000005e22f00000)]
  0x0000017237757940 JavaThread "ForkJoinPool.commonPool-worker-4" daemon [_thread_in_Java, id=18168, stack(0x0000005e22f00000,0x0000005e23000000)]
  0x0000017237757e10 JavaThread "ForkJoinPool.commonPool-worker-5" daemon [_thread_in_Java, id=5632, stack(0x0000005e23000000,0x0000005e23100000)]
  0x0000017237664e40 JavaThread "ForkJoinPool.commonPool-worker-6" daemon [_thread_in_Java, id=13140, stack(0x0000005e23100000,0x0000005e23200000)]
  0x000001723769aca0 JavaThread "ForkJoinPool.commonPool-worker-7" daemon [_thread_blocked, id=3776, stack(0x0000005e23200000,0x0000005e23300000)]

Other Threads:
  0x0000017235bca340 VMThread "VM Thread" [stack: 0x0000005e21900000,0x0000005e21a00000] [id=16972]
  0x0000017215d82a00 WatcherThread [stack: 0x0000005e22400000,0x0000005e22500000] [id=18044]
  0x0000017215d64e60 GCTaskThread "GC Thread#0" [stack: 0x0000005e21400000,0x0000005e21500000] [id=18736]
  0x00000172376c74e0 GCTaskThread "GC Thread#1" [stack: 0x0000005e22800000,0x0000005e22900000] [id=5180]
  0x000001723778c360 GCTaskThread "GC Thread#2" [stack: 0x0000005e22900000,0x0000005e22a00000] [id=3908]
  0x00000172376f9490 GCTaskThread "GC Thread#3" [stack: 0x0000005e22a00000,0x0000005e22b00000] [id=16528]
  0x000001723767bf70 GCTaskThread "GC Thread#4" [stack: 0x0000005e22b00000,0x0000005e22c00000] [id=12200]
  0x00000172377da0d0 GCTaskThread "GC Thread#5" [stack: 0x0000005e23300000,0x0000005e23400000] [id=19320]
  0x0000017237dd4cc0 GCTaskThread "GC Thread#6" [stack: 0x0000005e23400000,0x0000005e23500000] [id=9540]
  0x0000017237978cd0 GCTaskThread "GC Thread#7" [stack: 0x0000005e23500000,0x0000005e23600000] [id=3732]
  0x0000017215d75460 ConcurrentGCThread "G1 Main Marker" [stack: 0x0000005e21500000,0x0000005e21600000] [id=13640]
  0x0000017215d76e80 ConcurrentGCThread "G1 Conc#0" [stack: 0x0000005e21600000,0x0000005e21700000] [id=18268]
  0x0000017215de44d0 ConcurrentGCThread "G1 Refine#0" [stack: 0x0000005e21700000,0x0000005e21800000] [id=14364]
  0x0000017215de4ef0 ConcurrentGCThread "G1 Service" [stack: 0x0000005e21800000,0x0000005e21900000] [id=11504]

Threads with active compile tasks:
C2 CompilerThread0     1140 1623   !   4       java.util.Formatter::format (283 bytes)
C2 CompilerThread1     1140 1549       4       javassist.bytecode.AttributeInfo::read (524 bytes)

VM state: not at safepoint (normal execution)

VM Mutex/Monitor currently owned by a thread: None

Heap address: 0x0000000084a00000, size: 1974 MB, Compressed Oops mode: 32-bit

CDS archive(s) mapped at: [0x0000000800000000-0x0000000800bc0000-0x0000000800bc0000), size 12320768, SharedBaseAddress: 0x0000000800000000, ArchiveRelocationMode: 0.
Compressed class space mapped at: 0x0000000800c00000-0x0000000840c00000, reserved size: 1073741824
Narrow klass base: 0x0000000800000000, Narrow klass shift: 0, Narrow klass range: 0x100000000

GC Precious Log:
 CPUs: 8 total, 8 available
 Memory: 7890M
 Large Page Support: Disabled
 NUMA Support: Disabled
 Compressed Oops: Enabled (32-bit)
 Heap Region Size: 1M
 Heap Min Capacity: 8M
 Heap Initial Capacity: 124M
 Heap Max Capacity: 1974M
 Pre-touch: Disabled
 Parallel Workers: 8
 Concurrent Workers: 2
 Concurrent Refinement Workers: 8
 Periodic GC: Disabled

Heap:
 garbage-first heap   total 126976K, used 50069K [0x0000000084a00000, 0x0000000100000000)
  region size 1024K, 41 young (41984K), 2 survivors (2048K)
 Metaspace       used 9289K, committed 9408K, reserved 1064960K
  class space    used 1211K, committed 1280K, reserved 1048576K

Heap Regions: E=young(eden), S=young(survivor), O=old, HS=humongous(starts), HC=humongous(continues), CS=collection set, F=free, OA=open archive, CA=closed archive, TAMS=top-at-mark-start (previous, next)
|   0|0x0000000084a00000, 0x0000000084b00000, 0x0000000084b00000|100%|HS|  |TAMS 0x0000000084a00000, 0x0000000084a00000| Complete 
|   1|0x0000000084b00000, 0x0000000084c00000, 0x0000000084c00000|100%|HS|  |TAMS 0x0000000084b00000, 0x0000000084b00000| Complete 
|   2|0x0000000084c00000, 0x0000000084d00000, 0x0000000084d00000|100%|HC|  |TAMS 0x0000000084c00000, 0x0000000084c00000| Complete 
|   3|0x0000000084d00000, 0x0000000084e00000, 0x0000000084e00000|100%| O|  |TAMS 0x0000000084d00000, 0x0000000084d00000| Untracked 
|   4|0x0000000084e00000, 0x0000000084f00000, 0x0000000084f00000|100%| O|  |TAMS 0x0000000084e00000, 0x0000000084e00000| Untracked 
|   5|0x0000000084f00000, 0x0000000085000000, 0x0000000085000000|100%| O|  |TAMS 0x0000000084f00000, 0x0000000084f00000| Untracked 
|   6|0x0000000085000000, 0x0000000085100000, 0x0000000085100000|100%| O|  |TAMS 0x0000000085000000, 0x0000000085000000| Untracked 
|   7|0x0000000085100000, 0x0000000085200000, 0x0000000085200000|100%| O|  |TAMS 0x0000000085100000, 0x0000000085100000| Untracked 
|   8|0x0000000085200000, 0x0000000085300000, 0x0000000085300000|100%| O|  |TAMS 0x0000000085200000, 0x0000000085200000| Untracked 
|   9|0x0000000085300000, 0x000000008533a800, 0x0000000085400000| 22%| O|  |TAMS 0x0000000085300000, 0x0000000085300000| Untracked 
|  10|0x0000000085400000, 0x0000000085400000, 0x0000000085500000|  0%| F|  |TAMS 0x0000000085400000, 0x0000000085400000| Untracked 
|  11|0x0000000085500000, 0x0000000085500000, 0x0000000085600000|  0%| F|  |TAMS 0x0000000085500000, 0x0000000085500000| Untracked 
|  12|0x0000000085600000, 0x0000000085600000, 0x0000000085700000|  0%| F|  |TAMS 0x0000000085600000, 0x0000000085600000| Untracked 
|  13|0x0000000085700000, 0x0000000085700000, 0x0000000085800000|  0%| F|  |TAMS 0x0000000085700000, 0x0000000085700000| Untracked 
|  14|0x0000000085800000, 0x0000000085800000, 0x0000000085900000|  0%| F|  |TAMS 0x0000000085800000, 0x0000000085800000| Untracked 
|  15|0x0000000085900000, 0x0000000085900000, 0x0000000085a00000|  0%| F|  |TAMS 0x0000000085900000, 0x0000000085900000| Untracked 
|  16|0x0000000085a00000, 0x0000000085a00000, 0x0000000085b00000|  0%| F|  |TAMS 0x0000000085a00000, 0x0000000085a00000| Untracked 
|  17|0x0000000085b00000, 0x0000000085b00000, 0x0000000085c00000|  0%| F|  |TAMS 0x0000000085b00000, 0x0000000085b00000| Untracked 
|  18|0x0000000085c00000, 0x0000000085c00000, 0x0000000085d00000|  0%| F|  |TAMS 0x0000000085c00000, 0x0000000085c00000| Untracked 
|  19|0x0000000085d00000, 0x0000000085d00000, 0x0000000085e00000|  0%| F|  |TAMS 0x0000000085d00000, 0x0000000085d00000| Untracked 
|  20|0x0000000085e00000, 0x0000000085e00000, 0x0000000085f00000|  0%| F|  |TAMS 0x0000000085e00000, 0x0000000085e00000| Untracked 
|  21|0x0000000085f00000, 0x0000000085f00000, 0x0000000086000000|  0%| F|  |TAMS 0x0000000085f00000, 0x0000000085f00000| Untracked 
|  22|0x0000000086000000, 0x0000000086000000, 0x0000000086100000|  0%| F|  |TAMS 0x0000000086000000, 0x0000000086000000| Untracked 
|  23|0x0000000086100000, 0x0000000086100000, 0x0000000086200000|  0%| F|  |TAMS 0x0000000086100000, 0x0000000086100000| Untracked 
|  24|0x0000000086200000, 0x0000000086200000, 0x0000000086300000|  0%| F|  |TAMS 0x0000000086200000, 0x0000000086200000| Untracked 
|  25|0x0000000086300000, 0x0000000086300000, 0x0000000086400000|  0%| F|  |TAMS 0x0000000086300000, 0x0000000086300000| Untracked 
|  26|0x0000000086400000, 0x0000000086400000, 0x0000000086500000|  0%| F|  |TAMS 0x0000000086400000, 0x0000000086400000| Untracked 
|  27|0x0000000086500000, 0x0000000086500000, 0x0000000086600000|  0%| F|  |TAMS 0x0000000086500000, 0x0000000086500000| Untracked 
|  28|0x0000000086600000, 0x0000000086600000, 0x0000000086700000|  0%| F|  |TAMS 0x0000000086600000, 0x0000000086600000| Untracked 
|  29|0x0000000086700000, 0x0000000086700000, 0x0000000086800000|  0%| F|  |TAMS 0x0000000086700000, 0x0000000086700000| Untracked 
|  30|0x0000000086800000, 0x0000000086800000, 0x0000000086900000|  0%| F|  |TAMS 0x0000000086800000, 0x0000000086800000| Untracked 
|  31|0x0000000086900000, 0x0000000086900000, 0x0000000086a00000|  0%| F|  |TAMS 0x0000000086900000, 0x0000000086900000| Untracked 
|  32|0x0000000086a00000, 0x0000000086a00000, 0x0000000086b00000|  0%| F|  |TAMS 0x0000000086a00000, 0x0000000086a00000| Untracked 
|  33|0x0000000086b00000, 0x0000000086b00000, 0x0000000086c00000|  0%| F|  |TAMS 0x0000000086b00000, 0x0000000086b00000| Untracked 
|  34|0x0000000086c00000, 0x0000000086c00000, 0x0000000086d00000|  0%| F|  |TAMS 0x0000000086c00000, 0x0000000086c00000| Untracked 
|  35|0x0000000086d00000, 0x0000000086d00000, 0x0000000086e00000|  0%| F|  |TAMS 0x0000000086d00000, 0x0000000086d00000| Untracked 
|  36|0x0000000086e00000, 0x0000000086e00000, 0x0000000086f00000|  0%| F|  |TAMS 0x0000000086e00000, 0x0000000086e00000| Untracked 
|  37|0x0000000086f00000, 0x0000000086f00000, 0x0000000087000000|  0%| F|  |TAMS 0x0000000086f00000, 0x0000000086f00000| Untracked 
|  38|0x0000000087000000, 0x0000000087000000, 0x0000000087100000|  0%| F|  |TAMS 0x0000000087000000, 0x0000000087000000| Untracked 
|  39|0x0000000087100000, 0x0000000087100000, 0x0000000087200000|  0%| F|  |TAMS 0x0000000087100000, 0x0000000087100000| Untracked 
|  40|0x0000000087200000, 0x0000000087200000, 0x0000000087300000|  0%| F|  |TAMS 0x0000000087200000, 0x0000000087200000| Untracked 
|  41|0x0000000087300000, 0x0000000087300000, 0x0000000087400000|  0%| F|  |TAMS 0x0000000087300000, 0x0000000087300000| Untracked 
|  42|0x0000000087400000, 0x0000000087400000, 0x0000000087500000|  0%| F|  |TAMS 0x0000000087400000, 0x0000000087400000| Untracked 
|  43|0x0000000087500000, 0x0000000087500000, 0x0000000087600000|  0%| F|  |TAMS 0x0000000087500000, 0x0000000087500000| Untracked 
|  44|0x0000000087600000, 0x0000000087600000, 0x0000000087700000|  0%| F|  |TAMS 0x0000000087600000, 0x0000000087600000| Untracked 
|  45|0x0000000087700000, 0x0000000087700000, 0x0000000087800000|  0%| F|  |TAMS 0x0000000087700000, 0x0000000087700000| Untracked 
|  46|0x0000000087800000, 0x0000000087800000, 0x0000000087900000|  0%| F|  |TAMS 0x0000000087800000, 0x0000000087800000| Untracked 
|  47|0x0000000087900000, 0x0000000087900000, 0x0000000087a00000|  0%| F|  |TAMS 0x0000000087900000, 0x0000000087900000| Untracked 
|  48|0x0000000087a00000, 0x0000000087aaafa0, 0x0000000087b00000| 66%| S|CS|TAMS 0x0000000087a00000, 0x0000000087a00000| Complete 
|  49|0x0000000087b00000, 0x0000000087c00000, 0x0000000087c00000|100%| S|CS|TAMS 0x0000000087b00000, 0x0000000087b00000| Complete 
|  50|0x0000000087c00000, 0x0000000087c00000, 0x0000000087d00000|  0%| F|  |TAMS 0x0000000087c00000, 0x0000000087c00000| Untracked 
|  51|0x0000000087d00000, 0x0000000087d00000, 0x0000000087e00000|  0%| F|  |TAMS 0x0000000087d00000, 0x0000000087d00000| Untracked 
|  52|0x0000000087e00000, 0x0000000087e00000, 0x0000000087f00000|  0%| F|  |TAMS 0x0000000087e00000, 0x0000000087e00000| Untracked 
|  53|0x0000000087f00000, 0x0000000087f00000, 0x0000000088000000|  0%| F|  |TAMS 0x0000000087f00000, 0x0000000087f00000| Untracked 
|  54|0x0000000088000000, 0x0000000088000000, 0x0000000088100000|  0%| F|  |TAMS 0x0000000088000000, 0x0000000088000000| Untracked 
|  55|0x0000000088100000, 0x0000000088100000, 0x0000000088200000|  0%| F|  |TAMS 0x0000000088100000, 0x0000000088100000| Untracked 
|  56|0x0000000088200000, 0x0000000088200000, 0x0000000088300000|  0%| F|  |TAMS 0x0000000088200000, 0x0000000088200000| Untracked 
|  57|0x0000000088300000, 0x0000000088300000, 0x0000000088400000|  0%| F|  |TAMS 0x0000000088300000, 0x0000000088300000| Untracked 
|  58|0x0000000088400000, 0x0000000088400000, 0x0000000088500000|  0%| F|  |TAMS 0x0000000088400000, 0x0000000088400000| Untracked 
|  59|0x0000000088500000, 0x0000000088500000, 0x0000000088600000|  0%| F|  |TAMS 0x0000000088500000, 0x0000000088500000| Untracked 
|  60|0x0000000088600000, 0x0000000088600000, 0x0000000088700000|  0%| F|  |TAMS 0x0000000088600000, 0x0000000088600000| Untracked 
|  61|0x0000000088700000, 0x0000000088700000, 0x0000000088800000|  0%| F|  |TAMS 0x0000000088700000, 0x0000000088700000| Untracked 
|  62|0x0000000088800000, 0x0000000088800000, 0x0000000088900000|  0%| F|  |TAMS 0x0000000088800000, 0x0000000088800000| Untracked 
|  63|0x0000000088900000, 0x0000000088900000, 0x0000000088a00000|  0%| F|  |TAMS 0x0000000088900000, 0x0000000088900000| Untracked 
|  64|0x0000000088a00000, 0x0000000088a00000, 0x0000000088b00000|  0%| F|  |TAMS 0x0000000088a00000, 0x0000000088a00000| Untracked 
|  65|0x0000000088b00000, 0x0000000088b00000, 0x0000000088c00000|  0%| F|  |TAMS 0x0000000088b00000, 0x0000000088b00000| Untracked 
|  66|0x0000000088c00000, 0x0000000088c00000, 0x0000000088d00000|  0%| F|  |TAMS 0x0000000088c00000, 0x0000000088c00000| Untracked 
|  67|0x0000000088d00000, 0x0000000088d00000, 0x0000000088e00000|  0%| F|  |TAMS 0x0000000088d00000, 0x0000000088d00000| Untracked 
|  68|0x0000000088e00000, 0x0000000088e00000, 0x0000000088f00000|  0%| F|  |TAMS 0x0000000088e00000, 0x0000000088e00000| Untracked 
|  69|0x0000000088f00000, 0x0000000088f00000, 0x0000000089000000|  0%| F|  |TAMS 0x0000000088f00000, 0x0000000088f00000| Untracked 
|  70|0x0000000089000000, 0x0000000089000000, 0x0000000089100000|  0%| F|  |TAMS 0x0000000089000000, 0x0000000089000000| Untracked 
|  71|0x0000000089100000, 0x0000000089100000, 0x0000000089200000|  0%| F|  |TAMS 0x0000000089100000, 0x0000000089100000| Untracked 
|  72|0x0000000089200000, 0x0000000089200000, 0x0000000089300000|  0%| F|  |TAMS 0x0000000089200000, 0x0000000089200000| Untracked 
|  73|0x0000000089300000, 0x0000000089300000, 0x0000000089400000|  0%| F|  |TAMS 0x0000000089300000, 0x0000000089300000| Untracked 
|  74|0x0000000089400000, 0x0000000089400000, 0x0000000089500000|  0%| F|  |TAMS 0x0000000089400000, 0x0000000089400000| Untracked 
|  75|0x0000000089500000, 0x0000000089500000, 0x0000000089600000|  0%| F|  |TAMS 0x0000000089500000, 0x0000000089500000| Untracked 
|  76|0x0000000089600000, 0x0000000089600000, 0x0000000089700000|  0%| F|  |TAMS 0x0000000089600000, 0x0000000089600000| Untracked 
|  77|0x0000000089700000, 0x0000000089700000, 0x0000000089800000|  0%| F|  |TAMS 0x0000000089700000, 0x0000000089700000| Untracked 
|  78|0x0000000089800000, 0x0000000089800000, 0x0000000089900000|  0%| F|  |TAMS 0x0000000089800000, 0x0000000089800000| Untracked 
|  79|0x0000000089900000, 0x0000000089900000, 0x0000000089a00000|  0%| F|  |TAMS 0x0000000089900000, 0x0000000089900000| Untracked 
|  80|0x0000000089a00000, 0x0000000089a00000, 0x0000000089b00000|  0%| F|  |TAMS 0x0000000089a00000, 0x0000000089a00000| Untracked 
|  81|0x0000000089b00000, 0x0000000089b00000, 0x0000000089c00000|  0%| F|  |TAMS 0x0000000089b00000, 0x0000000089b00000| Untracked 
|  82|0x0000000089c00000, 0x0000000089c00000, 0x0000000089d00000|  0%| F|  |TAMS 0x0000000089c00000, 0x0000000089c00000| Untracked 
|  83|0x0000000089d00000, 0x0000000089d00000, 0x0000000089e00000|  0%| F|  |TAMS 0x0000000089d00000, 0x0000000089d00000| Untracked 
|  84|0x0000000089e00000, 0x0000000089f00000, 0x0000000089f00000|100%| E|  |TAMS 0x0000000089e00000, 0x0000000089e00000| Complete 
|  85|0x0000000089f00000, 0x000000008a000000, 0x000000008a000000|100%| E|CS|TAMS 0x0000000089f00000, 0x0000000089f00000| Complete 
|  86|0x000000008a000000, 0x000000008a100000, 0x000000008a100000|100%| E|CS|TAMS 0x000000008a000000, 0x000000008a000000| Complete 
|  87|0x000000008a100000, 0x000000008a200000, 0x000000008a200000|100%| E|CS|TAMS 0x000000008a100000, 0x000000008a100000| Complete 
|  88|0x000000008a200000, 0x000000008a300000, 0x000000008a300000|100%| E|CS|TAMS 0x000000008a200000, 0x000000008a200000| Complete 
|  89|0x000000008a300000, 0x000000008a400000, 0x000000008a400000|100%| E|CS|TAMS 0x000000008a300000, 0x000000008a300000| Complete 
|  90|0x000000008a400000, 0x000000008a500000, 0x000000008a500000|100%| E|CS|TAMS 0x000000008a400000, 0x000000008a400000| Complete 
|  91|0x000000008a500000, 0x000000008a600000, 0x000000008a600000|100%| E|CS|TAMS 0x000000008a500000, 0x000000008a500000| Complete 
|  92|0x000000008a600000, 0x000000008a700000, 0x000000008a700000|100%| E|CS|TAMS 0x000000008a600000, 0x000000008a600000| Complete 
|  93|0x000000008a700000, 0x000000008a800000, 0x000000008a800000|100%| E|CS|TAMS 0x000000008a700000, 0x000000008a700000| Complete 
|  94|0x000000008a800000, 0x000000008a900000, 0x000000008a900000|100%| E|CS|TAMS 0x000000008a800000, 0x000000008a800000| Complete 
|  95|0x000000008a900000, 0x000000008aa00000, 0x000000008aa00000|100%| E|CS|TAMS 0x000000008a900000, 0x000000008a900000| Complete 
|  96|0x000000008aa00000, 0x000000008ab00000, 0x000000008ab00000|100%| E|CS|TAMS 0x000000008aa00000, 0x000000008aa00000| Complete 
|  97|0x000000008ab00000, 0x000000008ac00000, 0x000000008ac00000|100%| E|CS|TAMS 0x000000008ab00000, 0x000000008ab00000| Complete 
|  98|0x000000008ac00000, 0x000000008ad00000, 0x000000008ad00000|100%| E|CS|TAMS 0x000000008ac00000, 0x000000008ac00000| Complete 
|  99|0x000000008ad00000, 0x000000008ae00000, 0x000000008ae00000|100%| E|CS|TAMS 0x000000008ad00000, 0x000000008ad00000| Complete 
| 100|0x000000008ae00000, 0x000000008af00000, 0x000000008af00000|100%| E|CS|TAMS 0x000000008ae00000, 0x000000008ae00000| Complete 
| 101|0x000000008af00000, 0x000000008b000000, 0x000000008b000000|100%| E|CS|TAMS 0x000000008af00000, 0x000000008af00000| Complete 
| 102|0x000000008b000000, 0x000000008b100000, 0x000000008b100000|100%| E|CS|TAMS 0x000000008b000000, 0x000000008b000000| Complete 
| 103|0x000000008b100000, 0x000000008b200000, 0x000000008b200000|100%| E|CS|TAMS 0x000000008b100000, 0x000000008b100000| Complete 
| 104|0x000000008b200000, 0x000000008b300000, 0x000000008b300000|100%| E|CS|TAMS 0x000000008b200000, 0x000000008b200000| Complete 
| 105|0x000000008b300000, 0x000000008b400000, 0x000000008b400000|100%| E|CS|TAMS 0x000000008b300000, 0x000000008b300000| Complete 
| 106|0x000000008b400000, 0x000000008b500000, 0x000000008b500000|100%| E|CS|TAMS 0x000000008b400000, 0x000000008b400000| Complete 
| 107|0x000000008b500000, 0x000000008b600000, 0x000000008b600000|100%| E|CS|TAMS 0x000000008b500000, 0x000000008b500000| Complete 
| 108|0x000000008b600000, 0x000000008b700000, 0x000000008b700000|100%| E|CS|TAMS 0x000000008b600000, 0x000000008b600000| Complete 
| 109|0x000000008b700000, 0x000000008b800000, 0x000000008b800000|100%| E|CS|TAMS 0x000000008b700000, 0x000000008b700000| Complete 
| 110|0x000000008b800000, 0x000000008b900000, 0x000000008b900000|100%| E|CS|TAMS 0x000000008b800000, 0x000000008b800000| Complete 
| 111|0x000000008b900000, 0x000000008ba00000, 0x000000008ba00000|100%| E|CS|TAMS 0x000000008b900000, 0x000000008b900000| Complete 
| 112|0x000000008ba00000, 0x000000008bb00000, 0x000000008bb00000|100%| E|CS|TAMS 0x000000008ba00000, 0x000000008ba00000| Complete 
| 113|0x000000008bb00000, 0x000000008bc00000, 0x000000008bc00000|100%| E|CS|TAMS 0x000000008bb00000, 0x000000008bb00000| Complete 
| 114|0x000000008bc00000, 0x000000008bd00000, 0x000000008bd00000|100%| E|CS|TAMS 0x000000008bc00000, 0x000000008bc00000| Complete 
| 115|0x000000008bd00000, 0x000000008be00000, 0x000000008be00000|100%| E|CS|TAMS 0x000000008bd00000, 0x000000008bd00000| Complete 
| 116|0x000000008be00000, 0x000000008bf00000, 0x000000008bf00000|100%| E|CS|TAMS 0x000000008be00000, 0x000000008be00000| Complete 
| 117|0x000000008bf00000, 0x000000008c000000, 0x000000008c000000|100%| E|CS|TAMS 0x000000008bf00000, 0x000000008bf00000| Complete 
| 118|0x000000008c000000, 0x000000008c100000, 0x000000008c100000|100%| E|CS|TAMS 0x000000008c000000, 0x000000008c000000| Complete 
| 119|0x000000008c100000, 0x000000008c200000, 0x000000008c200000|100%| E|CS|TAMS 0x000000008c100000, 0x000000008c100000| Complete 
| 120|0x000000008c200000, 0x000000008c300000, 0x000000008c300000|100%| E|CS|TAMS 0x000000008c200000, 0x000000008c200000| Complete 
| 121|0x000000008c300000, 0x000000008c400000, 0x000000008c400000|100%| E|CS|TAMS 0x000000008c300000, 0x000000008c300000| Complete 
| 122|0x000000008c400000, 0x000000008c500000, 0x000000008c500000|100%| E|CS|TAMS 0x000000008c400000, 0x000000008c400000| Complete 
| 123|0x000000008c500000, 0x000000008c600000, 0x000000008c600000|100%| E|CS|TAMS 0x000000008c500000, 0x000000008c500000| Complete 

Card table byte_map: [0x000001722ebd0000,0x000001722efb0000] _byte_map_base: 0x000001722e7ab000

Marking Bits (Prev, Next): (CMBitMap*) 0x0000017215d65470, (CMBitMap*) 0x0000017215d654b0
 Prev Bits: [0x000001722f390000, 0x0000017231268000)
 Next Bits: [0x0000017231270000, 0x0000017233148000)

Polling page: 0x0000017215df0000

Metaspace:

Usage:
  Non-class:      7.89 MB used.
      Class:      1.18 MB used.
       Both:      9.07 MB used.

Virtual space:
  Non-class space:       16.00 MB reserved,       7.94 MB ( 50%) committed,  2 nodes.
      Class space:        1.00 GB reserved,       1.25 MB ( <1%) committed,  1 nodes.
             Both:        1.02 GB reserved,       9.19 MB ( <1%) committed. 

Chunk freelists:
   Non-Class:  2.88 MB
       Class:  2.57 MB
        Both:  5.44 MB

MaxMetaspaceSize: unlimited
CompressedClassSpaceSize: 1.00 GB
Initial GC threshold: 21.00 MB
Current GC threshold: 21.00 MB
CDS: on
MetaspaceReclaimPolicy: balanced
 - commit_granule_bytes: 65536.
 - commit_granule_words: 8192.
 - virtual_space_node_default_size: 1048576.
 - enlarge_chunks_in_place: 1.
 - new_chunks_are_fully_committed: 0.
 - uncommit_free_chunks: 1.
 - use_allocation_guard: 0.
 - handle_deallocations: 1.


Internal statistics:

num_allocs_failed_limit: 0.
num_arena_births: 84.
num_arena_deaths: 0.
num_vsnodes_births: 3.
num_vsnodes_deaths: 0.
num_space_committed: 147.
num_space_uncommitted: 0.
num_chunks_returned_to_freelist: 0.
num_chunks_taken_from_freelist: 365.
num_chunk_merges: 0.
num_chunk_splits: 245.
num_chunks_enlarged: 189.
num_purges: 0.
num_inconsistent_stats: 0.

CodeHeap 'non-profiled nmethods': size=120000Kb used=601Kb max_used=601Kb free=119398Kb
 bounds [0x0000017226850000, 0x0000017226ac0000, 0x000001722dd80000]
CodeHeap 'profiled nmethods': size=120000Kb used=3339Kb max_used=3339Kb free=116660Kb
 bounds [0x000001721f320000, 0x000001721f670000, 0x0000017226850000]
CodeHeap 'non-nmethods': size=5760Kb used=1180Kb max_used=1221Kb free=4579Kb
 bounds [0x000001721ed80000, 0x000001721eff0000, 0x000001721f320000]
 total_blobs=2103 nmethods=1650 adapters=365
 compilation: enabled
              stopped_count=0, restarted_count=0
 full_count=0

Compilation events (20 events):
Event: 1.103 Thread 0x0000017235befda0 nmethod 1655% 0x000001721f651b90 code [0x000001721f651d60, 0x000001721f652188]
Event: 1.103 Thread 0x0000017235befda0 1656 %     3       java.util.regex.Pattern::atom @ 12 (422 bytes)
Event: 1.104 Thread 0x0000017235befda0 nmethod 1656% 0x000001721f652310 code [0x000001721f6526a0, 0x000001721f653fa8]
Event: 1.104 Thread 0x0000017235befda0 1658       2       java.lang.invoke.MethodHandles$Lookup$ClassOption::optionsToFlag (40 bytes)
Event: 1.105 Thread 0x0000017235befda0 nmethod 1658 0x000001721f654710 code [0x000001721f6548e0, 0x000001721f654b08]
Event: 1.107 Thread 0x0000017235befda0 1660       2       javassist.bytecode.ConstPool::addConstInfoPadding (16 bytes)
Event: 1.107 Thread 0x0000017235befda0 nmethod 1660 0x000001721f654c90 code [0x000001721f654e40, 0x000001721f654fe8]
Event: 1.107 Thread 0x0000017235befda0 1661       2       javassist.bytecode.ConstInfoPadding::<init> (6 bytes)
Event: 1.107 Thread 0x0000017235befda0 nmethod 1661 0x000001721f655110 code [0x000001721f6552a0, 0x000001721f6553b8]
Event: 1.111 Thread 0x0000017235befda0 1664       2       jdk.internal.misc.Unsafe::checkPrimitivePointer (19 bytes)
Event: 1.112 Thread 0x0000017235befda0 nmethod 1664 0x000001721f655490 code [0x000001721f655660, 0x000001721f655908]
Event: 1.112 Thread 0x0000017235befda0 1665       1       sun.nio.fs.WindowsPathParser$Result::type (5 bytes)
Event: 1.112 Thread 0x0000017235befda0 nmethod 1665 0x00000172268e5a10 code [0x00000172268e5ba0, 0x00000172268e5c78]
Event: 1.112 Thread 0x0000017235befda0 1666       1       sun.nio.fs.WindowsPathParser$Result::root (5 bytes)
Event: 1.112 Thread 0x0000017235befda0 nmethod 1666 0x00000172268e5d10 code [0x00000172268e5ea0, 0x00000172268e5f78]
Event: 1.112 Thread 0x0000017235befda0 1667       1       sun.nio.fs.WindowsPathParser$Result::path (5 bytes)
Event: 1.112 Thread 0x0000017235befda0 nmethod 1667 0x00000172268e6010 code [0x00000172268e61a0, 0x00000172268e6278]
Event: 1.114 Thread 0x0000017235befda0 1668 %     3       java.io.DataInputStream::readUTF @ 92 (501 bytes)
Event: 1.115 Thread 0x0000017235befda0 nmethod 1668% 0x000001721f655b10 code [0x000001721f655f60, 0x000001721f658068]
Event: 1.121 Thread 0x0000017235befda0 1670       2       java.io.DataInputStream::readUTF (501 bytes)

GC Heap History (6 events):
Event: 0.784 GC heap before
{Heap before GC invocations=0 (full 0):
 garbage-first heap   total 126976K, used 26624K [0x0000000084a00000, 0x0000000100000000)
  region size 1024K, 23 young (23552K), 0 survivors (0K)
 Metaspace       used 5721K, committed 5888K, reserved 1056768K
  class space    used 742K, committed 832K, reserved 1048576K
}
Event: 0.788 GC heap after
{Heap after GC invocations=1 (full 0):
 garbage-first heap   total 126976K, used 9332K [0x0000000084a00000, 0x0000000100000000)
  region size 1024K, 3 young (3072K), 3 survivors (3072K)
 Metaspace       used 5721K, committed 5888K, reserved 1056768K
  class space    used 742K, committed 832K, reserved 1048576K
}
Event: 0.968 GC heap before
{Heap before GC invocations=1 (full 0):
 garbage-first heap   total 126976K, used 40052K [0x0000000084a00000, 0x0000000100000000)
  region size 1024K, 33 young (33792K), 3 survivors (3072K)
 Metaspace       used 8782K, committed 8960K, reserved 1064960K
  class space    used 1151K, committed 1216K, reserved 1048576K
}
Event: 0.972 GC heap after
{Heap after GC invocations=2 (full 0):
 garbage-first heap   total 126976K, used 10611K [0x0000000084a00000, 0x0000000100000000)
  region size 1024K, 2 young (2048K), 2 survivors (2048K)
 Metaspace       used 8782K, committed 8960K, reserved 1064960K
  class space    used 1151K, committed 1216K, reserved 1048576K
}
Event: 1.088 GC heap before
{Heap before GC invocations=2 (full 0):
 garbage-first heap   total 126976K, used 83315K [0x0000000084a00000, 0x0000000100000000)
  region size 1024K, 74 young (75776K), 2 survivors (2048K)
 Metaspace       used 9203K, committed 9408K, reserved 1064960K
  class space    used 1205K, committed 1280K, reserved 1048576K
}
Event: 1.090 GC heap after
{Heap after GC invocations=3 (full 0):
 garbage-first heap   total 126976K, used 11157K [0x0000000084a00000, 0x0000000100000000)
  region size 1024K, 2 young (2048K), 2 survivors (2048K)
 Metaspace       used 9203K, committed 9408K, reserved 1064960K
  class space    used 1205K, committed 1280K, reserved 1048576K
}

Deoptimization events (20 events):
Event: 1.094 Thread 0x0000017215d261c0 Uncommon trap: trap_request=0xffffffc6 fr.pc=0x00000172268ad634 relative=0x0000000000000274
Event: 1.094 Thread 0x0000017215d261c0 Uncommon trap: reason=bimorphic_or_optimized_type_check action=maybe_recompile pc=0x00000172268ad634 method=java.util.HashMap.getNode(Ljava/lang/Object;)Ljava/util/HashMap$Node; @ 63 c2
Event: 1.094 Thread 0x0000017215d261c0 DEOPT PACKING pc=0x00000172268ad634 sp=0x0000005e213f99c0
Event: 1.094 Thread 0x0000017215d261c0 DEOPT UNPACKING pc=0x000001721edd5c23 sp=0x0000005e213f9928 mode 2
Event: 1.094 Thread 0x0000017215d261c0 Uncommon trap: trap_request=0xffffffc6 fr.pc=0x00000172268ad634 relative=0x0000000000000274
Event: 1.094 Thread 0x0000017215d261c0 Uncommon trap: reason=bimorphic_or_optimized_type_check action=maybe_recompile pc=0x00000172268ad634 method=java.util.HashMap.getNode(Ljava/lang/Object;)Ljava/util/HashMap$Node; @ 63 c2
Event: 1.094 Thread 0x0000017215d261c0 DEOPT PACKING pc=0x00000172268ad634 sp=0x0000005e213f99c0
Event: 1.094 Thread 0x0000017215d261c0 DEOPT UNPACKING pc=0x000001721edd5c23 sp=0x0000005e213f9928 mode 2
Event: 1.095 Thread 0x0000017215d261c0 Uncommon trap: trap_request=0xffffffc6 fr.pc=0x00000172268ad634 relative=0x0000000000000274
Event: 1.095 Thread 0x0000017215d261c0 Uncommon trap: reason=bimorphic_or_optimized_type_check action=maybe_recompile pc=0x00000172268ad634 method=java.util.HashMap.getNode(Ljava/lang/Object;)Ljava/util/HashMap$Node; @ 63 c2
Event: 1.095 Thread 0x0000017215d261c0 DEOPT PACKING pc=0x00000172268ad634 sp=0x0000005e213f99c0
Event: 1.095 Thread 0x0000017215d261c0 DEOPT UNPACKING pc=0x000001721edd5c23 sp=0x0000005e213f9928 mode 2
Event: 1.096 Thread 0x0000017215d261c0 Uncommon trap: trap_request=0xffffffc6 fr.pc=0x00000172268ad634 relative=0x0000000000000274
Event: 1.096 Thread 0x0000017215d261c0 Uncommon trap: reason=bimorphic_or_optimized_type_check action=maybe_recompile pc=0x00000172268ad634 method=java.util.HashMap.getNode(Ljava/lang/Object;)Ljava/util/HashMap$Node; @ 63 c2
Event: 1.096 Thread 0x0000017215d261c0 DEOPT PACKING pc=0x00000172268ad634 sp=0x0000005e213f99c0
Event: 1.096 Thread 0x0000017215d261c0 DEOPT UNPACKING pc=0x000001721edd5c23 sp=0x0000005e213f9928 mode 2
Event: 1.114 Thread 0x0000017237756fa0 Uncommon trap: trap_request=0xffffff45 fr.pc=0x00000172268b9564 relative=0x0000000000002044
Event: 1.114 Thread 0x0000017237756fa0 Uncommon trap: reason=unstable_if action=reinterpret pc=0x00000172268b9564 method=java.io.DataInputStream.readUTF(Ljava/io/DataInput;)Ljava/lang/String; @ 154 c2
Event: 1.114 Thread 0x0000017237756fa0 DEOPT PACKING pc=0x00000172268b9564 sp=0x0000005e22dfebd0
Event: 1.114 Thread 0x0000017237756fa0 DEOPT UNPACKING pc=0x000001721edd5c23 sp=0x0000005e22dfebb8 mode 2

Classes unloaded (0 events):
No events

Classes redefined (0 events):
No events

Internal exceptions (20 events):
Event: 0.832 Thread 0x00000172374863c0 Exception <a 'java/lang/IncompatibleClassChangeError'{0x000000008c311ff0}: Found class java.lang.Object, but interface was expected> (0x000000008c311ff0) 
thrown [t:\workspace\open\src\hotspot\share\interpreter\linkResolver.cpp, line 833]
Event: 0.834 Thread 0x0000017215d261c0 Exception <a 'java/lang/NoSuchMethodError'{0x000000008c37a0f8}: 'java.lang.Object java.lang.invoke.DirectMethodHandle$Holder.invokeStaticInit(java.lang.Object)'> (0x000000008c37a0f8) 
thrown [t:\workspace\open\src\hotspot\share\interpreter\linkResolver.cpp, line 766]
Event: 0.844 Thread 0x0000017237757e10 Exception <a 'java/lang/IncompatibleClassChangeError'{0x000000008c2d5588}: Found class java.lang.Object, but interface was expected> (0x000000008c2d5588) 
thrown [t:\workspace\open\src\hotspot\share\interpreter\linkResolver.cpp, line 833]
Event: 0.844 Thread 0x0000017237756fa0 Exception <a 'java/lang/IncompatibleClassChangeError'{0x000000008c213508}: Found class java.lang.Object, but interface was expected> (0x000000008c213508) 
thrown [t:\workspace\open\src\hotspot\share\interpreter\linkResolver.cpp, line 833]
Event: 0.844 Thread 0x0000017237757940 Exception <a 'java/lang/IncompatibleClassChangeError'{0x000000008c27cbc0}: Found class java.lang.Object, but interface was expected> (0x000000008c27cbc0) 
thrown [t:\workspace\open\src\hotspot\share\interpreter\linkResolver.cpp, line 833]
Event: 0.863 Thread 0x000001723769aca0 Exception <a 'java/lang/NoSuchMethodError'{0x000000008c114310}: 'java.lang.Object java.lang.invoke.DirectMethodHandle$Holder.invokeSpecialIFC(java.lang.Object, java.lang.Object, java.lang.Object, java.lang.Object)'> (0x000000008c114310) 
thrown [t:\workspace\open\src\hotspot\share\interpreter\linkResolver.cpp, line 766]
Event: 0.863 Thread 0x0000017237757470 Exception <a 'java/lang/NoSuchMethodError'{0x000000008c1367e0}: 'java.lang.Object java.lang.invoke.DirectMethodHandle$Holder.invokeSpecialIFC(java.lang.Object, java.lang.Object, java.lang.Object, java.lang.Object)'> (0x000000008c1367e0) 
thrown [t:\workspace\open\src\hotspot\share\interpreter\linkResolver.cpp, line 766]
Event: 0.863 Thread 0x0000017237664e40 Exception <a 'java/lang/NoSuchMethodError'{0x000000008c2b5158}: 'java.lang.Object java.lang.invoke.DirectMethodHandle$Holder.invokeSpecialIFC(java.lang.Object, java.lang.Object, java.lang.Object, java.lang.Object)'> (0x000000008c2b5158) 
thrown [t:\workspace\open\src\hotspot\share\interpreter\linkResolver.cpp, line 766]
Event: 0.863 Thread 0x000001723774dcc0 Exception <a 'java/lang/NoSuchMethodError'{0x000000008c1ad148}: 'java.lang.Object java.lang.invoke.DirectMethodHandle$Holder.invokeSpecialIFC(java.lang.Object, java.lang.Object, java.lang.Object, java.lang.Object)'> (0x000000008c1ad148) 
thrown [t:\workspace\open\src\hotspot\share\interpreter\linkResolver.cpp, line 766]
Event: 0.863 Thread 0x0000017237757940 Exception <a 'java/lang/NoSuchMethodError'{0x000000008c289028}: 'java.lang.Object java.lang.invoke.DirectMethodHandle$Holder.invokeSpecialIFC(java.lang.Object, java.lang.Object, java.lang.Object, java.lang.Object)'> (0x000000008c289028) 
thrown [t:\workspace\open\src\hotspot\share\interpreter\linkResolver.cpp, line 766]
Event: 0.863 Thread 0x0000017237756fa0 Exception <a 'java/lang/NoSuchMethodError'{0x000000008c21c3d0}: 'java.lang.Object java.lang.invoke.DirectMethodHandle$Holder.invokeSpecialIFC(java.lang.Object, java.lang.Object, java.lang.Object, java.lang.Object)'> (0x000000008c21c3d0) 
thrown [t:\workspace\open\src\hotspot\share\interpreter\linkResolver.cpp, line 766]
Event: 0.863 Thread 0x0000017237757e10 Exception <a 'java/lang/NoSuchMethodError'{0x000000008c026ae0}: 'java.lang.Object java.lang.invoke.DirectMethodHandle$Holder.invokeSpecialIFC(java.lang.Object, java.lang.Object, java.lang.Object, java.lang.Object)'> (0x000000008c026ae0) 
thrown [t:\workspace\open\src\hotspot\share\interpreter\linkResolver.cpp, line 766]
Event: 0.866 Thread 0x0000017237756fa0 Exception <a 'java/lang/NoSuchMethodError'{0x000000008c233250}: 'java.lang.Object java.lang.invoke.DirectMethodHandle$Holder.invokeVirtual(java.lang.Object, java.lang.Object, java.lang.Object)'> (0x000000008c233250) 
thrown [t:\workspace\open\src\hotspot\share\interpreter\linkResolver.cpp, line 766]
Event: 0.866 Thread 0x0000017237757470 Exception <a 'java/lang/NoSuchMethodError'{0x000000008c146008}: 'java.lang.Object java.lang.invoke.DirectMethodHandle$Holder.invokeVirtual(java.lang.Object, java.lang.Object, java.lang.Object)'> (0x000000008c146008) 
thrown [t:\workspace\open\src\hotspot\share\interpreter\linkResolver.cpp, line 766]
Event: 0.866 Thread 0x0000017237757940 Exception <a 'java/lang/NoSuchMethodError'{0x000000008c297728}: 'java.lang.Object java.lang.invoke.DirectMethodHandle$Holder.invokeVirtual(java.lang.Object, java.lang.Object, java.lang.Object)'> (0x000000008c297728) 
thrown [t:\workspace\open\src\hotspot\share\interpreter\linkResolver.cpp, line 766]
Event: 0.866 Thread 0x000001723774dcc0 Exception <a 'java/lang/NoSuchMethodError'{0x000000008c1bbcf0}: 'java.lang.Object java.lang.invoke.DirectMethodHandle$Holder.invokeVirtual(java.lang.Object, java.lang.Object, java.lang.Object)'> (0x000000008c1bbcf0) 
thrown [t:\workspace\open\src\hotspot\share\interpreter\linkResolver.cpp, line 766]
Event: 0.866 Thread 0x0000017237757e10 Exception <a 'java/lang/NoSuchMethodError'{0x000000008c035a08}: 'java.lang.Object java.lang.invoke.DirectMethodHandle$Holder.invokeVirtual(java.lang.Object, java.lang.Object, java.lang.Object)'> (0x000000008c035a08) 
thrown [t:\workspace\open\src\hotspot\share\interpreter\linkResolver.cpp, line 766]
Event: 0.866 Thread 0x00000172374863c0 Exception <a 'java/lang/NoSuchMethodError'{0x000000008c0c3970}: 'java.lang.Object java.lang.invoke.DirectMethodHandle$Holder.invokeVirtual(java.lang.Object, java.lang.Object, java.lang.Object)'> (0x000000008c0c3970) 
thrown [t:\workspace\open\src\hotspot\share\interpreter\linkResolver.cpp, line 766]
Event: 0.866 Thread 0x0000017237664e40 Exception <a 'java/lang/NoSuchMethodError'{0x000000008c2c4970}: 'java.lang.Object java.lang.invoke.DirectMethodHandle$Holder.invokeVirtual(java.lang.Object, java.lang.Object, java.lang.Object)'> (0x000000008c2c4970) 
thrown [t:\workspace\open\src\hotspot\share\interpreter\linkResolver.cpp, line 766]
Event: 0.988 Thread 0x0000017215d261c0 Exception <a 'java/lang/NoSuchMethodError'{0x000000008c3702e0}: 'java.lang.Object java.lang.invoke.DirectMethodHandle$Holder.invokeStaticInit(java.lang.Object, int, int, int, int)'> (0x000000008c3702e0) 
thrown [t:\workspace\open\src\hotspot\share\interpreter\linkResolver.cpp, line 766]

VM Operations (20 events):
Event: 1.020 Executing VM operation: ICBufferFull
Event: 1.037 Executing VM operation: ICBufferFull done
Event: 1.037 Executing VM operation: ICBufferFull
Event: 1.037 Executing VM operation: ICBufferFull done
Event: 1.037 Executing VM operation: ICBufferFull
Event: 1.038 Executing VM operation: ICBufferFull done
Event: 1.038 Executing VM operation: ICBufferFull
Event: 1.039 Executing VM operation: ICBufferFull done
Event: 1.039 Executing VM operation: ICBufferFull
Event: 1.040 Executing VM operation: ICBufferFull done
Event: 1.040 Executing VM operation: ICBufferFull
Event: 1.041 Executing VM operation: ICBufferFull done
Event: 1.041 Executing VM operation: ICBufferFull
Event: 1.042 Executing VM operation: ICBufferFull done
Event: 1.042 Executing VM operation: ICBufferFull
Event: 1.052 Executing VM operation: ICBufferFull done
Event: 1.072 Executing VM operation: HandshakeAllThreads
Event: 1.084 Executing VM operation: HandshakeAllThreads done
Event: 1.088 Executing VM operation: G1CollectForAllocation
Event: 1.091 Executing VM operation: G1CollectForAllocation done

Events (20 events):
Event: 1.058 loading class java/security/spec/AlgorithmParameterSpec
Event: 1.071 loading class java/security/spec/AlgorithmParameterSpec done
Event: 1.071 loading class java/security/spec/ECParameterSpec done
Event: 1.071 loading class sun/security/util/NamedCurve done
Event: 1.071 loading class sun/security/util/DerOutputStream
Event: 1.071 loading class sun/security/util/DerEncoder
Event: 1.071 loading class sun/security/util/DerEncoder done
Event: 1.072 loading class sun/security/util/DerOutputStream done
Event: 1.084 loading class sun/security/util/ByteArrayLexOrder
Event: 1.084 loading class sun/security/util/ByteArrayLexOrder done
Event: 1.084 loading class sun/security/util/ByteArrayTagOrder
Event: 1.084 loading class sun/security/util/ByteArrayTagOrder done
Event: 1.084 loading class sun/security/util/ObjectIdentifier
Event: 1.084 loading class sun/security/util/ObjectIdentifier done
Event: 1.094 loading class java/security/spec/ECFieldF2m
Event: 1.095 loading class java/security/spec/ECFieldF2m done
Event: 1.101 loading class sun/security/ssl/SunJSSE
Event: 1.102 loading class sun/security/ssl/SunJSSE done
Event: 1.105 loading class com/sun/crypto/provider/SunJCE
Event: 1.117 loading class com/sun/crypto/provider/SunJCE done


Dynamic libraries:
0x00007ff719220000 - 0x00007ff719230000 	C:\Program Files\Java\jdk-17.0.2\bin\java.exe
0x00007ff8553b0000 - 0x00007ff8555a5000 	C:\WINDOWS\SYSTEM32\ntdll.dll
0x00007ff855110000 - 0x00007ff8551ce000 	C:\WINDOWS\System32\KERNEL32.DLL
0x00007ff852b00000 - 0x00007ff852dc8000 	C:\WINDOWS\System32\KERNELBASE.dll
0x00007ff853270000 - 0x00007ff853370000 	C:\WINDOWS\System32\ucrtbase.dll
0x00007ff83c0c0000 - 0x00007ff83c0da000 	C:\Program Files\Java\jdk-17.0.2\bin\VCRUNTIME140.dll
0x00007ff83d970000 - 0x00007ff83d988000 	C:\Program Files\Java\jdk-17.0.2\bin\jli.dll
0x00007ff854a00000 - 0x00007ff854aae000 	C:\WINDOWS\System32\ADVAPI32.dll
0x00007ff854fe0000 - 0x00007ff85507e000 	C:\WINDOWS\System32\msvcrt.dll
0x00007ff8536f0000 - 0x00007ff85378c000 	C:\WINDOWS\System32\sechost.dll
0x00007ff854090000 - 0x00007ff8541b5000 	C:\WINDOWS\System32\RPCRT4.dll
0x00007ff8551d0000 - 0x00007ff855370000 	C:\WINDOWS\System32\USER32.dll
0x00007ff853120000 - 0x00007ff853142000 	C:\WINDOWS\System32\win32u.dll
0x00007ff83c790000 - 0x00007ff83ca2a000 	C:\WINDOWS\WinSxS\amd64_microsoft.windows.common-controls_6595b64144ccf1df_6.0.19041.1110_none_60b5254171f9507e\COMCTL32.dll
0x00007ff8536c0000 - 0x00007ff8536eb000 	C:\WINDOWS\System32\GDI32.dll
0x00007ff852f80000 - 0x00007ff85308b000 	C:\WINDOWS\System32\gdi32full.dll
0x00007ff853370000 - 0x00007ff85340d000 	C:\WINDOWS\System32\msvcp_win.dll
0x00007ff843d90000 - 0x00007ff843d9a000 	C:\WINDOWS\SYSTEM32\VERSION.dll
0x00007ff854e80000 - 0x00007ff854eb0000 	C:\WINDOWS\System32\IMM32.DLL
0x00007ff847440000 - 0x00007ff84744c000 	C:\Program Files\Java\jdk-17.0.2\bin\vcruntime140_1.dll
0x00007ff81e070000 - 0x00007ff81e0fd000 	C:\Program Files\Java\jdk-17.0.2\bin\msvcp140.dll
0x00007fffc5570000 - 0x00007fffc6131000 	C:\Program Files\Java\jdk-17.0.2\bin\server\jvm.dll
0x00007ff854d60000 - 0x00007ff854d68000 	C:\WINDOWS\System32\PSAPI.DLL
0x00007ff847fb0000 - 0x00007ff847fb9000 	C:\WINDOWS\SYSTEM32\WSOCK32.dll
0x00007ff8394b0000 - 0x00007ff8394d7000 	C:\WINDOWS\SYSTEM32\WINMM.dll
0x00007ff854eb0000 - 0x00007ff854f1b000 	C:\WINDOWS\System32\WS2_32.dll
0x00007ff851370000 - 0x00007ff851382000 	C:\WINDOWS\SYSTEM32\kernel.appcore.dll
0x00007ff840750000 - 0x00007ff84075a000 	C:\Program Files\Java\jdk-17.0.2\bin\jimage.dll
0x00007ff8504a0000 - 0x00007ff850684000 	C:\WINDOWS\SYSTEM32\DBGHELP.DLL
0x00007ff832550000 - 0x00007ff83257c000 	C:\WINDOWS\SYSTEM32\dbgcore.DLL
0x00007ff853090000 - 0x00007ff853112000 	C:\WINDOWS\System32\bcryptPrimitives.dll
0x00007ff82c6e0000 - 0x00007ff82c705000 	C:\Program Files\Java\jdk-17.0.2\bin\java.dll
0x00007ff816f10000 - 0x00007ff816fe6000 	C:\Program Files\Java\jdk-17.0.2\bin\jsvml.dll
0x00007ff853940000 - 0x00007ff854084000 	C:\WINDOWS\System32\SHELL32.dll
0x00007ff850b30000 - 0x00007ff8512c4000 	C:\WINDOWS\SYSTEM32\windows.storage.dll
0x00007ff8546a0000 - 0x00007ff8549f4000 	C:\WINDOWS\System32\combase.dll
0x00007ff852530000 - 0x00007ff85255c000 	C:\WINDOWS\SYSTEM32\Wldp.dll
0x00007ff854d70000 - 0x00007ff854e1d000 	C:\WINDOWS\System32\SHCORE.dll
0x00007ff853410000 - 0x00007ff853465000 	C:\WINDOWS\System32\shlwapi.dll
0x00007ff852a10000 - 0x00007ff852a2f000 	C:\WINDOWS\SYSTEM32\profapi.dll
0x00007ff82c6c0000 - 0x00007ff82c6d9000 	C:\Program Files\Java\jdk-17.0.2\bin\net.dll
0x00007ff849a80000 - 0x00007ff849b89000 	C:\WINDOWS\SYSTEM32\WINHTTP.dll
0x00007ff852290000 - 0x00007ff8522fa000 	C:\WINDOWS\system32\mswsock.dll
0x00007ff82a320000 - 0x00007ff82a336000 	C:\Program Files\Java\jdk-17.0.2\bin\nio.dll
0x00007ff82a300000 - 0x00007ff82a318000 	C:\Program Files\Java\jdk-17.0.2\bin\zip.dll
0x00007ff83d960000 - 0x00007ff83d970000 	C:\Program Files\Java\jdk-17.0.2\bin\verify.dll
0x00007ff83c550000 - 0x00007ff83c559000 	C:\Program Files\Java\jdk-17.0.2\bin\management.dll
0x00007ff83ad20000 - 0x00007ff83ad2b000 	C:\Program Files\Java\jdk-17.0.2\bin\management_ext.dll
0x00007ff828120000 - 0x00007ff82812e000 	C:\Program Files\Java\jdk-17.0.2\bin\sunmscapi.dll
0x00007ff852e20000 - 0x00007ff852f76000 	C:\WINDOWS\System32\CRYPT32.dll
0x00007ff8525a0000 - 0x00007ff8525c7000 	C:\WINDOWS\SYSTEM32\ncrypt.dll
0x00007ff852560000 - 0x00007ff85259b000 	C:\WINDOWS\SYSTEM32\NTASN1.dll

dbghelp: loaded successfully - version: 4.0.5 - missing functions: none
symbol engine: initialized successfully - sym options: 0x614 - pdb path: .;C:\Program Files\Java\jdk-17.0.2\bin;C:\WINDOWS\SYSTEM32;C:\WINDOWS\WinSxS\amd64_microsoft.windows.common-controls_6595b64144ccf1df_6.0.19041.1110_none_60b5254171f9507e;C:\Program Files\Java\jdk-17.0.2\bin\server

VM Arguments:
jvm_args: -Dfile.encoding=UTF-8 
java_command: com.thoughtworks.gauge.GaugeRuntime --start
java_class_path (initial): C:\Users\testinium\.jdks\corretto-1.8.0_322\jre\lib\charsets.jar;C:\Users\testinium\.jdks\corretto-1.8.0_322\jre\lib\ext\access-bridge-64.jar;C:\Users\testinium\.jdks\corretto-1.8.0_322\jre\lib\ext\cldrdata.jar;C:\Users\testinium\.jdks\corretto-1.8.0_322\jre\lib\ext\dnsns.jar;C:\Users\testinium\.jdks\corretto-1.8.0_322\jre\lib\ext\jaccess.jar;C:\Users\testinium\.jdks\corretto-1.8.0_322\jre\lib\ext\jfxrt.jar;C:\Users\testinium\.jdks\corretto-1.8.0_322\jre\lib\ext\localedata.jar;C:\Users\testinium\.jdks\corretto-1.8.0_322\jre\lib\ext\nashorn.jar;C:\Users\testinium\.jdks\corretto-1.8.0_322\jre\lib\ext\sunec.jar;C:\Users\testinium\.jdks\corretto-1.8.0_322\jre\lib\ext\sunjce_provider.jar;C:\Users\testinium\.jdks\corretto-1.8.0_322\jre\lib\ext\sunmscapi.jar;C:\Users\testinium\.jdks\corretto-1.8.0_322\jre\lib\ext\sunpkcs11.jar;C:\Users\testinium\.jdks\corretto-1.8.0_322\jre\lib\ext\zipfs.jar;C:\Users\testinium\.jdks\corretto-1.8.0_322\jre\lib\jce.jar;C:\Users\testinium\.jdks\corretto-1.8.0_322\jre\lib\jfr.jar;C:\Users\testinium\.jdks\corretto-1.8.0_322\jre\lib\jfxswt.jar;C:\Users\testinium\.jdks\corretto-1.8.0_322\jre\lib\jsse.jar;C:\Users\testinium\.jdks\corretto-1.8.0_322\jre\lib\management-agent.jar;C:\Users\testinium\.jdks\corretto-1.8.0_322\jre\lib\resources.jar;C:\Users\testinium\.jdks\corretto-1.8.0_322\jre\lib\rt.jar;C:\Users\testinium\IdeaProjects\OzdilekProject\target\test-classes;C:\Users\testinium\.m2\repository\junit\junit\4.12\junit-4.12.jar;C:\Users\testinium\.m2\repository\org\hamcrest\hamcrest-core\1.3\hamcrest-core-1.3.jar;C:\Users\testinium\.m2\repository\com\thoughtworks\gauge\gauge-java\0.8.1\gauge-java-0.8.1.jar;C:\Users\testinium\.m2\repository\org\assertj\assertj-core\3.22.0\assertj-core-3.22.0.jar;C:\Users\testinium\.m2\repository\org\reflections\reflections\0.10.2\reflections-0.10.2.jar;C:\Users\testinium\.m2\repository\org\javassist\javassist\3.28.0-GA\javassist-3.28.0-GA.jar;C:\Users\testinium\.m2\repository\com\goog
Launcher Type: SUN_STANDARD

[Global flags]
     intx CICompilerCount                          = 4                                         {product} {ergonomic}
     uint ConcGCThreads                            = 2                                         {product} {ergonomic}
     uint G1ConcRefinementThreads                  = 8                                         {product} {ergonomic}
   size_t G1HeapRegionSize                         = 1048576                                   {product} {ergonomic}
    uintx GCDrainStackTargetSize                   = 64                                        {product} {ergonomic}
   size_t InitialHeapSize                          = 130023424                                 {product} {ergonomic}
   size_t MarkStackSize                            = 4194304                                   {product} {ergonomic}
   size_t MaxHeapSize                              = 2069889024                                {product} {ergonomic}
   size_t MaxNewSize                               = 1241513984                                {product} {ergonomic}
   size_t MinHeapDeltaBytes                        = 1048576                                   {product} {ergonomic}
   size_t MinHeapSize                              = 8388608                                   {product} {ergonomic}
    uintx NonNMethodCodeHeapSize                   = 5839372                                {pd product} {ergonomic}
    uintx NonProfiledCodeHeapSize                  = 122909434                              {pd product} {ergonomic}
    uintx ProfiledCodeHeapSize                     = 122909434                              {pd product} {ergonomic}
    uintx ReservedCodeCacheSize                    = 251658240                              {pd product} {ergonomic}
     bool SegmentedCodeCache                       = true                                      {product} {ergonomic}
   size_t SoftMaxHeapSize                          = 2069889024                             {manageable} {ergonomic}
     bool UseCompressedClassPointers               = true                           {product lp64_product} {ergonomic}
     bool UseCompressedOops                        = true                           {product lp64_product} {ergonomic}
     bool UseG1GC                                  = true                                      {product} {ergonomic}
     bool UseLargePagesIndividualAllocation        = false                                  {pd product} {ergonomic}

Logging:
Log output configuration:
 #0: stdout all=warning uptime,level,tags
 #1: stderr all=off uptime,level,tags

Environment Variables:
JAVA_HOME=C:\Program Files\Java\jdk-17.0.2
CLASSPATH=C:\Users\testinium\.jdks\corretto-1.8.0_322\jre\lib\charsets.jar;C:\Users\testinium\.jdks\corretto-1.8.0_322\jre\lib\ext\access-bridge-64.jar;C:\Users\testinium\.jdks\corretto-1.8.0_322\jre\lib\ext\cldrdata.jar;C:\Users\testinium\.jdks\corretto-1.8.0_322\jre\lib\ext\dnsns.jar;C:\Users\testinium\.jdks\corretto-1.8.0_322\jre\lib\ext\jaccess.jar;C:\Users\testinium\.jdks\corretto-1.8.0_322\jre\lib\ext\jfxrt.jar;C:\Users\testinium\.jdks\corretto-1.8.0_322\jre\lib\ext\localedata.jar;C:\Users\testinium\.jdks\corretto-1.8.0_322\jre\lib\ext\nashorn.jar;C:\Users\testinium\.jdks\corretto-1.8.0_322\jre\lib\ext\sunec.jar;C:\Users\testinium\.jdks\corretto-1.8.0_322\jre\lib\ext\sunjce_provider.jar;C:\Users\testinium\.jdks\corretto-1.8.0_322\jre\lib\ext\sunmscapi.jar;C:\Users\testinium\.jdks\corretto-1.8.0_322\jre\lib\ext\sunpkcs11.jar;C:\Users\testinium\.jdks\corretto-1.8.0_322\jre\lib\ext\zipfs.jar;C:\Users\testinium\.jdks\corretto-1.8.0_322\jre\lib\jce.jar;C:\Users\testinium\.jdks\corretto-1.8.0_322\jre\lib\jfr.jar;C:\Users\testinium\.jdks\corretto-1.8.0_322\jre\lib\jfxswt.jar;C:\Users\testinium\.jdks\corretto-1.8.0_322\jre\lib\jsse.jar;C:\Users\testinium\.jdks\corretto-1.8.0_322\jre\lib\management-agent.jar;C:\Users\testinium\.jdks\corretto-1.8.0_322\jre\lib\resources.jar;C:\Users\testinium\.jdks\corretto-1.8.0_322\jre\lib\rt.jar;C:\Users\testinium\IdeaProjects\OzdilekProject\target\test-classes;C:\Users\testinium\.m2\repository\junit\junit\4.12\junit-4.12.jar;C:\Users\testinium\.m2\repository\org\hamcrest\hamcrest-core\1.3\hamcrest-core-1.3.jar;C:\Users\testinium\.m2\repository\com\thoughtworks\gauge\gauge-java\0.8.1\gauge-java-0.8.1.jar;C:\Users\testinium\.m2\repository\org\assertj\assertj-core\3.22.0\assertj-core-3.22.0.jar;C:\Users\testinium\.m2\repository\org\reflections\reflections\0.10.2\reflections-0.10.2.jar;C:\Users\testinium\.m2\repository\org\javassist\javassist\3.28.0-GA\javassist-3.28.0-GA.jar;C:\Users\testinium\.m2\repository\com\google\code\findbugs\jsr305\3.0
PATH=C:\Program Files\Common Files\Oracle\Java\javapath;C:\Windows\system32;C:\Windows;C:\Windows\System32\Wbem;C:\Windows\System32\WindowsPowerShell\v1.0\;C:\Windows\System32\OpenSSH\;C:\Program Files\NVIDIA Corporation\NVIDIA NvDLISR;C:\WINDOWS\system32;C:\WINDOWS;C:\WINDOWS\System32\Wbem;C:\WINDOWS\System32\WindowsPowerShell\v1.0\;C:\WINDOWS\System32\OpenSSH\;C:\Program Files\Git\cmd;C:\Program Files\nodejs\;C:\Program Files\Java\jdk-17.0.2;C:\Program Files\maven\apache-maven-3.8.5\bin;C:\Program Files\Gauge\bin;C:\Program Files\Android\Android Studio1\bin;C:\Program Files\dotnet\;C:\Program Files (x86)\Micro Focus\Unified Functional Testing\bin;C:\Users\testinium\AppData\Local\Android\Sdk\tools;C:\Users\testinium\AppData\Local\Android\Sdk\platform-tools;C:\Users\testinium\AppData\Local\Android\Sdk\build-tools;C:\Users\testinium\AppData\Local\Microsoft\WindowsApps;C:\Program Files\JetBrains\IntelliJ IDEA Community Edition 2021.3.3\bin;;C:\Users\testinium\AppData\Local\GitHubDesktop\bin;C:\Users\testinium\AppData\Roaming\npm;C:\Program Files\JetBrains\IntelliJ IDEA 2021.3.3\bin;;C:\Users\testinium\.dotnet\tools;C:\Users\testinium\AppData\Roaming\gauge\plugins\screenshot\0.0.1
USERNAME=testinium
OS=Windows_NT
PROCESSOR_IDENTIFIER=Intel64 Family 6 Model 140 Stepping 1, GenuineIntel



---------------  S Y S T E M  ---------------

OS:
 Windows 10 , 64 bit Build 19041 (10.0.19041.1566)
OS uptime: 0 days 14:58 hours

CPU: total 8 (initial active 8) (4 cores per cpu, 2 threads per core) family 6 model 140 stepping 1 microcode 0x9a, cx8, cmov, fxsr, ht, mmx, 3dnowpref, sse, sse2, sse3, ssse3, sse4.1, sse4.2, popcnt, lzcnt, tsc, tscinvbit, avx, avx2, aes, erms, clmul, bmi1, bmi2, adx, avx512f, avx512dq, avx512cd, avx512bw, avx512vl, sha, fma, vzeroupper, avx512_vpopcntdq, avx512_vpclmulqdq, avx512_vaes, avx512_vnni, clflush, clflushopt, clwb, avx512_vbmi2, avx512_vbmi

Memory: 4k page, system-wide physical 7890M (396M free)
TotalPageFile size 32466M (AvailPageFile size 7M)
current process WorkingSet (physical memory assigned to process): 151M, peak: 152M
current process commit charge ("private bytes"): 240M, peak: 243M

vm_info: Java HotSpot(TM) 64-Bit Server VM (17.0.2+8-LTS-86) for windows-amd64 JRE (17.0.2+8-LTS-86), built on Dec  7 2021 21:51:03 by "mach5one" with MS VC++ 16.8 / 16.9 (VS2019)

END.
