#
# There is insufficient memory for the Java Runtime Environment to continue.
# Native memory allocation (mmap) failed to map 37748736 bytes for G1 virtual space
# Possible reasons:
#   The system is out of physical RAM or swap space
#   The process is running with CompressedOops enabled, and the Java Heap may be blocking the growth of the native heap
# Possible solutions:
#   Reduce memory load on the system
#   Increase physical memory or swap space
#   Check if swap backing store is full
#   Decrease Java heap size (-Xmx/-Xms)
#   Decrease number of Java threads
#   Decrease Java thread stack sizes (-Xss)
#   Set larger code cache with -XX:ReservedCodeCacheSize=
#   JVM is running with Unscaled Compressed Oops mode in which the Java heap is
#     placed in the first 4GB address space. The Java Heap base address is the
#     maximum limit for the native heap growth. Please use -XX:HeapBaseMinAddress
#     to set the Java Heap base and to place the Java Heap above 4GB virtual address.
# This output file may be truncated or incomplete.
#
#  Out of Memory Error (os_windows.cpp:3532), pid=16848, tid=7848
#
# JRE version: Java(TM) SE Runtime Environment (17.0.2+8) (build 17.0.2+8-LTS-86)
# Java VM: Java HotSpot(TM) 64-Bit Server VM (17.0.2+8-LTS-86, mixed mode, sharing, tiered, compressed oops, compressed class ptrs, g1 gc, windows-amd64)
# No core dump will be written. Minidumps are not enabled by default on client versions of Windows
#

---------------  S U M M A R Y ------------

Command Line: -Dfile.encoding=UTF-8 com.thoughtworks.gauge.GaugeRuntime --start

Host: 11th Gen Intel(R) Core(TM) i5-1135G7 @ 2.40GHz, 8 cores, 7G,  Windows 10 , 64 bit Build 19041 (10.0.19041.1566)
Time: Mon Apr  4 14:59:51 2022 Turkey Standard Time elapsed time: 3.642206 seconds (0d 0h 0m 3s)

---------------  T H R E A D  ---------------

Current thread (0x000001c9b28e6f50):  VMThread "VM Thread" [stack: 0x0000002fed600000,0x0000002fed700000] [id=7848]

Stack: [0x0000002fed600000,0x0000002fed700000]
Native frames: (J=compiled Java code, j=interpreted, Vv=VM code, C=native code)
V  [jvm.dll+0x670baa]
V  [jvm.dll+0x7cfcb4]
V  [jvm.dll+0x7d145e]
V  [jvm.dll+0x7d1ac3]
V  [jvm.dll+0x242bc5]
V  [jvm.dll+0x66dac9]
V  [jvm.dll+0x662412]
V  [jvm.dll+0x300c0b]
V  [jvm.dll+0x3081a6]
V  [jvm.dll+0x357d0e]
V  [jvm.dll+0x357f3f]
V  [jvm.dll+0x2d7ec8]
V  [jvm.dll+0x2d6194]
V  [jvm.dll+0x2d579c]
V  [jvm.dll+0x3190eb]
V  [jvm.dll+0x7d5f9b]
V  [jvm.dll+0x7d6cd4]
V  [jvm.dll+0x7d71ec]
V  [jvm.dll+0x7d75c4]
V  [jvm.dll+0x7d7690]
V  [jvm.dll+0x77ff7a]
V  [jvm.dll+0x66fa35]
C  [ucrtbase.dll+0x21bb2]
C  [KERNEL32.DLL+0x17034]
C  [ntdll.dll+0x52651]

VM_Operation (0x0000002fee3fedf0): G1CollectForAllocation, mode: safepoint, requested by thread 0x000001c9b3ef4750


---------------  P R O C E S S  ---------------

Threads class SMR info:
_java_thread_list=0x000001c9b45a45b0, length=16, elements={
0x000001c994a053e0, 0x000001c9b28ee900, 0x000001c9b28ef2b0, 0x000001c9b2906d30,
0x000001c9b29076e0, 0x000001c9b290a0a0, 0x000001c9b290ba60, 0x000001c9b291d550,
0x000001c9b291dff0, 0x000001c9b29209f0, 0x000001c9b34f8400, 0x000001c9b3500870,
0x000001c9b3ef4750, 0x000001c9b46630b0, 0x000001c9b46c5590, 0x000001c9b47c2980
}

Java Threads: ( => current thread )
  0x000001c994a053e0 JavaThread "main" [_thread_blocked, id=1400, stack(0x0000002fed000000,0x0000002fed100000)]
  0x000001c9b28ee900 JavaThread "Reference Handler" daemon [_thread_blocked, id=17420, stack(0x0000002fed700000,0x0000002fed800000)]
  0x000001c9b28ef2b0 JavaThread "Finalizer" daemon [_thread_blocked, id=10472, stack(0x0000002fed800000,0x0000002fed900000)]
  0x000001c9b2906d30 JavaThread "Signal Dispatcher" daemon [_thread_blocked, id=1644, stack(0x0000002fed900000,0x0000002feda00000)]
  0x000001c9b29076e0 JavaThread "Attach Listener" daemon [_thread_blocked, id=5556, stack(0x0000002feda00000,0x0000002fedb00000)]
  0x000001c9b290a0a0 JavaThread "Service Thread" daemon [_thread_blocked, id=1464, stack(0x0000002fedb00000,0x0000002fedc00000)]
  0x000001c9b290ba60 JavaThread "Monitor Deflation Thread" daemon [_thread_blocked, id=5916, stack(0x0000002fedc00000,0x0000002fedd00000)]
  0x000001c9b291d550 JavaThread "C2 CompilerThread0" daemon [_thread_blocked, id=7624, stack(0x0000002fedd00000,0x0000002fede00000)]
  0x000001c9b291dff0 JavaThread "C1 CompilerThread0" daemon [_thread_blocked, id=14888, stack(0x0000002fede00000,0x0000002fedf00000)]
  0x000001c9b29209f0 JavaThread "Sweeper thread" daemon [_thread_blocked, id=19360, stack(0x0000002fedf00000,0x0000002fee000000)]
  0x000001c9b34f8400 JavaThread "Notification Thread" daemon [_thread_blocked, id=3248, stack(0x0000002fee000000,0x0000002fee100000)]
  0x000001c9b3500870 JavaThread "Common-Cleaner" daemon [_thread_blocked, id=18124, stack(0x0000002fee200000,0x0000002fee300000)]
  0x000001c9b3ef4750 JavaThread "pool-1-thread-1" [_thread_blocked, id=17828, stack(0x0000002fee300000,0x0000002fee400000)]
  0x000001c9b46630b0 JavaThread "grpc-nio-boss-ELG-1-1" daemon [_thread_in_native, id=12392, stack(0x0000002feeb00000,0x0000002feec00000)]
  0x000001c9b46c5590 JavaThread "grpc-nio-worker-ELG-3-1" daemon [_thread_in_native, id=18400, stack(0x0000002feec00000,0x0000002feed00000)]
  0x000001c9b47c2980 JavaThread "pool-2-thread-1" [_thread_blocked, id=17644, stack(0x0000002feed00000,0x0000002feee00000)]

Other Threads:
=>0x000001c9b28e6f50 VMThread "VM Thread" [stack: 0x0000002fed600000,0x0000002fed700000] [id=7848]
  0x000001c994aab540 WatcherThread [stack: 0x0000002fee100000,0x0000002fee200000] [id=17588]
  0x000001c994a433c0 GCTaskThread "GC Thread#0" [stack: 0x0000002fed100000,0x0000002fed200000] [id=15932]
  0x000001c9b41b43f0 GCTaskThread "GC Thread#1" [stack: 0x0000002fee400000,0x0000002fee500000] [id=19004]
  0x000001c9b3c4cc40 GCTaskThread "GC Thread#2" [stack: 0x0000002fee500000,0x0000002fee600000] [id=13592]
  0x000001c9b3e4cc80 GCTaskThread "GC Thread#3" [stack: 0x0000002fee600000,0x0000002fee700000] [id=14896]
  0x000001c9b42f54d0 GCTaskThread "GC Thread#4" [stack: 0x0000002fee700000,0x0000002fee800000] [id=4020]
  0x000001c9b4407df0 GCTaskThread "GC Thread#5" [stack: 0x0000002fee800000,0x0000002fee900000] [id=2536]
  0x000001c9b4681050 GCTaskThread "GC Thread#6" [stack: 0x0000002fee900000,0x0000002feea00000] [id=14564]
  0x000001c9b44080a0 GCTaskThread "GC Thread#7" [stack: 0x0000002feea00000,0x0000002feeb00000] [id=17652]
  0x000001c994a539c0 ConcurrentGCThread "G1 Main Marker" [stack: 0x0000002fed200000,0x0000002fed300000] [id=14164]
  0x000001c994a543d0 ConcurrentGCThread "G1 Conc#0" [stack: 0x0000002fed300000,0x0000002fed400000] [id=4076]
  0x000001c9b27934d0 ConcurrentGCThread "G1 Refine#0" [stack: 0x0000002fed400000,0x0000002fed500000] [id=4968]
  0x000001c994accc80 ConcurrentGCThread "G1 Service" [stack: 0x0000002fed500000,0x0000002fed600000] [id=9036]

Threads with active compile tasks:
C2 CompilerThread0     3666 1903   !   4       org.reflections.Reflections::scan (239 bytes)

VM state: at safepoint (normal execution)

VM Mutex/Monitor currently owned by a thread:  ([mutex/lock_event])
[0x000001c994a01590] Threads_lock - owner thread: 0x000001c9b28e6f50
[0x000001c994a01740] Heap_lock - owner thread: 0x000001c9b3ef4750

Heap address: 0x0000000084a00000, size: 1974 MB, Compressed Oops mode: 32-bit

CDS archive(s) mapped at: [0x0000000800000000-0x0000000800bc0000-0x0000000800bc0000), size 12320768, SharedBaseAddress: 0x0000000800000000, ArchiveRelocationMode: 0.
Compressed class space mapped at: 0x0000000800c00000-0x0000000840c00000, reserved size: 1073741824
Narrow klass base: 0x0000000800000000, Narrow klass shift: 0, Narrow klass range: 0x100000000

GC Precious Log:
 CPUs: 8 total, 8 available
 Memory: 7890M
 Large Page Support: Disabled
 NUMA Support: Disabled
 Compressed Oops: Enabled (32-bit)
 Heap Region Size: 1M
 Heap Min Capacity: 8M
 Heap Initial Capacity: 124M
 Heap Max Capacity: 1974M
 Pre-touch: Disabled
 Parallel Workers: 8
 Concurrent Workers: 2
 Concurrent Refinement Workers: 8
 Periodic GC: Disabled

Heap:
 garbage-first heap   total 183296K, used 21353K [0x0000000084a00000, 0x0000000100000000)
  region size 1024K, 8 young (8192K), 8 survivors (8192K)
 Metaspace       used 16085K, committed 16256K, reserved 1064960K
  class space    used 2045K, committed 2112K, reserved 1048576K

Heap Regions: E=young(eden), S=young(survivor), O=old, HS=humongous(starts), HC=humongous(continues), CS=collection set, F=free, OA=open archive, CA=closed archive, TAMS=top-at-mark-start (previous, next)
|   0|0x0000000084a00000, 0x0000000084b00000, 0x0000000084b00000|100%|HS|  |TAMS 0x0000000084a00000, 0x0000000084a00000| Complete 
|   1|0x0000000084b00000, 0x0000000084c00000, 0x0000000084c00000|100%|HS|  |TAMS 0x0000000084b00000, 0x0000000084b00000| Complete 
|   2|0x0000000084c00000, 0x0000000084d00000, 0x0000000084d00000|100%|HC|  |TAMS 0x0000000084c00000, 0x0000000084c00000| Complete 
|   3|0x0000000084d00000, 0x0000000084e00000, 0x0000000084e00000|100%| O|  |TAMS 0x0000000084d00000, 0x0000000084d00000| Untracked 
|   4|0x0000000084e00000, 0x0000000084f00000, 0x0000000084f00000|100%| O|  |TAMS 0x0000000084e00000, 0x0000000084e00000| Untracked 
|   5|0x0000000084f00000, 0x0000000085000000, 0x0000000085000000|100%| O|  |TAMS 0x0000000084f00000, 0x0000000084f00000| Untracked 
|   6|0x0000000085000000, 0x0000000085100000, 0x0000000085100000|100%| O|  |TAMS 0x0000000085000000, 0x0000000085000000| Untracked 
|   7|0x0000000085100000, 0x0000000085200000, 0x0000000085200000|100%| O|  |TAMS 0x0000000085100000, 0x0000000085100000| Untracked 
|   8|0x0000000085200000, 0x0000000085300000, 0x0000000085300000|100%| O|  |TAMS 0x0000000085200000, 0x0000000085200000| Untracked 
|   9|0x0000000085300000, 0x0000000085400000, 0x0000000085400000|100%| O|  |TAMS 0x0000000085300000, 0x0000000085300000| Untracked 
|  10|0x0000000085400000, 0x0000000085500000, 0x0000000085500000|100%| O|  |TAMS 0x0000000085400000, 0x0000000085400000| Untracked 
|  11|0x0000000085500000, 0x0000000085600000, 0x0000000085600000|100%| O|  |TAMS 0x0000000085500000, 0x0000000085500000| Untracked 
|  12|0x0000000085600000, 0x00000000856da400, 0x0000000085700000| 85%| O|  |TAMS 0x0000000085600000, 0x0000000085600000| Untracked 
|  13|0x0000000085700000, 0x0000000085700000, 0x0000000085800000|  0%| F|  |TAMS 0x0000000085700000, 0x0000000085700000| Untracked 
|  14|0x0000000085800000, 0x0000000085800000, 0x0000000085900000|  0%| F|  |TAMS 0x0000000085800000, 0x0000000085800000| Untracked 
|  15|0x0000000085900000, 0x0000000085900000, 0x0000000085a00000|  0%| F|  |TAMS 0x0000000085900000, 0x0000000085900000| Untracked 
|  16|0x0000000085a00000, 0x0000000085a00000, 0x0000000085b00000|  0%| F|  |TAMS 0x0000000085a00000, 0x0000000085a00000| Untracked 
|  17|0x0000000085b00000, 0x0000000085b00000, 0x0000000085c00000|  0%| F|  |TAMS 0x0000000085b00000, 0x0000000085b00000| Untracked 
|  18|0x0000000085c00000, 0x0000000085c00000, 0x0000000085d00000|  0%| F|  |TAMS 0x0000000085c00000, 0x0000000085c00000| Untracked 
|  19|0x0000000085d00000, 0x0000000085d00000, 0x0000000085e00000|  0%| F|  |TAMS 0x0000000085d00000, 0x0000000085d00000| Untracked 
|  20|0x0000000085e00000, 0x0000000085e00000, 0x0000000085f00000|  0%| F|  |TAMS 0x0000000085e00000, 0x0000000085e00000| Untracked 
|  21|0x0000000085f00000, 0x0000000085f00000, 0x0000000086000000|  0%| F|  |TAMS 0x0000000085f00000, 0x0000000085f00000| Untracked 
|  22|0x0000000086000000, 0x0000000086000000, 0x0000000086100000|  0%| F|  |TAMS 0x0000000086000000, 0x0000000086000000| Untracked 
|  23|0x0000000086100000, 0x0000000086100000, 0x0000000086200000|  0%| F|  |TAMS 0x0000000086100000, 0x0000000086100000| Untracked 
|  24|0x0000000086200000, 0x0000000086200000, 0x0000000086300000|  0%| F|  |TAMS 0x0000000086200000, 0x0000000086200000| Untracked 
|  25|0x0000000086300000, 0x0000000086300000, 0x0000000086400000|  0%| F|  |TAMS 0x0000000086300000, 0x0000000086300000| Untracked 
|  26|0x0000000086400000, 0x0000000086400000, 0x0000000086500000|  0%| F|  |TAMS 0x0000000086400000, 0x0000000086400000| Untracked 
|  27|0x0000000086500000, 0x0000000086500000, 0x0000000086600000|  0%| F|  |TAMS 0x0000000086500000, 0x0000000086500000| Untracked 
|  28|0x0000000086600000, 0x0000000086600000, 0x0000000086700000|  0%| F|  |TAMS 0x0000000086600000, 0x0000000086600000| Untracked 
|  29|0x0000000086700000, 0x0000000086700000, 0x0000000086800000|  0%| F|  |TAMS 0x0000000086700000, 0x0000000086700000| Untracked 
|  30|0x0000000086800000, 0x0000000086800000, 0x0000000086900000|  0%| F|  |TAMS 0x0000000086800000, 0x0000000086800000| Untracked 
|  31|0x0000000086900000, 0x0000000086900000, 0x0000000086a00000|  0%| F|  |TAMS 0x0000000086900000, 0x0000000086900000| Untracked 
|  32|0x0000000086a00000, 0x0000000086a00000, 0x0000000086b00000|  0%| F|  |TAMS 0x0000000086a00000, 0x0000000086a00000| Untracked 
|  33|0x0000000086b00000, 0x0000000086b00000, 0x0000000086c00000|  0%| F|  |TAMS 0x0000000086b00000, 0x0000000086b00000| Untracked 
|  34|0x0000000086c00000, 0x0000000086c00000, 0x0000000086d00000|  0%| F|  |TAMS 0x0000000086c00000, 0x0000000086c00000| Untracked 
|  35|0x0000000086d00000, 0x0000000086d00000, 0x0000000086e00000|  0%| F|  |TAMS 0x0000000086d00000, 0x0000000086d00000| Untracked 
|  36|0x0000000086e00000, 0x0000000086e00000, 0x0000000086f00000|  0%| F|  |TAMS 0x0000000086e00000, 0x0000000086e00000| Untracked 
|  37|0x0000000086f00000, 0x0000000086f00000, 0x0000000087000000|  0%| F|  |TAMS 0x0000000086f00000, 0x0000000086f00000| Untracked 
|  38|0x0000000087000000, 0x0000000087000000, 0x0000000087100000|  0%| F|  |TAMS 0x0000000087000000, 0x0000000087000000| Untracked 
|  39|0x0000000087100000, 0x0000000087100000, 0x0000000087200000|  0%| F|  |TAMS 0x0000000087100000, 0x0000000087100000| Untracked 
|  40|0x0000000087200000, 0x0000000087200000, 0x0000000087300000|  0%| F|  |TAMS 0x0000000087200000, 0x0000000087200000| Untracked 
|  41|0x0000000087300000, 0x0000000087300000, 0x0000000087400000|  0%| F|  |TAMS 0x0000000087300000, 0x0000000087300000| Untracked 
|  42|0x0000000087400000, 0x0000000087400000, 0x0000000087500000|  0%| F|  |TAMS 0x0000000087400000, 0x0000000087400000| Untracked 
|  43|0x0000000087500000, 0x0000000087500000, 0x0000000087600000|  0%| F|  |TAMS 0x0000000087500000, 0x0000000087500000| Untracked 
|  44|0x0000000087600000, 0x0000000087600000, 0x0000000087700000|  0%| F|  |TAMS 0x0000000087600000, 0x0000000087600000| Untracked 
|  45|0x0000000087700000, 0x0000000087700000, 0x0000000087800000|  0%| F|  |TAMS 0x0000000087700000, 0x0000000087700000| Untracked 
|  46|0x0000000087800000, 0x0000000087800000, 0x0000000087900000|  0%| F|  |TAMS 0x0000000087800000, 0x0000000087800000| Untracked 
|  47|0x0000000087900000, 0x0000000087900000, 0x0000000087a00000|  0%| F|  |TAMS 0x0000000087900000, 0x0000000087900000| Untracked 
|  48|0x0000000087a00000, 0x0000000087a00000, 0x0000000087b00000|  0%| F|  |TAMS 0x0000000087a00000, 0x0000000087a00000| Untracked 
|  49|0x0000000087b00000, 0x0000000087b00000, 0x0000000087c00000|  0%| F|  |TAMS 0x0000000087b00000, 0x0000000087b00000| Untracked 
|  50|0x0000000087c00000, 0x0000000087c00000, 0x0000000087d00000|  0%| F|  |TAMS 0x0000000087c00000, 0x0000000087c00000| Untracked 
|  51|0x0000000087d00000, 0x0000000087d00000, 0x0000000087e00000|  0%| F|  |TAMS 0x0000000087d00000, 0x0000000087d00000| Untracked 
|  52|0x0000000087e00000, 0x0000000087e00000, 0x0000000087f00000|  0%| F|  |TAMS 0x0000000087e00000, 0x0000000087e00000| Untracked 
|  53|0x0000000087f00000, 0x0000000087f00000, 0x0000000088000000|  0%| F|  |TAMS 0x0000000087f00000, 0x0000000087f00000| Untracked 
|  54|0x0000000088000000, 0x0000000088000000, 0x0000000088100000|  0%| F|  |TAMS 0x0000000088000000, 0x0000000088000000| Untracked 
|  55|0x0000000088100000, 0x0000000088100000, 0x0000000088200000|  0%| F|  |TAMS 0x0000000088100000, 0x0000000088100000| Untracked 
|  56|0x0000000088200000, 0x0000000088200000, 0x0000000088300000|  0%| F|  |TAMS 0x0000000088200000, 0x0000000088200000| Untracked 
|  57|0x0000000088300000, 0x0000000088300000, 0x0000000088400000|  0%| F|  |TAMS 0x0000000088300000, 0x0000000088300000| Untracked 
|  58|0x0000000088400000, 0x0000000088400000, 0x0000000088500000|  0%| F|  |TAMS 0x0000000088400000, 0x0000000088400000| Untracked 
|  59|0x0000000088500000, 0x0000000088500000, 0x0000000088600000|  0%| F|  |TAMS 0x0000000088500000, 0x0000000088500000| Untracked 
|  60|0x0000000088600000, 0x0000000088600000, 0x0000000088700000|  0%| F|  |TAMS 0x0000000088600000, 0x0000000088600000| Untracked 
|  61|0x0000000088700000, 0x0000000088700000, 0x0000000088800000|  0%| F|  |TAMS 0x0000000088700000, 0x0000000088700000| Untracked 
|  62|0x0000000088800000, 0x0000000088800000, 0x0000000088900000|  0%| F|  |TAMS 0x0000000088800000, 0x0000000088800000| Untracked 
|  63|0x0000000088900000, 0x0000000088900000, 0x0000000088a00000|  0%| F|  |TAMS 0x0000000088900000, 0x0000000088900000| Untracked 
|  64|0x0000000088a00000, 0x0000000088b00000, 0x0000000088b00000|100%| S|CS|TAMS 0x0000000088a00000, 0x0000000088a00000| Complete 
|  65|0x0000000088b00000, 0x0000000088c00000, 0x0000000088c00000|100%| S|CS|TAMS 0x0000000088b00000, 0x0000000088b00000| Complete 
|  66|0x0000000088c00000, 0x0000000088d00000, 0x0000000088d00000|100%| S|CS|TAMS 0x0000000088c00000, 0x0000000088c00000| Complete 
|  67|0x0000000088d00000, 0x0000000088e00000, 0x0000000088e00000|100%| S|CS|TAMS 0x0000000088d00000, 0x0000000088d00000| Complete 
|  68|0x0000000088e00000, 0x0000000088f00000, 0x0000000088f00000|100%| S|CS|TAMS 0x0000000088e00000, 0x0000000088e00000| Complete 
|  69|0x0000000088f00000, 0x0000000089000000, 0x0000000089000000|100%| S|CS|TAMS 0x0000000088f00000, 0x0000000088f00000| Complete 
|  70|0x0000000089000000, 0x0000000089100000, 0x0000000089100000|100%| S|CS|TAMS 0x0000000089000000, 0x0000000089000000| Complete 
|  71|0x0000000089100000, 0x0000000089100000, 0x0000000089200000|  0%| F|  |TAMS 0x0000000089100000, 0x0000000089100000| Untracked 
|  72|0x0000000089200000, 0x0000000089200000, 0x0000000089300000|  0%| F|  |TAMS 0x0000000089200000, 0x0000000089200000| Untracked 
|  73|0x0000000089300000, 0x0000000089300000, 0x0000000089400000|  0%| F|  |TAMS 0x0000000089300000, 0x0000000089300000| Untracked 
|  74|0x0000000089400000, 0x0000000089400000, 0x0000000089500000|  0%| F|  |TAMS 0x0000000089400000, 0x0000000089400000| Untracked 
|  75|0x0000000089500000, 0x0000000089500000, 0x0000000089600000|  0%| F|  |TAMS 0x0000000089500000, 0x0000000089500000| Untracked 
|  76|0x0000000089600000, 0x0000000089600000, 0x0000000089700000|  0%| F|  |TAMS 0x0000000089600000, 0x0000000089600000| Untracked 
|  77|0x0000000089700000, 0x0000000089700000, 0x0000000089800000|  0%| F|  |TAMS 0x0000000089700000, 0x0000000089700000| Untracked 
|  78|0x0000000089800000, 0x0000000089800000, 0x0000000089900000|  0%| F|  |TAMS 0x0000000089800000, 0x0000000089800000| Untracked 
|  79|0x0000000089900000, 0x0000000089a00000, 0x0000000089a00000|100%| S|CS|TAMS 0x0000000089900000, 0x0000000089900000| Complete 
|  80|0x0000000089a00000, 0x0000000089a00000, 0x0000000089b00000|  0%| F|  |TAMS 0x0000000089a00000, 0x0000000089a00000| Untracked 
|  81|0x0000000089b00000, 0x0000000089b00000, 0x0000000089c00000|  0%| F|  |TAMS 0x0000000089b00000, 0x0000000089b00000| Untracked 
|  82|0x0000000089c00000, 0x0000000089c00000, 0x0000000089d00000|  0%| F|  |TAMS 0x0000000089c00000, 0x0000000089c00000| Untracked 
|  83|0x0000000089d00000, 0x0000000089d00000, 0x0000000089e00000|  0%| F|  |TAMS 0x0000000089d00000, 0x0000000089d00000| Untracked 
|  84|0x0000000089e00000, 0x0000000089e00000, 0x0000000089f00000|  0%| F|  |TAMS 0x0000000089e00000, 0x0000000089e00000| Untracked 
|  85|0x0000000089f00000, 0x0000000089f00000, 0x000000008a000000|  0%| F|  |TAMS 0x0000000089f00000, 0x0000000089f00000| Untracked 
|  86|0x000000008a000000, 0x000000008a000000, 0x000000008a100000|  0%| F|  |TAMS 0x000000008a000000, 0x000000008a000000| Untracked 
|  87|0x000000008a100000, 0x000000008a100000, 0x000000008a200000|  0%| F|  |TAMS 0x000000008a100000, 0x000000008a100000| Untracked 
|  88|0x000000008a200000, 0x000000008a200000, 0x000000008a300000|  0%| F|  |TAMS 0x000000008a200000, 0x000000008a200000| Untracked 
|  89|0x000000008a300000, 0x000000008a300000, 0x000000008a400000|  0%| F|  |TAMS 0x000000008a300000, 0x000000008a300000| Untracked 
|  90|0x000000008a400000, 0x000000008a400000, 0x000000008a500000|  0%| F|  |TAMS 0x000000008a400000, 0x000000008a400000| Untracked 
|  91|0x000000008a500000, 0x000000008a500000, 0x000000008a600000|  0%| F|  |TAMS 0x000000008a500000, 0x000000008a500000| Untracked 
|  92|0x000000008a600000, 0x000000008a600000, 0x000000008a700000|  0%| F|  |TAMS 0x000000008a600000, 0x000000008a600000| Untracked 
|  93|0x000000008a700000, 0x000000008a700000, 0x000000008a800000|  0%| F|  |TAMS 0x000000008a700000, 0x000000008a700000| Untracked 
|  94|0x000000008a800000, 0x000000008a800000, 0x000000008a900000|  0%| F|  |TAMS 0x000000008a800000, 0x000000008a800000| Untracked 
|  95|0x000000008a900000, 0x000000008a900000, 0x000000008aa00000|  0%| F|  |TAMS 0x000000008a900000, 0x000000008a900000| Untracked 
|  96|0x000000008aa00000, 0x000000008aa00000, 0x000000008ab00000|  0%| F|  |TAMS 0x000000008aa00000, 0x000000008aa00000| Untracked 
|  97|0x000000008ab00000, 0x000000008ab00000, 0x000000008ac00000|  0%| F|  |TAMS 0x000000008ab00000, 0x000000008ab00000| Untracked 
|  98|0x000000008ac00000, 0x000000008ac00000, 0x000000008ad00000|  0%| F|  |TAMS 0x000000008ac00000, 0x000000008ac00000| Untracked 
|  99|0x000000008ad00000, 0x000000008ad00000, 0x000000008ae00000|  0%| F|  |TAMS 0x000000008ad00000, 0x000000008ad00000| Untracked 
| 100|0x000000008ae00000, 0x000000008ae00000, 0x000000008af00000|  0%| F|  |TAMS 0x000000008ae00000, 0x000000008ae00000| Untracked 
| 101|0x000000008af00000, 0x000000008af00000, 0x000000008b000000|  0%| F|  |TAMS 0x000000008af00000, 0x000000008af00000| Untracked 
| 102|0x000000008b000000, 0x000000008b000000, 0x000000008b100000|  0%| F|  |TAMS 0x000000008b000000, 0x000000008b000000| Untracked 
| 103|0x000000008b100000, 0x000000008b100000, 0x000000008b200000|  0%| F|  |TAMS 0x000000008b100000, 0x000000008b100000| Untracked 
| 104|0x000000008b200000, 0x000000008b200000, 0x000000008b300000|  0%| F|  |TAMS 0x000000008b200000, 0x000000008b200000| Untracked 
| 105|0x000000008b300000, 0x000000008b300000, 0x000000008b400000|  0%| F|  |TAMS 0x000000008b300000, 0x000000008b300000| Untracked 
| 106|0x000000008b400000, 0x000000008b400000, 0x000000008b500000|  0%| F|  |TAMS 0x000000008b400000, 0x000000008b400000| Untracked 
| 107|0x000000008b500000, 0x000000008b500000, 0x000000008b600000|  0%| F|  |TAMS 0x000000008b500000, 0x000000008b500000| Untracked 
| 108|0x000000008b600000, 0x000000008b600000, 0x000000008b700000|  0%| F|  |TAMS 0x000000008b600000, 0x000000008b600000| Untracked 
| 109|0x000000008b700000, 0x000000008b700000, 0x000000008b800000|  0%| F|  |TAMS 0x000000008b700000, 0x000000008b700000| Untracked 
| 110|0x000000008b800000, 0x000000008b800000, 0x000000008b900000|  0%| F|  |TAMS 0x000000008b800000, 0x000000008b800000| Untracked 
| 111|0x000000008b900000, 0x000000008b900000, 0x000000008ba00000|  0%| F|  |TAMS 0x000000008b900000, 0x000000008b900000| Untracked 
| 112|0x000000008ba00000, 0x000000008ba00000, 0x000000008bb00000|  0%| F|  |TAMS 0x000000008ba00000, 0x000000008ba00000| Untracked 
| 113|0x000000008bb00000, 0x000000008bb00000, 0x000000008bc00000|  0%| F|  |TAMS 0x000000008bb00000, 0x000000008bb00000| Untracked 
| 114|0x000000008bc00000, 0x000000008bc00000, 0x000000008bd00000|  0%| F|  |TAMS 0x000000008bc00000, 0x000000008bc00000| Untracked 
| 115|0x000000008bd00000, 0x000000008bd00000, 0x000000008be00000|  0%| F|  |TAMS 0x000000008bd00000, 0x000000008bd00000| Untracked 
| 116|0x000000008be00000, 0x000000008be00000, 0x000000008bf00000|  0%| F|  |TAMS 0x000000008be00000, 0x000000008be00000| Untracked 
| 117|0x000000008bf00000, 0x000000008bf00000, 0x000000008c000000|  0%| F|  |TAMS 0x000000008bf00000, 0x000000008bf00000| Untracked 
| 118|0x000000008c000000, 0x000000008c000000, 0x000000008c100000|  0%| F|  |TAMS 0x000000008c000000, 0x000000008c000000| Untracked 
| 119|0x000000008c100000, 0x000000008c100000, 0x000000008c200000|  0%| F|  |TAMS 0x000000008c100000, 0x000000008c100000| Untracked 
| 120|0x000000008c200000, 0x000000008c200000, 0x000000008c300000|  0%| F|  |TAMS 0x000000008c200000, 0x000000008c200000| Untracked 
| 121|0x000000008c300000, 0x000000008c300000, 0x000000008c400000|  0%| F|  |TAMS 0x000000008c300000, 0x000000008c300000| Untracked 
| 122|0x000000008c400000, 0x000000008c400000, 0x000000008c500000|  0%| F|  |TAMS 0x000000008c400000, 0x000000008c400000| Untracked 
| 123|0x000000008c500000, 0x000000008c500000, 0x000000008c600000|  0%| F|  |TAMS 0x000000008c500000, 0x000000008c500000| Untracked 
| 124|0x000000008c600000, 0x000000008c600000, 0x000000008c700000|  0%| F|  |TAMS 0x000000008c600000, 0x000000008c600000| Untracked 
| 125|0x000000008c700000, 0x000000008c700000, 0x000000008c800000|  0%| F|  |TAMS 0x000000008c700000, 0x000000008c700000| Untracked 
| 126|0x000000008c800000, 0x000000008c800000, 0x000000008c900000|  0%| F|  |TAMS 0x000000008c800000, 0x000000008c800000| Untracked 
| 127|0x000000008c900000, 0x000000008c900000, 0x000000008ca00000|  0%| F|  |TAMS 0x000000008c900000, 0x000000008c900000| Untracked 
| 128|0x000000008ca00000, 0x000000008ca00000, 0x000000008cb00000|  0%| F|  |TAMS 0x000000008ca00000, 0x000000008ca00000| Untracked 
| 129|0x000000008cb00000, 0x000000008cb00000, 0x000000008cc00000|  0%| F|  |TAMS 0x000000008cb00000, 0x000000008cb00000| Untracked 
| 130|0x000000008cc00000, 0x000000008cc00000, 0x000000008cd00000|  0%| F|  |TAMS 0x000000008cc00000, 0x000000008cc00000| Untracked 
| 131|0x000000008cd00000, 0x000000008cd00000, 0x000000008ce00000|  0%| F|  |TAMS 0x000000008cd00000, 0x000000008cd00000| Untracked 
| 132|0x000000008ce00000, 0x000000008ce00000, 0x000000008cf00000|  0%| F|  |TAMS 0x000000008ce00000, 0x000000008ce00000| Untracked 
| 133|0x000000008cf00000, 0x000000008cf00000, 0x000000008d000000|  0%| F|  |TAMS 0x000000008cf00000, 0x000000008cf00000| Untracked 
| 134|0x000000008d000000, 0x000000008d000000, 0x000000008d100000|  0%| F|  |TAMS 0x000000008d000000, 0x000000008d000000| Untracked 
| 135|0x000000008d100000, 0x000000008d100000, 0x000000008d200000|  0%| F|  |TAMS 0x000000008d100000, 0x000000008d100000| Untracked 
| 136|0x000000008d200000, 0x000000008d200000, 0x000000008d300000|  0%| F|  |TAMS 0x000000008d200000, 0x000000008d200000| Untracked 
| 137|0x000000008d300000, 0x000000008d300000, 0x000000008d400000|  0%| F|  |TAMS 0x000000008d300000, 0x000000008d300000| Untracked 
| 138|0x000000008d400000, 0x000000008d400000, 0x000000008d500000|  0%| F|  |TAMS 0x000000008d400000, 0x000000008d400000| Untracked 
| 139|0x000000008d500000, 0x000000008d500000, 0x000000008d600000|  0%| F|  |TAMS 0x000000008d500000, 0x000000008d500000| Untracked 
| 140|0x000000008d600000, 0x000000008d600000, 0x000000008d700000|  0%| F|  |TAMS 0x000000008d600000, 0x000000008d600000| Untracked 
| 141|0x000000008d700000, 0x000000008d700000, 0x000000008d800000|  0%| F|  |TAMS 0x000000008d700000, 0x000000008d700000| Untracked 
| 142|0x000000008d800000, 0x000000008d800000, 0x000000008d900000|  0%| F|  |TAMS 0x000000008d800000, 0x000000008d800000| Untracked 
| 143|0x000000008d900000, 0x000000008d900000, 0x000000008da00000|  0%| F|  |TAMS 0x000000008d900000, 0x000000008d900000| Untracked 
| 144|0x000000008da00000, 0x000000008da00000, 0x000000008db00000|  0%| F|  |TAMS 0x000000008da00000, 0x000000008da00000| Untracked 
| 145|0x000000008db00000, 0x000000008db00000, 0x000000008dc00000|  0%| F|  |TAMS 0x000000008db00000, 0x000000008db00000| Untracked 
| 146|0x000000008dc00000, 0x000000008dc00000, 0x000000008dd00000|  0%| F|  |TAMS 0x000000008dc00000, 0x000000008dc00000| Untracked 
| 147|0x000000008dd00000, 0x000000008dd00000, 0x000000008de00000|  0%| F|  |TAMS 0x000000008dd00000, 0x000000008dd00000| Untracked 
| 148|0x000000008de00000, 0x000000008de00000, 0x000000008df00000|  0%| F|  |TAMS 0x000000008de00000, 0x000000008de00000| Untracked 
| 149|0x000000008df00000, 0x000000008df00000, 0x000000008e000000|  0%| F|  |TAMS 0x000000008df00000, 0x000000008df00000| Untracked 
| 150|0x000000008e000000, 0x000000008e000000, 0x000000008e100000|  0%| F|  |TAMS 0x000000008e000000, 0x000000008e000000| Untracked 
| 151|0x000000008e100000, 0x000000008e100000, 0x000000008e200000|  0%| F|  |TAMS 0x000000008e100000, 0x000000008e100000| Untracked 
| 152|0x000000008e200000, 0x000000008e200000, 0x000000008e300000|  0%| F|  |TAMS 0x000000008e200000, 0x000000008e200000| Untracked 
| 153|0x000000008e300000, 0x000000008e300000, 0x000000008e400000|  0%| F|  |TAMS 0x000000008e300000, 0x000000008e300000| Untracked 
| 154|0x000000008e400000, 0x000000008e400000, 0x000000008e500000|  0%| F|  |TAMS 0x000000008e400000, 0x000000008e400000| Untracked 
| 155|0x000000008e500000, 0x000000008e500000, 0x000000008e600000|  0%| F|  |TAMS 0x000000008e500000, 0x000000008e500000| Untracked 
| 156|0x000000008e600000, 0x000000008e600000, 0x000000008e700000|  0%| F|  |TAMS 0x000000008e600000, 0x000000008e600000| Untracked 
| 157|0x000000008e700000, 0x000000008e700000, 0x000000008e800000|  0%| F|  |TAMS 0x000000008e700000, 0x000000008e700000| Untracked 
| 158|0x000000008e800000, 0x000000008e800000, 0x000000008e900000|  0%| F|  |TAMS 0x000000008e800000, 0x000000008e800000| Untracked 
| 159|0x000000008e900000, 0x000000008e900000, 0x000000008ea00000|  0%| F|  |TAMS 0x000000008e900000, 0x000000008e900000| Untracked 
| 160|0x000000008ea00000, 0x000000008ea00000, 0x000000008eb00000|  0%| F|  |TAMS 0x000000008ea00000, 0x000000008ea00000| Untracked 
| 161|0x000000008eb00000, 0x000000008eb00000, 0x000000008ec00000|  0%| F|  |TAMS 0x000000008eb00000, 0x000000008eb00000| Untracked 
| 162|0x000000008ec00000, 0x000000008ec00000, 0x000000008ed00000|  0%| F|  |TAMS 0x000000008ec00000, 0x000000008ec00000| Untracked 
| 163|0x000000008ed00000, 0x000000008ed00000, 0x000000008ee00000|  0%| F|  |TAMS 0x000000008ed00000, 0x000000008ed00000| Untracked 
| 164|0x000000008ee00000, 0x000000008ee00000, 0x000000008ef00000|  0%| F|  |TAMS 0x000000008ee00000, 0x000000008ee00000| Untracked 
| 165|0x000000008ef00000, 0x000000008ef00000, 0x000000008f000000|  0%| F|  |TAMS 0x000000008ef00000, 0x000000008ef00000| Untracked 
| 166|0x000000008f000000, 0x000000008f000000, 0x000000008f100000|  0%| F|  |TAMS 0x000000008f000000, 0x000000008f000000| Untracked 
| 167|0x000000008f100000, 0x000000008f100000, 0x000000008f200000|  0%| F|  |TAMS 0x000000008f100000, 0x000000008f100000| Untracked 
| 168|0x000000008f200000, 0x000000008f200000, 0x000000008f300000|  0%| F|  |TAMS 0x000000008f200000, 0x000000008f200000| Untracked 
| 169|0x000000008f300000, 0x000000008f300000, 0x000000008f400000|  0%| F|  |TAMS 0x000000008f300000, 0x000000008f300000| Untracked 
| 170|0x000000008f400000, 0x000000008f400000, 0x000000008f500000|  0%| F|  |TAMS 0x000000008f400000, 0x000000008f400000| Untracked 
| 171|0x000000008f500000, 0x000000008f500000, 0x000000008f600000|  0%| F|  |TAMS 0x000000008f500000, 0x000000008f500000| Untracked 
| 172|0x000000008f600000, 0x000000008f600000, 0x000000008f700000|  0%| F|  |TAMS 0x000000008f600000, 0x000000008f600000| Untracked 
| 173|0x000000008f700000, 0x000000008f700000, 0x000000008f800000|  0%| F|  |TAMS 0x000000008f700000, 0x000000008f700000| Untracked 
| 174|0x000000008f800000, 0x000000008f800000, 0x000000008f900000|  0%| F|  |TAMS 0x000000008f800000, 0x000000008f800000| Untracked 
| 175|0x000000008f900000, 0x000000008f900000, 0x000000008fa00000|  0%| F|  |TAMS 0x000000008f900000, 0x000000008f900000| Untracked 
| 176|0x000000008fa00000, 0x000000008fa00000, 0x000000008fb00000|  0%| F|  |TAMS 0x000000008fa00000, 0x000000008fa00000| Untracked 
| 177|0x000000008fb00000, 0x000000008fb00000, 0x000000008fc00000|  0%| F|  |TAMS 0x000000008fb00000, 0x000000008fb00000| Untracked 
| 178|0x000000008fc00000, 0x000000008fc00000, 0x000000008fd00000|  0%| F|  |TAMS 0x000000008fc00000, 0x000000008fc00000| Untracked 

Card table byte_map: [0x000001c9ab960000,0x000001c9abd40000] _byte_map_base: 0x000001c9ab53b000

Marking Bits (Prev, Next): (CMBitMap*) 0x000001c994a439d0, (CMBitMap*) 0x000001c994a43a10
 Prev Bits: [0x000001c9ac120000, 0x000001c9adff8000)
 Next Bits: [0x000001c9ae000000, 0x000001c9afed8000)

Polling page: 0x000001c992960000

Metaspace:

Usage:
  Non-class:     13.71 MB used.
      Class:      2.00 MB used.
       Both:     15.71 MB used.

Virtual space:
  Non-class space:       16.00 MB reserved,      13.81 MB ( 86%) committed,  2 nodes.
      Class space:        1.00 GB reserved,       2.06 MB ( <1%) committed,  1 nodes.
             Both:        1.02 GB reserved,      15.88 MB (  2%) committed. 

Chunk freelists:
   Non-Class:  1.78 MB
       Class:  1.84 MB
        Both:  3.62 MB

MaxMetaspaceSize: unlimited
CompressedClassSpaceSize: 1.00 GB
Initial GC threshold: 21.00 MB
Current GC threshold: 21.00 MB
CDS: on
MetaspaceReclaimPolicy: balanced
 - commit_granule_bytes: 65536.
 - commit_granule_words: 8192.
 - virtual_space_node_default_size: 1048576.
 - enlarge_chunks_in_place: 1.
 - new_chunks_are_fully_committed: 0.
 - uncommit_free_chunks: 1.
 - use_allocation_guard: 0.
 - handle_deallocations: 1.


Internal statistics:

num_allocs_failed_limit: 0.
num_arena_births: 80.
num_arena_deaths: 0.
num_vsnodes_births: 3.
num_vsnodes_deaths: 0.
num_space_committed: 254.
num_space_uncommitted: 0.
num_chunks_returned_to_freelist: 0.
num_chunks_taken_from_freelist: 554.
num_chunk_merges: 0.
num_chunk_splits: 433.
num_chunks_enlarged: 378.
num_purges: 0.
num_inconsistent_stats: 0.

CodeHeap 'non-profiled nmethods': size=120000Kb used=1374Kb max_used=1374Kb free=118626Kb
 bounds [0x000001c9a3d20000, 0x000001c9a3f90000, 0x000001c9ab250000]
CodeHeap 'profiled nmethods': size=120000Kb used=3751Kb max_used=3751Kb free=116248Kb
 bounds [0x000001c99c7f0000, 0x000001c99cba0000, 0x000001c9a3d20000]
CodeHeap 'non-nmethods': size=5760Kb used=1216Kb max_used=1261Kb free=4543Kb
 bounds [0x000001c99c250000, 0x000001c99c4c0000, 0x000001c99c7f0000]
 total_blobs=2398 nmethods=1894 adapters=417
 compilation: enabled
              stopped_count=0, restarted_count=0
 full_count=0

Compilation events (20 events):
Event: 3.326 Thread 0x000001c9b291d550 nmethod 1895 0x000001c9a3e6a110 code [0x000001c9a3e6a2c0, 0x000001c9a3e6a7d8]
Event: 3.326 Thread 0x000001c9b291d550 1896       4       com.google.common.collect.AbstractIterator::hasNext (65 bytes)
Event: 3.329 Thread 0x000001c9b291d550 nmethod 1896 0x000001c9a3e6a990 code [0x000001c9a3e6ab20, 0x000001c9a3e6aed8]
Event: 3.329 Thread 0x000001c9b291d550 1897       4       org.reflections.vfs.ZipDir$1$1::computeNext (59 bytes)
Event: 3.330 Thread 0x000001c9b291dff0 1898       3       org.reflections.vfs.ZipDir$1$1::computeNext (5 bytes)
Event: 3.330 Thread 0x000001c9b291dff0 nmethod 1898 0x000001c99cb98310 code [0x000001c99cb984a0, 0x000001c99cb985e8]
Event: 3.333 Thread 0x000001c9b291d550 nmethod 1897 0x000001c9a3e6b010 code [0x000001c9a3e6b1e0, 0x000001c9a3e6b638]
Event: 3.338 Thread 0x000001c9b291d550 1899 % !   4       org.reflections.Reflections::scan @ 99 (239 bytes)
Event: 3.399 Thread 0x000001c9b291dff0 1900       3       javassist.bytecode.AnnotationsAttribute$Parser::arrayMemberValue (61 bytes)
Event: 3.399 Thread 0x000001c9b291dff0 nmethod 1900 0x000001c99cb98690 code [0x000001c99cb98880, 0x000001c99cb990e8]
Event: 3.399 Thread 0x000001c9b291dff0 1901       3       javassist.bytecode.annotation.ArrayMemberValue::<init> (18 bytes)
Event: 3.400 Thread 0x000001c9b291dff0 nmethod 1901 0x000001c99cb99390 code [0x000001c99cb99540, 0x000001c99cb997d8]
Event: 3.549 Thread 0x000001c9b291d550 nmethod 1899% 0x000001c9a3e6b990 code [0x000001c9a3e6bec0, 0x000001c9a3e73cf0]
Event: 3.550 Thread 0x000001c9b291d550 1902       4       org.reflections.Store$1::get (5 bytes)
Event: 3.553 Thread 0x000001c9b291d550 nmethod 1902 0x000001c9a3e76c90 code [0x000001c9a3e76e20, 0x000001c9a3e772d8]
Event: 3.567 Thread 0x000001c9b291d550 1903   !   4       org.reflections.Reflections::scan (239 bytes)
Event: 3.578 Thread 0x000001c9b291dff0 1907       1       org.apache.log4j.Category::getName (5 bytes)
Event: 3.578 Thread 0x000001c9b291dff0 nmethod 1907 0x000001c9a3e77510 code [0x000001c9a3e776a0, 0x000001c9a3e77778]
Event: 3.590 Thread 0x000001c9b291dff0 1908       3       jdk.internal.misc.Unsafe::checkSize (32 bytes)
Event: 3.590 Thread 0x000001c9b291dff0 nmethod 1908 0x000001c99cb99910 code [0x000001c99cb99ac0, 0x000001c99cb99d48]

GC Heap History (20 events):
Event: 1.372 GC heap after
{Heap after GC invocations=7 (full 0):
 garbage-first heap   total 152576K, used 14251K [0x0000000084a00000, 0x0000000100000000)
  region size 1024K, 5 young (5120K), 5 survivors (5120K)
 Metaspace       used 16056K, committed 16256K, reserved 1064960K
  class space    used 2043K, committed 2112K, reserved 1048576K
}
Event: 1.596 GC heap before
{Heap before GC invocations=7 (full 0):
 garbage-first heap   total 152576K, used 100267K [0x0000000084a00000, 0x0000000100000000)
  region size 1024K, 89 young (91136K), 5 survivors (5120K)
 Metaspace       used 16059K, committed 16256K, reserved 1064960K
  class space    used 2043K, committed 2112K, reserved 1048576K
}
Event: 1.599 GC heap after
{Heap after GC invocations=8 (full 0):
 garbage-first heap   total 152576K, used 15073K [0x0000000084a00000, 0x0000000100000000)
  region size 1024K, 6 young (6144K), 6 survivors (6144K)
 Metaspace       used 16059K, committed 16256K, reserved 1064960K
  class space    used 2043K, committed 2112K, reserved 1048576K
}
Event: 1.787 GC heap before
{Heap before GC invocations=8 (full 0):
 garbage-first heap   total 152576K, used 100065K [0x0000000084a00000, 0x0000000100000000)
  region size 1024K, 89 young (91136K), 6 survivors (6144K)
 Metaspace       used 16059K, committed 16256K, reserved 1064960K
  class space    used 2043K, committed 2112K, reserved 1048576K
}
Event: 1.790 GC heap after
{Heap after GC invocations=9 (full 0):
 garbage-first heap   total 152576K, used 16033K [0x0000000084a00000, 0x0000000100000000)
  region size 1024K, 7 young (7168K), 7 survivors (7168K)
 Metaspace       used 16059K, committed 16256K, reserved 1064960K
  class space    used 2043K, committed 2112K, reserved 1048576K
}
Event: 1.972 GC heap before
{Heap before GC invocations=9 (full 0):
 garbage-first heap   total 152576K, used 100001K [0x0000000084a00000, 0x0000000100000000)
  region size 1024K, 89 young (91136K), 7 survivors (7168K)
 Metaspace       used 16063K, committed 16256K, reserved 1064960K
  class space    used 2043K, committed 2112K, reserved 1048576K
}
Event: 1.976 GC heap after
{Heap after GC invocations=10 (full 0):
 garbage-first heap   total 152576K, used 16384K [0x0000000084a00000, 0x0000000100000000)
  region size 1024K, 7 young (7168K), 7 survivors (7168K)
 Metaspace       used 16063K, committed 16256K, reserved 1064960K
  class space    used 2043K, committed 2112K, reserved 1048576K
}
Event: 2.287 GC heap before
{Heap before GC invocations=10 (full 0):
 garbage-first heap   total 152576K, used 100352K [0x0000000084a00000, 0x0000000100000000)
  region size 1024K, 89 young (91136K), 7 survivors (7168K)
 Metaspace       used 16063K, committed 16256K, reserved 1064960K
  class space    used 2043K, committed 2112K, reserved 1048576K
}
Event: 2.291 GC heap after
{Heap after GC invocations=11 (full 0):
 garbage-first heap   total 183296K, used 17117K [0x0000000084a00000, 0x0000000100000000)
  region size 1024K, 7 young (7168K), 7 survivors (7168K)
 Metaspace       used 16063K, committed 16256K, reserved 1064960K
  class space    used 2043K, committed 2112K, reserved 1048576K
}
Event: 2.527 GC heap before
{Heap before GC invocations=11 (full 0):
 garbage-first heap   total 183296K, used 119517K [0x0000000084a00000, 0x0000000100000000)
  region size 1024K, 107 young (109568K), 7 survivors (7168K)
 Metaspace       used 16066K, committed 16256K, reserved 1064960K
  class space    used 2043K, committed 2112K, reserved 1048576K
}
Event: 2.530 GC heap after
{Heap after GC invocations=12 (full 0):
 garbage-first heap   total 183296K, used 17908K [0x0000000084a00000, 0x0000000100000000)
  region size 1024K, 8 young (8192K), 8 survivors (8192K)
 Metaspace       used 16066K, committed 16256K, reserved 1064960K
  class space    used 2043K, committed 2112K, reserved 1048576K
}
Event: 2.730 GC heap before
{Heap before GC invocations=12 (full 0):
 garbage-first heap   total 183296K, used 119284K [0x0000000084a00000, 0x0000000100000000)
  region size 1024K, 107 young (109568K), 8 survivors (8192K)
 Metaspace       used 16067K, committed 16256K, reserved 1064960K
  class space    used 2043K, committed 2112K, reserved 1048576K
}
Event: 2.733 GC heap after
{Heap after GC invocations=13 (full 0):
 garbage-first heap   total 183296K, used 18515K [0x0000000084a00000, 0x0000000100000000)
  region size 1024K, 8 young (8192K), 8 survivors (8192K)
 Metaspace       used 16067K, committed 16256K, reserved 1064960K
  class space    used 2043K, committed 2112K, reserved 1048576K
}
Event: 2.913 GC heap before
{Heap before GC invocations=13 (full 0):
 garbage-first heap   total 183296K, used 119891K [0x0000000084a00000, 0x0000000100000000)
  region size 1024K, 107 young (109568K), 8 survivors (8192K)
 Metaspace       used 16072K, committed 16256K, reserved 1064960K
  class space    used 2043K, committed 2112K, reserved 1048576K
}
Event: 2.919 GC heap after
{Heap after GC invocations=14 (full 0):
 garbage-first heap   total 183296K, used 19300K [0x0000000084a00000, 0x0000000100000000)
  region size 1024K, 8 young (8192K), 8 survivors (8192K)
 Metaspace       used 16072K, committed 16256K, reserved 1064960K
  class space    used 2043K, committed 2112K, reserved 1048576K
}
Event: 3.135 GC heap before
{Heap before GC invocations=14 (full 0):
 garbage-first heap   total 183296K, used 120676K [0x0000000084a00000, 0x0000000100000000)
  region size 1024K, 107 young (109568K), 8 survivors (8192K)
 Metaspace       used 16073K, committed 16256K, reserved 1064960K
  class space    used 2043K, committed 2112K, reserved 1048576K
}
Event: 3.139 GC heap after
{Heap after GC invocations=15 (full 0):
 garbage-first heap   total 183296K, used 20180K [0x0000000084a00000, 0x0000000100000000)
  region size 1024K, 8 young (8192K), 8 survivors (8192K)
 Metaspace       used 16073K, committed 16256K, reserved 1064960K
  class space    used 2043K, committed 2112K, reserved 1048576K
}
Event: 3.387 GC heap before
{Heap before GC invocations=15 (full 0):
 garbage-first heap   total 183296K, used 121556K [0x0000000084a00000, 0x0000000100000000)
  region size 1024K, 107 young (109568K), 8 survivors (8192K)
 Metaspace       used 16083K, committed 16256K, reserved 1064960K
  class space    used 2045K, committed 2112K, reserved 1048576K
}
Event: 3.391 GC heap after
{Heap after GC invocations=16 (full 0):
 garbage-first heap   total 183296K, used 20828K [0x0000000084a00000, 0x0000000100000000)
  region size 1024K, 8 young (8192K), 8 survivors (8192K)
 Metaspace       used 16083K, committed 16256K, reserved 1064960K
  class space    used 2045K, committed 2112K, reserved 1048576K
}
Event: 3.634 GC heap before
{Heap before GC invocations=16 (full 0):
 garbage-first heap   total 183296K, used 122204K [0x0000000084a00000, 0x0000000100000000)
  region size 1024K, 107 young (109568K), 8 survivors (8192K)
 Metaspace       used 16085K, committed 16256K, reserved 1064960K
  class space    used 2045K, committed 2112K, reserved 1048576K
}

Deoptimization events (20 events):
Event: 2.586 Thread 0x000001c9b3ef4750 DEOPT PACKING pc=0x000001c9a3e2e12c sp=0x0000002fee3fee90
Event: 2.586 Thread 0x000001c9b3ef4750 DEOPT UNPACKING pc=0x000001c99c2a5c23 sp=0x0000002fee3fede8 mode 2
Event: 2.869 Thread 0x000001c9b3ef4750 DEOPT PACKING pc=0x000001c99cb84d72 sp=0x0000002fee3ff1a0
Event: 2.869 Thread 0x000001c9b3ef4750 DEOPT UNPACKING pc=0x000001c99c2a6763 sp=0x0000002fee3fe6f0 mode 0
Event: 3.237 Thread 0x000001c9b3ef4750 Uncommon trap: trap_request=0xffffff45 fr.pc=0x000001c9a3e21510 relative=0x0000000000003f90
Event: 3.237 Thread 0x000001c9b3ef4750 Uncommon trap: reason=unstable_if action=reinterpret pc=0x000001c9a3e21510 method=javassist.bytecode.AttributeInfo.read(Ljavassist/bytecode/ConstPool;Ljava/io/DataInputStream;)Ljavassist/bytecode/AttributeInfo; @ 385 c2
Event: 3.237 Thread 0x000001c9b3ef4750 DEOPT PACKING pc=0x000001c9a3e21510 sp=0x0000002fee3fef50
Event: 3.237 Thread 0x000001c9b3ef4750 DEOPT UNPACKING pc=0x000001c99c2a5c23 sp=0x0000002fee3fef00 mode 2
Event: 3.316 Thread 0x000001c9b3ef4750 Uncommon trap: trap_request=0xffffffde fr.pc=0x000001c9a3e4deac relative=0x00000000000022ec
Event: 3.316 Thread 0x000001c9b3ef4750 Uncommon trap: reason=class_check action=maybe_recompile pc=0x000001c9a3e4deac method=org.reflections.Reflections.scan(Ljava/net/URL;)V @ 4 c2
Event: 3.316 Thread 0x000001c9b3ef4750 DEOPT PACKING pc=0x000001c9a3e4deac sp=0x0000002fee3ff1d0
Event: 3.316 Thread 0x000001c9b3ef4750 DEOPT UNPACKING pc=0x000001c99c2a5c23 sp=0x0000002fee3ff1f8 mode 2
Event: 3.319 Thread 0x000001c9b3ef4750 Uncommon trap: trap_request=0xffffffde fr.pc=0x000001c9a3e391e0 relative=0x0000000000001c20
Event: 3.319 Thread 0x000001c9b3ef4750 Uncommon trap: reason=class_check action=maybe_recompile pc=0x000001c9a3e391e0 method=org.reflections.adapters.JavassistAdapter.getOfCreateClassObject(Lorg/reflections/vfs/Vfs$File;)Ljavassist/bytecode/ClassFile; @ 3 c2
Event: 3.319 Thread 0x000001c9b3ef4750 DEOPT PACKING pc=0x000001c9a3e391e0 sp=0x0000002fee3ff160
Event: 3.319 Thread 0x000001c9b3ef4750 DEOPT UNPACKING pc=0x000001c99c2a5c23 sp=0x0000002fee3ff088 mode 2
Event: 3.319 Thread 0x000001c9b3ef4750 Uncommon trap: trap_request=0xffffffde fr.pc=0x000001c9a3e391e0 relative=0x0000000000001c20
Event: 3.319 Thread 0x000001c9b3ef4750 Uncommon trap: reason=class_check action=maybe_recompile pc=0x000001c9a3e391e0 method=org.reflections.adapters.JavassistAdapter.getOfCreateClassObject(Lorg/reflections/vfs/Vfs$File;)Ljavassist/bytecode/ClassFile; @ 3 c2
Event: 3.319 Thread 0x000001c9b3ef4750 DEOPT PACKING pc=0x000001c9a3e391e0 sp=0x0000002fee3ff160
Event: 3.319 Thread 0x000001c9b3ef4750 DEOPT UNPACKING pc=0x000001c99c2a5c23 sp=0x0000002fee3ff088 mode 2

Classes unloaded (0 events):
No events

Classes redefined (0 events):
No events

Internal exceptions (20 events):
Event: 0.116 Thread 0x000001c994a053e0 Exception <a 'sun/nio/fs/WindowsException'{0x000000008c02ff78}> (0x000000008c02ff78) 
thrown [t:\workspace\open\src\hotspot\share\prims\jni.cpp, line 516]
Event: 0.117 Thread 0x000001c994a053e0 Exception <a 'sun/nio/fs/WindowsException'{0x000000008c030ab0}> (0x000000008c030ab0) 
thrown [t:\workspace\open\src\hotspot\share\prims\jni.cpp, line 516]
Event: 0.120 Thread 0x000001c994a053e0 Exception <a 'java/lang/NoSuchMethodError'{0x000000008c038ab8}: 'void java.lang.invoke.DirectMethodHandle$Holder.invokeVirtual(java.lang.Object, java.lang.Object)'> (0x000000008c038ab8) 
thrown [t:\workspace\open\src\hotspot\share\interpreter\linkResolver.cpp, line 766]
Event: 0.174 Thread 0x000001c994a053e0 Exception <a 'java/lang/NoSuchMethodError'{0x000000008bea3598}: 'int java.lang.invoke.DirectMethodHandle$Holder.invokeVirtual(java.lang.Object, java.lang.Object)'> (0x000000008bea3598) 
thrown [t:\workspace\open\src\hotspot\share\interpreter\linkResolver.cpp, line 766]
Event: 0.253 Thread 0x000001c994a053e0 Exception <a 'java/lang/NoSuchMethodError'{0x000000008b947da8}: 'int java.lang.invoke.DirectMethodHandle$Holder.invokeStaticInit(java.lang.Object, java.lang.Object, java.lang.Object)'> (0x000000008b947da8) 
thrown [t:\workspace\open\src\hotspot\share\interpreter\linkResolver.cpp, line 766]
Event: 0.268 Thread 0x000001c994a053e0 Exception <a 'java/lang/NoSuchMethodError'{0x000000008b82dc98}: 'java.lang.Object java.lang.invoke.DirectMethodHandle$Holder.newInvokeSpecial(java.lang.Object, java.lang.Object, java.lang.Object, java.lang.Object, java.lang.Object)'> (0x000000008b82dc98) 
thrown [t:\workspace\open\src\hotspot\share\interpreter\linkResolver.cpp, line 766]
Event: 0.270 Thread 0x000001c994a053e0 Exception <a 'java/lang/NoSuchMethodError'{0x000000008b83ec00}: 'java.lang.Object java.lang.invoke.DirectMethodHandle$Holder.newInvokeSpecial(java.lang.Object, java.lang.Object, int, java.lang.Object)'> (0x000000008b83ec00) 
thrown [t:\workspace\open\src\hotspot\share\interpreter\linkResolver.cpp, line 766]
Event: 0.270 Thread 0x000001c994a053e0 Exception <a 'java/lang/NoSuchMethodError'{0x000000008b842e60}: 'java.lang.Object java.lang.invoke.DirectMethodHandle$Holder.invokeSpecial(java.lang.Object, java.lang.Object, java.lang.Object, int, java.lang.Object)'> (0x000000008b842e60) 
thrown [t:\workspace\open\src\hotspot\share\interpreter\linkResolver.cpp, line 766]
Event: 0.310 Thread 0x000001c994a053e0 Exception <a 'java/lang/NoSuchMethodError'{0x000000008b7df5b0}: 'void java.lang.invoke.DirectMethodHandle$Holder.invokeSpecial(java.lang.Object, java.lang.Object, java.lang.Object)'> (0x000000008b7df5b0) 
thrown [t:\workspace\open\src\hotspot\share\interpreter\linkResolver.cpp, line 766]
Event: 0.311 Thread 0x000001c994a053e0 Exception <a 'java/lang/NoSuchMethodError'{0x000000008b7e6298}: 'void java.lang.invoke.DirectMethodHandle$Holder.invokeStatic(java.lang.Object, java.lang.Object, java.lang.Object, java.lang.Object)'> (0x000000008b7e6298) 
thrown [t:\workspace\open\src\hotspot\share\interpreter\linkResolver.cpp, line 766]
Event: 0.316 Thread 0x000001c994a053e0 Exception <a 'java/lang/NoSuchMethodError'{0x000000008b610f68}: 'java.lang.Object java.lang.invoke.DirectMethodHandle$Holder.newInvokeSpecial(java.lang.Object, java.lang.Object, int)'> (0x000000008b610f68) 
thrown [t:\workspace\open\src\hotspot\share\interpreter\linkResolver.cpp, line 766]
Event: 0.319 Thread 0x000001c994a053e0 Exception <a 'java/lang/NoSuchMethodError'{0x000000008b63a6a0}: 'void java.lang.invoke.DirectMethodHandle$Holder.invokeSpecial(java.lang.Object, java.lang.Object, java.lang.Object, java.lang.Object, java.lang.Object)'> (0x000000008b63a6a0) 
thrown [t:\workspace\open\src\hotspot\share\interpreter\linkResolver.cpp, line 766]
Event: 0.361 Thread 0x000001c994a053e0 Exception <a 'java/lang/NoSuchMethodError'{0x000000008b315b70}: 'int java.lang.invoke.DirectMethodHandle$Holder.invokeSpecial(java.lang.Object, java.lang.Object, java.lang.Object)'> (0x000000008b315b70) 
thrown [t:\workspace\open\src\hotspot\share\interpreter\linkResolver.cpp, line 766]
Event: 0.465 Thread 0x000001c994a053e0 Exception <a 'java/lang/NoSuchMethodError'{0x000000008c3e6ee0}: 'java.lang.Object java.lang.invoke.DirectMethodHandle$Holder.invokeStaticInit(java.lang.Object)'> (0x000000008c3e6ee0) 
thrown [t:\workspace\open\src\hotspot\share\interpreter\linkResolver.cpp, line 766]
Event: 0.524 Thread 0x000001c994a053e0 Exception <a 'java/lang/NoSuchMethodError'{0x000000008b6d17d8}: 'java.lang.Object java.lang.invoke.DirectMethodHandle$Holder.invokeStaticInit(java.lang.Object, int, int, int, int)'> (0x000000008b6d17d8) 
thrown [t:\workspace\open\src\hotspot\share\interpreter\linkResolver.cpp, line 766]
Event: 0.608 Thread 0x000001c994a053e0 Exception <a 'java/lang/NoSuchMethodError'{0x000000008b8e7540}: 'java.lang.Object java.lang.invoke.DirectMethodHandle$Holder.invokeStaticInit(java.lang.Object, java.lang.Object, int, int, int, int)'> (0x000000008b8e7540) 
thrown [t:\workspace\open\src\hotspot\share\interpreter\linkResolver.cpp, line 766]
Event: 0.618 Thread 0x000001c994a053e0 Exception <a 'java/lang/UnsatisfiedLinkError'{0x000000008b8f1898}: 'int io.grpc.netty.shaded.io.netty.channel.epoll.Native.offsetofEpollData()'> (0x000000008b8f1898) 
thrown [t:\workspace\open\src\hotspot\share\prims\nativeLookup.cpp, line 543]
Event: 0.619 Thread 0x000001c994a053e0 Exception <a 'java/lang/ExceptionInInitializerError'{0x000000008b8f29a0}> (0x000000008b8f29a0) 
thrown [t:\workspace\open\src\hotspot\share\oops\instanceKlass.cpp, line 1168]
Event: 0.712 Thread 0x000001c994a053e0 Exception <a 'java/lang/NoSuchMethodError'{0x0000000089860988}: 'void java.lang.invoke.DirectMethodHandle$Holder.invokeInterface(java.lang.Object, java.lang.Object)'> (0x0000000089860988) 
thrown [t:\workspace\open\src\hotspot\share\interpreter\linkResolver.cpp, line 766]
Event: 2.585 Thread 0x000001c9b3ef4750 Implicit null exception at 0x000001c9a3e28251 to 0x000001c9a3e29470

VM Operations (20 events):
Event: 2.291 Executing VM operation: G1CollectForAllocation done
Event: 2.527 Executing VM operation: G1CollectForAllocation
Event: 2.530 Executing VM operation: G1CollectForAllocation done
Event: 2.730 Executing VM operation: G1CollectForAllocation
Event: 2.734 Executing VM operation: G1CollectForAllocation done
Event: 2.913 Executing VM operation: G1CollectForAllocation
Event: 2.919 Executing VM operation: G1CollectForAllocation done
Event: 3.135 Executing VM operation: G1CollectForAllocation
Event: 3.139 Executing VM operation: G1CollectForAllocation done
Event: 3.318 Executing VM operation: HandshakeAllThreads
Event: 3.318 Executing VM operation: HandshakeAllThreads done
Event: 3.318 Executing VM operation: HandshakeAllThreads
Event: 3.318 Executing VM operation: HandshakeAllThreads done
Event: 3.318 Executing VM operation: HandshakeAllThreads
Event: 3.318 Executing VM operation: HandshakeAllThreads done
Event: 3.319 Executing VM operation: HandshakeAllThreads
Event: 3.319 Executing VM operation: HandshakeAllThreads done
Event: 3.387 Executing VM operation: G1CollectForAllocation
Event: 3.391 Executing VM operation: G1CollectForAllocation done
Event: 3.634 Executing VM operation: G1CollectForAllocation

Events (20 events):
Event: 1.004 loading class java/util/concurrent/ConcurrentLinkedQueue$Node done
Event: 1.008 loading class java/util/ServiceConfigurationError
Event: 1.008 loading class java/util/ServiceConfigurationError done
Event: 1.026 loading class sun/nio/ch/IOVecWrapper
Event: 1.026 loading class sun/nio/ch/IOVecWrapper done
Event: 1.026 loading class sun/nio/ch/AllocatedNativeObject
Event: 1.027 loading class sun/nio/ch/NativeObject
Event: 1.027 loading class sun/nio/ch/NativeObject done
Event: 1.027 loading class sun/nio/ch/AllocatedNativeObject done
Event: 1.027 loading class sun/nio/ch/IOVecWrapper$Deallocator
Event: 1.027 loading class sun/nio/ch/IOVecWrapper$Deallocator done
Event: 1.043 loading class java/util/zip/DataFormatException
Event: 1.043 loading class java/util/zip/DataFormatException done
Event: 1.073 Thread 0x000001c9b47c2980 Thread added: 0x000001c9b47c2980
Event: 1.075 loading class java/util/concurrent/locks/AbstractQueuedSynchronizer$SharedNode
Event: 1.075 loading class java/util/concurrent/locks/AbstractQueuedSynchronizer$Node
Event: 1.075 loading class java/util/concurrent/locks/AbstractQueuedSynchronizer$Node done
Event: 1.075 loading class java/util/concurrent/locks/AbstractQueuedSynchronizer$SharedNode done
Event: 1.075 loading class java/util/concurrent/locks/AbstractQueuedSynchronizer$ExclusiveNode
Event: 1.075 loading class java/util/concurrent/locks/AbstractQueuedSynchronizer$ExclusiveNode done


Dynamic libraries:
0x00007ff719220000 - 0x00007ff719230000 	C:\Program Files\Java\jdk-17.0.2\bin\java.exe
0x00007ff8553b0000 - 0x00007ff8555a5000 	C:\WINDOWS\SYSTEM32\ntdll.dll
0x00007ff855110000 - 0x00007ff8551ce000 	C:\WINDOWS\System32\KERNEL32.DLL
0x00007ff852b00000 - 0x00007ff852dc8000 	C:\WINDOWS\System32\KERNELBASE.dll
0x00007ff853270000 - 0x00007ff853370000 	C:\WINDOWS\System32\ucrtbase.dll
0x00007ff83c0c0000 - 0x00007ff83c0da000 	C:\Program Files\Java\jdk-17.0.2\bin\VCRUNTIME140.dll
0x00007ff83d970000 - 0x00007ff83d988000 	C:\Program Files\Java\jdk-17.0.2\bin\jli.dll
0x00007ff854a00000 - 0x00007ff854aae000 	C:\WINDOWS\System32\ADVAPI32.dll
0x00007ff854fe0000 - 0x00007ff85507e000 	C:\WINDOWS\System32\msvcrt.dll
0x00007ff8536f0000 - 0x00007ff85378c000 	C:\WINDOWS\System32\sechost.dll
0x00007ff854090000 - 0x00007ff8541b5000 	C:\WINDOWS\System32\RPCRT4.dll
0x00007ff8551d0000 - 0x00007ff855370000 	C:\WINDOWS\System32\USER32.dll
0x00007ff83c790000 - 0x00007ff83ca2a000 	C:\WINDOWS\WinSxS\amd64_microsoft.windows.common-controls_6595b64144ccf1df_6.0.19041.1110_none_60b5254171f9507e\COMCTL32.dll
0x00007ff853120000 - 0x00007ff853142000 	C:\WINDOWS\System32\win32u.dll
0x00007ff8536c0000 - 0x00007ff8536eb000 	C:\WINDOWS\System32\GDI32.dll
0x00007ff852f80000 - 0x00007ff85308b000 	C:\WINDOWS\System32\gdi32full.dll
0x00007ff853370000 - 0x00007ff85340d000 	C:\WINDOWS\System32\msvcp_win.dll
0x00007ff843d90000 - 0x00007ff843d9a000 	C:\WINDOWS\SYSTEM32\VERSION.dll
0x00007ff854e80000 - 0x00007ff854eb0000 	C:\WINDOWS\System32\IMM32.DLL
0x00007ff847440000 - 0x00007ff84744c000 	C:\Program Files\Java\jdk-17.0.2\bin\vcruntime140_1.dll
0x00007ff81e070000 - 0x00007ff81e0fd000 	C:\Program Files\Java\jdk-17.0.2\bin\msvcp140.dll
0x00007fffc5570000 - 0x00007fffc6131000 	C:\Program Files\Java\jdk-17.0.2\bin\server\jvm.dll
0x00007ff854d60000 - 0x00007ff854d68000 	C:\WINDOWS\System32\PSAPI.DLL
0x00007ff8394b0000 - 0x00007ff8394d7000 	C:\WINDOWS\SYSTEM32\WINMM.dll
0x00007ff847fb0000 - 0x00007ff847fb9000 	C:\WINDOWS\SYSTEM32\WSOCK32.dll
0x00007ff854eb0000 - 0x00007ff854f1b000 	C:\WINDOWS\System32\WS2_32.dll
0x00007ff851370000 - 0x00007ff851382000 	C:\WINDOWS\SYSTEM32\kernel.appcore.dll
0x00007ff840750000 - 0x00007ff84075a000 	C:\Program Files\Java\jdk-17.0.2\bin\jimage.dll
0x00007ff8504a0000 - 0x00007ff850684000 	C:\WINDOWS\SYSTEM32\DBGHELP.DLL
0x00007ff832550000 - 0x00007ff83257c000 	C:\WINDOWS\SYSTEM32\dbgcore.DLL
0x00007ff853090000 - 0x00007ff853112000 	C:\WINDOWS\System32\bcryptPrimitives.dll
0x00007ff82c6e0000 - 0x00007ff82c705000 	C:\Program Files\Java\jdk-17.0.2\bin\java.dll
0x00007ff816f10000 - 0x00007ff816fe6000 	C:\Program Files\Java\jdk-17.0.2\bin\jsvml.dll
0x00007ff853940000 - 0x00007ff854084000 	C:\WINDOWS\System32\SHELL32.dll
0x00007ff850b30000 - 0x00007ff8512c4000 	C:\WINDOWS\SYSTEM32\windows.storage.dll
0x00007ff8546a0000 - 0x00007ff8549f4000 	C:\WINDOWS\System32\combase.dll
0x00007ff852530000 - 0x00007ff85255c000 	C:\WINDOWS\SYSTEM32\Wldp.dll
0x00007ff854d70000 - 0x00007ff854e1d000 	C:\WINDOWS\System32\SHCORE.dll
0x00007ff853410000 - 0x00007ff853465000 	C:\WINDOWS\System32\shlwapi.dll
0x00007ff852a10000 - 0x00007ff852a2f000 	C:\WINDOWS\SYSTEM32\profapi.dll
0x00007ff82c6c0000 - 0x00007ff82c6d9000 	C:\Program Files\Java\jdk-17.0.2\bin\net.dll
0x00007ff849a80000 - 0x00007ff849b89000 	C:\WINDOWS\SYSTEM32\WINHTTP.dll
0x00007ff852290000 - 0x00007ff8522fa000 	C:\WINDOWS\system32\mswsock.dll
0x00007ff82a320000 - 0x00007ff82a336000 	C:\Program Files\Java\jdk-17.0.2\bin\nio.dll
0x00007ff82a300000 - 0x00007ff82a318000 	C:\Program Files\Java\jdk-17.0.2\bin\zip.dll
0x00007ff83d960000 - 0x00007ff83d970000 	C:\Program Files\Java\jdk-17.0.2\bin\verify.dll
0x00007ff83c550000 - 0x00007ff83c559000 	C:\Program Files\Java\jdk-17.0.2\bin\management.dll
0x00007ff83ad20000 - 0x00007ff83ad2b000 	C:\Program Files\Java\jdk-17.0.2\bin\management_ext.dll
0x00007ff828120000 - 0x00007ff82812e000 	C:\Program Files\Java\jdk-17.0.2\bin\sunmscapi.dll
0x00007ff852e20000 - 0x00007ff852f76000 	C:\WINDOWS\System32\CRYPT32.dll
0x00007ff8525a0000 - 0x00007ff8525c7000 	C:\WINDOWS\SYSTEM32\ncrypt.dll
0x00007ff852560000 - 0x00007ff85259b000 	C:\WINDOWS\SYSTEM32\NTASN1.dll
0x00007ff828110000 - 0x00007ff828117000 	C:\WINDOWS\system32\wshunix.dll
0x00007ff852480000 - 0x00007ff852498000 	C:\WINDOWS\SYSTEM32\CRYPTSP.dll
0x00007ff851ba0000 - 0x00007ff851bd4000 	C:\WINDOWS\system32\rsaenh.dll
0x00007ff852ad0000 - 0x00007ff852af7000 	C:\WINDOWS\System32\bcrypt.dll
0x00007ff8529d0000 - 0x00007ff8529fe000 	C:\WINDOWS\SYSTEM32\USERENV.dll
0x00007ff8524a0000 - 0x00007ff8524ac000 	C:\WINDOWS\SYSTEM32\CRYPTBASE.dll
0x00007ff851f30000 - 0x00007ff851f6b000 	C:\WINDOWS\SYSTEM32\IPHLPAPI.DLL
0x00007ff854fd0000 - 0x00007ff854fd8000 	C:\WINDOWS\System32\NSI.dll
0x00007ff843b20000 - 0x00007ff843b37000 	C:\WINDOWS\SYSTEM32\dhcpcsvc6.DLL
0x00007ff845770000 - 0x00007ff84578d000 	C:\WINDOWS\SYSTEM32\dhcpcsvc.DLL
0x00007ff851f70000 - 0x00007ff85203a000 	C:\WINDOWS\SYSTEM32\DNSAPI.dll
0x00007ff83a550000 - 0x00007ff83a567000 	C:\WINDOWS\system32\napinsp.dll
0x00007ff831ec0000 - 0x00007ff831edb000 	C:\WINDOWS\system32\pnrpnsp.dll
0x00007ff849ba0000 - 0x00007ff849bb5000 	C:\WINDOWS\system32\wshbth.dll
0x00007ff84dd20000 - 0x00007ff84dd3d000 	C:\WINDOWS\system32\NLAapi.dll
0x00007ff8315f0000 - 0x00007ff831602000 	C:\WINDOWS\System32\winrnr.dll
0x00007ff8456d0000 - 0x00007ff8456da000 	C:\Windows\System32\rasadhlp.dll
0x00007ff843ba0000 - 0x00007ff843c1f000 	C:\WINDOWS\System32\fwpuclnt.dll

dbghelp: loaded successfully - version: 4.0.5 - missing functions: none
symbol engine: initialized successfully - sym options: 0x614 - pdb path: .;C:\Program Files\Java\jdk-17.0.2\bin;C:\WINDOWS\SYSTEM32;C:\WINDOWS\WinSxS\amd64_microsoft.windows.common-controls_6595b64144ccf1df_6.0.19041.1110_none_60b5254171f9507e;C:\Program Files\Java\jdk-17.0.2\bin\server

VM Arguments:
jvm_args: -Dfile.encoding=UTF-8 
java_command: com.thoughtworks.gauge.GaugeRuntime --start
java_class_path (initial): C:\Users\testinium\.jdks\corretto-1.8.0_322\jre\lib\charsets.jar;C:\Users\testinium\.jdks\corretto-1.8.0_322\jre\lib\ext\access-bridge-64.jar;C:\Users\testinium\.jdks\corretto-1.8.0_322\jre\lib\ext\cldrdata.jar;C:\Users\testinium\.jdks\corretto-1.8.0_322\jre\lib\ext\dnsns.jar;C:\Users\testinium\.jdks\corretto-1.8.0_322\jre\lib\ext\jaccess.jar;C:\Users\testinium\.jdks\corretto-1.8.0_322\jre\lib\ext\jfxrt.jar;C:\Users\testinium\.jdks\corretto-1.8.0_322\jre\lib\ext\localedata.jar;C:\Users\testinium\.jdks\corretto-1.8.0_322\jre\lib\ext\nashorn.jar;C:\Users\testinium\.jdks\corretto-1.8.0_322\jre\lib\ext\sunec.jar;C:\Users\testinium\.jdks\corretto-1.8.0_322\jre\lib\ext\sunjce_provider.jar;C:\Users\testinium\.jdks\corretto-1.8.0_322\jre\lib\ext\sunmscapi.jar;C:\Users\testinium\.jdks\corretto-1.8.0_322\jre\lib\ext\sunpkcs11.jar;C:\Users\testinium\.jdks\corretto-1.8.0_322\jre\lib\ext\zipfs.jar;C:\Users\testinium\.jdks\corretto-1.8.0_322\jre\lib\jce.jar;C:\Users\testinium\.jdks\corretto-1.8.0_322\jre\lib\jfr.jar;C:\Users\testinium\.jdks\corretto-1.8.0_322\jre\lib\jfxswt.jar;C:\Users\testinium\.jdks\corretto-1.8.0_322\jre\lib\jsse.jar;C:\Users\testinium\.jdks\corretto-1.8.0_322\jre\lib\management-agent.jar;C:\Users\testinium\.jdks\corretto-1.8.0_322\jre\lib\resources.jar;C:\Users\testinium\.jdks\corretto-1.8.0_322\jre\lib\rt.jar;C:\Users\testinium\IdeaProjects\OzdilekProject\target\test-classes;C:\Users\testinium\.m2\repository\junit\junit\4.12\junit-4.12.jar;C:\Users\testinium\.m2\repository\org\hamcrest\hamcrest-core\1.3\hamcrest-core-1.3.jar;C:\Users\testinium\.m2\repository\com\thoughtworks\gauge\gauge-java\0.7.13\gauge-java-0.7.13.jar;C:\Users\testinium\.m2\repository\org\assertj\assertj-core\3.17.2\assertj-core-3.17.2.jar;C:\Users\testinium\.m2\repository\org\reflections\reflections\0.9.9\reflections-0.9.9.jar;C:\Users\testinium\.m2\repository\org\javassist\javassist\3.18.2-GA\javassist-3.18.2-GA.jar;C:\Users\testinium\.m2\repository\com\goog
Launcher Type: SUN_STANDARD

[Global flags]
     intx CICompilerCount                          = 4                                         {product} {ergonomic}
     uint ConcGCThreads                            = 2                                         {product} {ergonomic}
     uint G1ConcRefinementThreads                  = 8                                         {product} {ergonomic}
   size_t G1HeapRegionSize                         = 1048576                                   {product} {ergonomic}
    uintx GCDrainStackTargetSize                   = 64                                        {product} {ergonomic}
   size_t InitialHeapSize                          = 130023424                                 {product} {ergonomic}
   size_t MarkStackSize                            = 4194304                                   {product} {ergonomic}
   size_t MaxHeapSize                              = 2069889024                                {product} {ergonomic}
   size_t MaxNewSize                               = 1241513984                                {product} {ergonomic}
   size_t MinHeapDeltaBytes                        = 1048576                                   {product} {ergonomic}
   size_t MinHeapSize                              = 8388608                                   {product} {ergonomic}
    uintx NonNMethodCodeHeapSize                   = 5839372                                {pd product} {ergonomic}
    uintx NonProfiledCodeHeapSize                  = 122909434                              {pd product} {ergonomic}
    uintx ProfiledCodeHeapSize                     = 122909434                              {pd product} {ergonomic}
    uintx ReservedCodeCacheSize                    = 251658240                              {pd product} {ergonomic}
     bool SegmentedCodeCache                       = true                                      {product} {ergonomic}
   size_t SoftMaxHeapSize                          = 2069889024                             {manageable} {ergonomic}
     bool UseCompressedClassPointers               = true                           {product lp64_product} {ergonomic}
     bool UseCompressedOops                        = true                           {product lp64_product} {ergonomic}
     bool UseG1GC                                  = true                                      {product} {ergonomic}
     bool UseLargePagesIndividualAllocation        = false                                  {pd product} {ergonomic}

Logging:
Log output configuration:
 #0: stdout all=warning uptime,level,tags
 #1: stderr all=off uptime,level,tags

Environment Variables:
JAVA_HOME=C:\Program Files\Java\jdk-17.0.2
CLASSPATH=C:\Users\testinium\.jdks\corretto-1.8.0_322\jre\lib\charsets.jar;C:\Users\testinium\.jdks\corretto-1.8.0_322\jre\lib\ext\access-bridge-64.jar;C:\Users\testinium\.jdks\corretto-1.8.0_322\jre\lib\ext\cldrdata.jar;C:\Users\testinium\.jdks\corretto-1.8.0_322\jre\lib\ext\dnsns.jar;C:\Users\testinium\.jdks\corretto-1.8.0_322\jre\lib\ext\jaccess.jar;C:\Users\testinium\.jdks\corretto-1.8.0_322\jre\lib\ext\jfxrt.jar;C:\Users\testinium\.jdks\corretto-1.8.0_322\jre\lib\ext\localedata.jar;C:\Users\testinium\.jdks\corretto-1.8.0_322\jre\lib\ext\nashorn.jar;C:\Users\testinium\.jdks\corretto-1.8.0_322\jre\lib\ext\sunec.jar;C:\Users\testinium\.jdks\corretto-1.8.0_322\jre\lib\ext\sunjce_provider.jar;C:\Users\testinium\.jdks\corretto-1.8.0_322\jre\lib\ext\sunmscapi.jar;C:\Users\testinium\.jdks\corretto-1.8.0_322\jre\lib\ext\sunpkcs11.jar;C:\Users\testinium\.jdks\corretto-1.8.0_322\jre\lib\ext\zipfs.jar;C:\Users\testinium\.jdks\corretto-1.8.0_322\jre\lib\jce.jar;C:\Users\testinium\.jdks\corretto-1.8.0_322\jre\lib\jfr.jar;C:\Users\testinium\.jdks\corretto-1.8.0_322\jre\lib\jfxswt.jar;C:\Users\testinium\.jdks\corretto-1.8.0_322\jre\lib\jsse.jar;C:\Users\testinium\.jdks\corretto-1.8.0_322\jre\lib\management-agent.jar;C:\Users\testinium\.jdks\corretto-1.8.0_322\jre\lib\resources.jar;C:\Users\testinium\.jdks\corretto-1.8.0_322\jre\lib\rt.jar;C:\Users\testinium\IdeaProjects\OzdilekProject\target\test-classes;C:\Users\testinium\.m2\repository\junit\junit\4.12\junit-4.12.jar;C:\Users\testinium\.m2\repository\org\hamcrest\hamcrest-core\1.3\hamcrest-core-1.3.jar;C:\Users\testinium\.m2\repository\com\thoughtworks\gauge\gauge-java\0.7.13\gauge-java-0.7.13.jar;C:\Users\testinium\.m2\repository\org\assertj\assertj-core\3.17.2\assertj-core-3.17.2.jar;C:\Users\testinium\.m2\repository\org\reflections\reflections\0.9.9\reflections-0.9.9.jar;C:\Users\testinium\.m2\repository\org\javassist\javassist\3.18.2-GA\javassist-3.18.2-GA.jar;C:\Users\testinium\.m2\repository\com\google\code\findbugs\annotation
PATH=C:\Program Files\Common Files\Oracle\Java\javapath;C:\Windows\system32;C:\Windows;C:\Windows\System32\Wbem;C:\Windows\System32\WindowsPowerShell\v1.0\;C:\Windows\System32\OpenSSH\;C:\Program Files\NVIDIA Corporation\NVIDIA NvDLISR;C:\WINDOWS\system32;C:\WINDOWS;C:\WINDOWS\System32\Wbem;C:\WINDOWS\System32\WindowsPowerShell\v1.0\;C:\WINDOWS\System32\OpenSSH\;C:\Program Files\Git\cmd;C:\Program Files\nodejs\;C:\Program Files\Java\jdk-17.0.2;C:\Program Files\maven\apache-maven-3.8.5\bin;C:\Program Files\Gauge\bin;C:\Program Files\Android\Android Studio1\bin;C:\Program Files\dotnet\;C:\Program Files (x86)\Micro Focus\Unified Functional Testing\bin;C:\Users\testinium\AppData\Local\Android\Sdk\tools;C:\Users\testinium\AppData\Local\Android\Sdk\platform-tools;C:\Users\testinium\AppData\Local\Android\Sdk\build-tools;C:\Users\testinium\AppData\Local\Microsoft\WindowsApps;C:\Program Files\JetBrains\IntelliJ IDEA Community Edition 2021.3.3\bin;;C:\Users\testinium\AppData\Local\GitHubDesktop\bin;C:\Users\testinium\AppData\Roaming\npm;C:\Program Files\JetBrains\IntelliJ IDEA 2021.3.3\bin;;C:\Users\testinium\.dotnet\tools;C:\Users\testinium\AppData\Roaming\gauge\plugins\screenshot\0.0.1
USERNAME=testinium
OS=Windows_NT
PROCESSOR_IDENTIFIER=Intel64 Family 6 Model 140 Stepping 1, GenuineIntel



---------------  S Y S T E M  ---------------

OS:
 Windows 10 , 64 bit Build 19041 (10.0.19041.1566)
OS uptime: 0 days 13:10 hours

CPU: total 8 (initial active 8) (4 cores per cpu, 2 threads per core) family 6 model 140 stepping 1 microcode 0x9a, cx8, cmov, fxsr, ht, mmx, 3dnowpref, sse, sse2, sse3, ssse3, sse4.1, sse4.2, popcnt, lzcnt, tsc, tscinvbit, avx, avx2, aes, erms, clmul, bmi1, bmi2, adx, avx512f, avx512dq, avx512cd, avx512bw, avx512vl, sha, fma, vzeroupper, avx512_vpopcntdq, avx512_vpclmulqdq, avx512_vaes, avx512_vnni, clflush, clflushopt, clwb, avx512_vbmi2, avx512_vbmi

Memory: 4k page, system-wide physical 7890M (183M free)
TotalPageFile size 32466M (AvailPageFile size 30M)
current process WorkingSet (physical memory assigned to process): 228M, peak: 230M
current process commit charge ("private bytes"): 308M, peak: 344M

vm_info: Java HotSpot(TM) 64-Bit Server VM (17.0.2+8-LTS-86) for windows-amd64 JRE (17.0.2+8-LTS-86), built on Dec  7 2021 21:51:03 by "mach5one" with MS VC++ 16.8 / 16.9 (VS2019)

END.
